Mon 05 Jun 2017 09:35:34 API.py [line:603] INFO start
Mon 05 Jun 2017 09:35:34 API.py [line:635] INFO thread 0 start.
Mon 05 Jun 2017 09:35:34 API.py [line:638] INFO thread 0's token_index 185
Mon 05 Jun 2017 09:35:34 API.py [line:639] INFO {u'access_token': u'713232458104242176-zrbeSiHKO0XESD8RaqXHRuqKPf8Ji7e', u'consumer_secret': u'LivsS9DTKh4Xmfo2vOG2tpKmrj8lxsYqiDgZLamPBJahFqnjUo', u'consumer_key': u'fO4lXV6LLz5e1Ew6uRDtvXpIQ', u'access_token_secret': u'jTaTTjf7ceHRwaYgikvdqh85c74N48rGpmGxjw37VhSvt'}
Mon 05 Jun 2017 09:35:34 API.py [line:640] INFO ['terrorism, kill, dead, bomb, shoot,shooting,die,died,terrorist,died']
Mon 05 Jun 2017 09:35:34 API.py [line:641] INFO ['222.197.180.150:8118']
Mon 05 Jun 2017 09:35:35 API.py [line:655] INFO 871540959208628224
Mon 05 Jun 2017 09:35:35 API.py [line:655] INFO 871540959917424641
Mon 05 Jun 2017 09:35:35 API.py [line:655] INFO 871540959724490752
Mon 05 Jun 2017 09:35:35 API.py [line:655] INFO 871540960177434624
Mon 05 Jun 2017 09:35:35 API.py [line:655] INFO 871540959972032512
Mon 05 Jun 2017 09:35:35 API.py [line:655] INFO 871540960089448448
Mon 05 Jun 2017 09:35:35 API.py [line:655] INFO 871540960366342144
Mon 05 Jun 2017 09:35:35 API.py [line:655] INFO 871540960118927364
Mon 05 Jun 2017 09:35:35 API.py [line:655] INFO 871540960148279296
Mon 05 Jun 2017 09:35:36 API.py [line:655] INFO 871540960013950976
Mon 05 Jun 2017 09:35:36 API.py [line:655] INFO 871540959976112129
Mon 05 Jun 2017 09:35:36 API.py [line:655] INFO 871540960316051456
Mon 05 Jun 2017 09:35:36 API.py [line:655] INFO 871540960160821248
Mon 05 Jun 2017 09:35:36 API.py [line:655] INFO 871540960278138880
Mon 05 Jun 2017 09:35:36 API.py [line:655] INFO 871540960471265284
Mon 05 Jun 2017 09:35:36 API.py [line:655] INFO 871540960198610945
Mon 05 Jun 2017 09:35:36 API.py [line:655] INFO 871540960538308608
Mon 05 Jun 2017 09:35:36 API.py [line:655] INFO 871540960890507264
Mon 05 Jun 2017 09:35:36 API.py [line:655] INFO 871540960643121153
Mon 05 Jun 2017 09:35:36 API.py [line:655] INFO 871540959863091202
Mon 05 Jun 2017 09:35:36 API.py [line:655] INFO 871540960861143040
Mon 05 Jun 2017 09:35:36 API.py [line:655] INFO 871540959082934273
Mon 05 Jun 2017 09:35:36 API.py [line:655] INFO 871540960550715392
Mon 05 Jun 2017 09:35:36 API.py [line:655] INFO 871540960999747586
Mon 05 Jun 2017 09:35:36 API.py [line:655] INFO 871540960915836932
Mon 05 Jun 2017 09:35:36 API.py [line:655] INFO 871540961418985472
Mon 05 Jun 2017 09:35:36 API.py [line:655] INFO 871540961574244353
Mon 05 Jun 2017 09:35:36 API.py [line:655] INFO 871540961167507456
Mon 05 Jun 2017 09:35:36 API.py [line:655] INFO 871540960949305344
Mon 05 Jun 2017 09:35:36 API.py [line:655] INFO 871540961637216256
Mon 05 Jun 2017 09:35:36 API.py [line:655] INFO 871540961905704962
Mon 05 Jun 2017 09:35:36 API.py [line:655] INFO 871540961276571649
Mon 05 Jun 2017 09:35:36 API.py [line:655] INFO 871540961574346752
Mon 05 Jun 2017 09:35:36 API.py [line:655] INFO 871540962190696448
Mon 05 Jun 2017 09:35:36 API.py [line:655] INFO 871540962295767041
Mon 05 Jun 2017 09:35:36 API.py [line:655] INFO 871540962430005249
Mon 05 Jun 2017 09:35:36 API.py [line:655] INFO 871540962635292672
Mon 05 Jun 2017 09:35:36 API.py [line:655] INFO 871540962409021441
Mon 05 Jun 2017 09:35:36 API.py [line:655] INFO 871540962421600256
Mon 05 Jun 2017 09:35:36 API.py [line:655] INFO 871540962564202496
Mon 05 Jun 2017 09:35:36 API.py [line:655] INFO 871540962744520704
Mon 05 Jun 2017 09:35:36 API.py [line:655] INFO 871540962690039814
Mon 05 Jun 2017 09:35:36 API.py [line:655] INFO 871540962719186944
Mon 05 Jun 2017 09:35:36 API.py [line:655] INFO 871540963230990336
Mon 05 Jun 2017 09:35:36 API.py [line:222] ERROR 400 statuses/filter text {u'limit': {u'track': 2, u'timestamp_ms': u'1496626532904'}}
Mon 05 Jun 2017 09:35:36 API.py [line:655] INFO 871540963247702016
Mon 05 Jun 2017 09:35:36 API.py [line:655] INFO 871540963059138562
Mon 05 Jun 2017 09:35:36 API.py [line:655] INFO 871540963641966592
Mon 05 Jun 2017 09:35:36 API.py [line:655] INFO 871540963491098626
Mon 05 Jun 2017 09:35:36 API.py [line:655] INFO 871540963520520192
Mon 05 Jun 2017 09:35:36 API.py [line:655] INFO 871540963562450944
Mon 05 Jun 2017 09:35:36 API.py [line:655] INFO 871540963537072129
Mon 05 Jun 2017 09:35:36 API.py [line:655] INFO 871540963956490240
Mon 05 Jun 2017 09:35:36 API.py [line:655] INFO 871540964036407297
Mon 05 Jun 2017 09:35:36 API.py [line:655] INFO 871540964132769796
Mon 05 Jun 2017 09:35:36 API.py [line:655] INFO 871540963914776577
Mon 05 Jun 2017 09:35:36 API.py [line:655] INFO 871540963897995265
Mon 05 Jun 2017 09:35:36 API.py [line:655] INFO 871540963935608833
Mon 05 Jun 2017 09:35:36 API.py [line:655] INFO 871540964417970177
Mon 05 Jun 2017 09:35:36 API.py [line:655] INFO 871540963935694848
Mon 05 Jun 2017 09:35:36 API.py [line:655] INFO 871540964338302976
Mon 05 Jun 2017 09:35:36 API.py [line:655] INFO 871540964417912834
Mon 05 Jun 2017 09:35:36 API.py [line:655] INFO 871540964292268032
Mon 05 Jun 2017 09:35:36 API.py [line:655] INFO 871540964552134657
Mon 05 Jun 2017 09:35:36 API.py [line:655] INFO 871540964795535360
Mon 05 Jun 2017 09:35:37 API.py [line:655] INFO 871540964891926530
Mon 05 Jun 2017 09:35:37 API.py [line:655] INFO 871540964958937088
Mon 05 Jun 2017 09:35:37 API.py [line:655] INFO 871540964820746241
Mon 05 Jun 2017 09:35:37 API.py [line:655] INFO 871540964858380288
Mon 05 Jun 2017 09:35:37 API.py [line:655] INFO 871540965143527424
Mon 05 Jun 2017 09:35:37 API.py [line:655] INFO 871540965520977920
Mon 05 Jun 2017 09:35:37 API.py [line:655] INFO 871540965126717445
Mon 05 Jun 2017 09:35:37 API.py [line:655] INFO 871540965319770112
Mon 05 Jun 2017 09:35:37 API.py [line:655] INFO 871540964665548801
Mon 05 Jun 2017 09:35:37 API.py [line:655] INFO 871540965080797184
Mon 05 Jun 2017 09:35:37 API.py [line:655] INFO 871540965474844672
Mon 05 Jun 2017 09:35:37 API.py [line:655] INFO 871540965122727937
Mon 05 Jun 2017 09:35:37 API.py [line:655] INFO 871540966028525568
Mon 05 Jun 2017 09:35:37 API.py [line:655] INFO 871540965965799426
Mon 05 Jun 2017 09:35:37 API.py [line:655] INFO 871540965688737792
Mon 05 Jun 2017 09:35:37 API.py [line:655] INFO 871540966166937600
Mon 05 Jun 2017 09:35:37 API.py [line:655] INFO 871540966565347328
Mon 05 Jun 2017 09:35:37 API.py [line:655] INFO 871540966603321344
Mon 05 Jun 2017 09:35:37 API.py [line:655] INFO 871540966854983680
Mon 05 Jun 2017 09:35:37 API.py [line:655] INFO 871540967018344448
Mon 05 Jun 2017 09:35:37 API.py [line:222] ERROR 400 statuses/filter text {u'limit': {u'track': 2, u'timestamp_ms': u'1496626533827'}}
Mon 05 Jun 2017 09:35:37 API.py [line:655] INFO 871540967135903744
Mon 05 Jun 2017 09:35:37 API.py [line:655] INFO 871540967362273285
Mon 05 Jun 2017 09:35:37 API.py [line:655] INFO 871540966703943683
Mon 05 Jun 2017 09:35:37 API.py [line:655] INFO 871540967647485952
Mon 05 Jun 2017 09:35:37 API.py [line:655] INFO 871540967647592449
Mon 05 Jun 2017 09:35:37 API.py [line:655] INFO 871540967131820032
Mon 05 Jun 2017 09:35:37 API.py [line:655] INFO 871540966892728320
Mon 05 Jun 2017 09:35:37 API.py [line:655] INFO 871540967177723908
Mon 05 Jun 2017 09:35:37 API.py [line:655] INFO 871540966246711296
Mon 05 Jun 2017 09:35:37 API.py [line:222] ERROR 400 statuses/filter text {u'limit': {u'track': 3, u'timestamp_ms': u'1496626534005'}}
Mon 05 Jun 2017 09:35:37 API.py [line:655] INFO 871540967723081728
Mon 05 Jun 2017 09:35:37 API.py [line:655] INFO 871540967899267072
Mon 05 Jun 2017 09:35:37 API.py [line:655] INFO 871540967899185152
Mon 05 Jun 2017 09:35:37 API.py [line:655] INFO 871540968180166657
Mon 05 Jun 2017 09:35:37 API.py [line:655] INFO 871540968108969984
Mon 05 Jun 2017 09:35:37 API.py [line:655] INFO 871540968138436608
Mon 05 Jun 2017 09:35:37 API.py [line:655] INFO 871540968515715072
Mon 05 Jun 2017 09:35:37 API.py [line:655] INFO 871540968528297984
Mon 05 Jun 2017 09:35:37 API.py [line:655] INFO 871540968440422400
Mon 05 Jun 2017 09:35:37 API.py [line:655] INFO 871540968574595072
Mon 05 Jun 2017 09:35:37 API.py [line:655] INFO 871540968582815746
Mon 05 Jun 2017 09:35:37 API.py [line:655] INFO 871540968230707200
Mon 05 Jun 2017 09:35:37 API.py [line:655] INFO 871540968943751168
Mon 05 Jun 2017 09:35:37 API.py [line:655] INFO 871540968566206464
Mon 05 Jun 2017 09:35:37 API.py [line:655] INFO 871540968775974913
Mon 05 Jun 2017 09:35:38 API.py [line:655] INFO 871540969396736000
Mon 05 Jun 2017 09:35:38 API.py [line:655] INFO 871540969098944512
Mon 05 Jun 2017 09:35:38 API.py [line:655] INFO 871540969337958400
Mon 05 Jun 2017 09:35:38 API.py [line:655] INFO 871540968264273921
Mon 05 Jun 2017 09:35:38 API.py [line:655] INFO 871540969463828484
Mon 05 Jun 2017 09:35:38 API.py [line:655] INFO 871540969732100096
Mon 05 Jun 2017 09:35:38 API.py [line:655] INFO 871540969430294528
Mon 05 Jun 2017 09:35:38 API.py [line:655] INFO 871540969870589953
Mon 05 Jun 2017 09:35:38 API.py [line:655] INFO 871540969669181440
Mon 05 Jun 2017 09:35:38 API.py [line:655] INFO 871540970097041408
Mon 05 Jun 2017 09:35:38 API.py [line:655] INFO 871540969925206016
Mon 05 Jun 2017 09:35:38 API.py [line:655] INFO 871540970495528961
Mon 05 Jun 2017 09:35:38 API.py [line:655] INFO 871540970063618048
Mon 05 Jun 2017 09:35:38 API.py [line:655] INFO 871540970793218048
Mon 05 Jun 2017 09:35:38 API.py [line:655] INFO 871540970449510400
Mon 05 Jun 2017 09:35:38 API.py [line:655] INFO 871540970776518656
Mon 05 Jun 2017 09:35:38 API.py [line:655] INFO 871540970860556288
Mon 05 Jun 2017 09:35:38 API.py [line:655] INFO 871540971405623296
Mon 05 Jun 2017 09:35:38 API.py [line:655] INFO 871540971640463360
Mon 05 Jun 2017 09:35:38 API.py [line:655] INFO 871540971917291521
Mon 05 Jun 2017 09:35:38 API.py [line:655] INFO 871540971799945217
Mon 05 Jun 2017 09:35:38 API.py [line:655] INFO 871540971628097537
Mon 05 Jun 2017 09:35:38 API.py [line:655] INFO 871540971598737409
Mon 05 Jun 2017 09:35:38 API.py [line:655] INFO 871540971665797120
Mon 05 Jun 2017 09:35:38 API.py [line:655] INFO 871540971925852166
Mon 05 Jun 2017 09:35:38 API.py [line:655] INFO 871540971313516545
Mon 05 Jun 2017 09:35:38 API.py [line:222] ERROR 400 statuses/filter text {u'limit': {u'track': 6, u'timestamp_ms': u'1496626535032'}}
Mon 05 Jun 2017 09:35:38 API.py [line:655] INFO 871540972043341826
Mon 05 Jun 2017 09:35:38 API.py [line:655] INFO 871540971724582912
Mon 05 Jun 2017 09:35:38 API.py [line:655] INFO 871540972370313216
Mon 05 Jun 2017 09:35:38 API.py [line:655] INFO 871540972148015104
Mon 05 Jun 2017 09:35:38 API.py [line:655] INFO 871540972517113856
Mon 05 Jun 2017 09:35:39 API.py [line:655] INFO 871540972160770049
Mon 05 Jun 2017 09:35:39 API.py [line:655] INFO 871540972307533827
Mon 05 Jun 2017 09:35:39 API.py [line:655] INFO 871540972315869184
Mon 05 Jun 2017 09:35:39 API.py [line:655] INFO 871540972563320832
Mon 05 Jun 2017 09:35:39 API.py [line:655] INFO 871540972932390913
Mon 05 Jun 2017 09:35:39 API.py [line:655] INFO 871540973217529856
Mon 05 Jun 2017 09:35:39 API.py [line:655] INFO 871540971888025601
Mon 05 Jun 2017 09:35:39 API.py [line:655] INFO 871540973486063616
Mon 05 Jun 2017 09:35:39 API.py [line:655] INFO 871540973435625472
Mon 05 Jun 2017 09:35:39 API.py [line:655] INFO 871540973737697281
Mon 05 Jun 2017 09:35:39 API.py [line:655] INFO 871540973087719424
Mon 05 Jun 2017 09:35:39 API.py [line:655] INFO 871540973758795776
Mon 05 Jun 2017 09:35:39 API.py [line:655] INFO 871540972982870016
Mon 05 Jun 2017 09:35:39 API.py [line:655] INFO 871540973758803969
Mon 05 Jun 2017 09:35:39 API.py [line:655] INFO 871540973934755840
Mon 05 Jun 2017 09:35:39 API.py [line:655] INFO 871540974261895168
Mon 05 Jun 2017 09:35:39 API.py [line:655] INFO 871540974144471040
Mon 05 Jun 2017 09:35:39 API.py [line:655] INFO 871540974354178048
Mon 05 Jun 2017 09:35:39 API.py [line:655] INFO 871540974018846720
Mon 05 Jun 2017 09:35:39 API.py [line:655] INFO 871540974521991169
Mon 05 Jun 2017 09:35:39 API.py [line:655] INFO 871540974710734851
Mon 05 Jun 2017 09:35:39 API.py [line:655] INFO 871540974647861248
Mon 05 Jun 2017 09:35:39 API.py [line:655] INFO 871540974555627521
Mon 05 Jun 2017 09:35:39 API.py [line:655] INFO 871540974559916032
Mon 05 Jun 2017 09:35:39 API.py [line:655] INFO 871540974568300544
Mon 05 Jun 2017 09:35:39 API.py [line:655] INFO 871540974828347393
