Thu 15 Jun 2017 15:41:21 API.py [line:611] INFO start
Thu 15 Jun 2017 15:41:21 API.py [line:643] INFO thread 0 start.
Thu 15 Jun 2017 15:41:21 API.py [line:646] INFO thread 0's token_index 446
Thu 15 Jun 2017 15:41:21 API.py [line:647] INFO {u'access_token': u'724553813416390656-rtrjNrRcGaqtGBRcEjemdzUGLAA5EfZ', u'consumer_secret': u'LivsS9DTKh4Xmfo2vOG2tpKmrj8lxsYqiDgZLamPBJahFqnjUo', u'consumer_key': u'fO4lXV6LLz5e1Ew6uRDtvXpIQ', u'access_token_secret': u'ahgWZzbiN3Co5VJ8VKVe0LNEP2ltCQLtUUSuYzZgPd3UZ'}
Thu 15 Jun 2017 15:41:21 API.py [line:648] INFO ['terrorism,kill, dead, bomb, shoot,shooting,die,died,terrorist,died,attack,attacked']
Thu 15 Jun 2017 15:41:21 API.py [line:649] INFO ['192.168.1.148:8111']
Thu 15 Jun 2017 15:41:23 API.py [line:663] INFO 875256890262867968
Thu 15 Jun 2017 15:41:24 API.py [line:663] INFO 875256892079169537
Thu 15 Jun 2017 15:41:24 API.py [line:663] INFO 875256892607647745
Thu 15 Jun 2017 15:41:24 API.py [line:663] INFO 875256892834054144
Thu 15 Jun 2017 15:41:24 API.py [line:663] INFO 875256893274509316
Thu 15 Jun 2017 15:41:24 API.py [line:663] INFO 875256893538787330
Thu 15 Jun 2017 15:41:24 API.py [line:663] INFO 875256893270360065
Thu 15 Jun 2017 15:41:24 API.py [line:663] INFO 875256893593100290
Thu 15 Jun 2017 15:41:24 API.py [line:663] INFO 875256894151065601
Thu 15 Jun 2017 15:41:24 API.py [line:663] INFO 875256894344089600
Thu 15 Jun 2017 15:41:24 API.py [line:663] INFO 875256894683832321
Thu 15 Jun 2017 15:41:24 API.py [line:663] INFO 875256895115714560
Thu 15 Jun 2017 15:41:24 API.py [line:663] INFO 875256895455412224
Thu 15 Jun 2017 15:41:24 API.py [line:663] INFO 875256895455481856
Thu 15 Jun 2017 15:41:24 API.py [line:663] INFO 875256893622673408
Thu 15 Jun 2017 15:41:24 API.py [line:663] INFO 875256895493341184
Thu 15 Jun 2017 15:41:24 API.py [line:663] INFO 875256895359119360
Thu 15 Jun 2017 15:41:24 API.py [line:663] INFO 875256895182909440
Thu 15 Jun 2017 15:41:24 API.py [line:663] INFO 875256896025919488
Thu 15 Jun 2017 15:41:24 API.py [line:663] INFO 875256895514214400
Thu 15 Jun 2017 15:41:25 API.py [line:663] INFO 875256896168407041
Thu 15 Jun 2017 15:41:25 API.py [line:663] INFO 875256895841460226
Thu 15 Jun 2017 15:41:25 API.py [line:663] INFO 875256896911015936
Thu 15 Jun 2017 15:41:25 API.py [line:663] INFO 875256897259028480
Thu 15 Jun 2017 15:41:25 API.py [line:663] INFO 875256897166876673
Thu 15 Jun 2017 15:41:25 API.py [line:663] INFO 875256897280004096
Thu 15 Jun 2017 15:41:25 API.py [line:663] INFO 875256897393238016
Thu 15 Jun 2017 15:41:25 API.py [line:663] INFO 875256897854521344
Thu 15 Jun 2017 15:41:25 API.py [line:663] INFO 875256897808375808
Thu 15 Jun 2017 15:41:25 API.py [line:663] INFO 875256897586069504
Thu 15 Jun 2017 15:41:25 API.py [line:663] INFO 875256898303410176
Thu 15 Jun 2017 15:41:25 API.py [line:663] INFO 875256897816985601
Thu 15 Jun 2017 15:41:25 API.py [line:663] INFO 875256898425036800
Thu 15 Jun 2017 15:41:25 API.py [line:663] INFO 875256898005737472
Thu 15 Jun 2017 15:41:25 API.py [line:663] INFO 875256898718748672
Thu 15 Jun 2017 15:41:25 API.py [line:663] INFO 875256898781446144
Thu 15 Jun 2017 15:41:25 API.py [line:663] INFO 875256898714513408
Thu 15 Jun 2017 15:41:25 API.py [line:663] INFO 875256898739634176
Thu 15 Jun 2017 15:41:25 API.py [line:663] INFO 875256898924269568
Thu 15 Jun 2017 15:41:25 API.py [line:663] INFO 875256899188400133
Thu 15 Jun 2017 15:41:25 API.py [line:663] INFO 875256899125604352
Thu 15 Jun 2017 15:41:25 API.py [line:663] INFO 875256899561811968
Thu 15 Jun 2017 15:41:25 API.py [line:663] INFO 875256899494608897
Thu 15 Jun 2017 15:41:25 API.py [line:663] INFO 875256899976839169
Thu 15 Jun 2017 15:41:25 API.py [line:663] INFO 875256898798399489
Thu 15 Jun 2017 15:41:25 API.py [line:663] INFO 875256900396343296
Thu 15 Jun 2017 15:41:26 API.py [line:663] INFO 875256899557634048
Thu 15 Jun 2017 15:41:26 API.py [line:663] INFO 875256900207742976
Thu 15 Jun 2017 15:41:26 API.py [line:663] INFO 875256900866146304
Thu 15 Jun 2017 15:41:26 API.py [line:663] INFO 875256901176446976
Thu 15 Jun 2017 15:41:26 API.py [line:663] INFO 875256900987662337
Thu 15 Jun 2017 15:41:26 API.py [line:663] INFO 875256900799143936
Thu 15 Jun 2017 15:41:26 API.py [line:663] INFO 875256901361164288
Thu 15 Jun 2017 15:41:26 API.py [line:663] INFO 875256901574959104
Thu 15 Jun 2017 15:41:26 API.py [line:663] INFO 875256901063368705
Thu 15 Jun 2017 15:41:26 API.py [line:663] INFO 875256901851795457
Thu 15 Jun 2017 15:41:26 API.py [line:663] INFO 875256901285629952
Thu 15 Jun 2017 15:41:26 API.py [line:663] INFO 875256901868683264
Thu 15 Jun 2017 15:41:26 API.py [line:663] INFO 875256902195793921
Thu 15 Jun 2017 15:41:26 API.py [line:663] INFO 875256902317252608
Thu 15 Jun 2017 15:41:26 API.py [line:663] INFO 875256903206490112
Thu 15 Jun 2017 15:41:26 API.py [line:663] INFO 875256903038681088
Thu 15 Jun 2017 15:41:26 API.py [line:663] INFO 875256903571566592
Thu 15 Jun 2017 15:41:26 API.py [line:663] INFO 875256903487631361
Thu 15 Jun 2017 15:41:26 API.py [line:663] INFO 875256903156330496
Thu 15 Jun 2017 15:41:26 API.py [line:663] INFO 875256903709982721
Thu 15 Jun 2017 15:41:26 API.py [line:663] INFO 875256903730954240
Thu 15 Jun 2017 15:41:26 API.py [line:663] INFO 875256904095748096
Thu 15 Jun 2017 15:41:26 API.py [line:663] INFO 875256903529639936
Thu 15 Jun 2017 15:41:26 API.py [line:663] INFO 875256903340879873
Thu 15 Jun 2017 15:41:26 API.py [line:663] INFO 875256903701549056
Thu 15 Jun 2017 15:41:27 API.py [line:663] INFO 875256905240727553
Thu 15 Jun 2017 15:41:27 API.py [line:663] INFO 875256905140232193
Thu 15 Jun 2017 15:41:27 API.py [line:663] INFO 875256905500774400
Thu 15 Jun 2017 15:41:27 API.py [line:663] INFO 875256905681252353
Thu 15 Jun 2017 15:41:27 API.py [line:663] INFO 875256905752616962
Thu 15 Jun 2017 15:41:27 API.py [line:663] INFO 875256905442013184
Thu 15 Jun 2017 15:41:27 API.py [line:663] INFO 875256905442119680
Thu 15 Jun 2017 15:41:27 API.py [line:663] INFO 875256906624970754
Thu 15 Jun 2017 15:41:27 API.py [line:663] INFO 875256906541125632
Thu 15 Jun 2017 15:41:27 API.py [line:663] INFO 875256907325251585
Thu 15 Jun 2017 15:41:27 API.py [line:663] INFO 875256906906042368
Thu 15 Jun 2017 15:41:27 API.py [line:663] INFO 875256907451203585
Thu 15 Jun 2017 15:41:27 API.py [line:663] INFO 875256907380006913
Thu 15 Jun 2017 15:41:27 API.py [line:663] INFO 875256908327858176
Thu 15 Jun 2017 15:41:28 API.py [line:663] INFO 875256908483096576
Thu 15 Jun 2017 15:41:28 API.py [line:663] INFO 875256908856406016
Thu 15 Jun 2017 15:41:28 API.py [line:663] INFO 875256909036695552
Thu 15 Jun 2017 15:41:28 API.py [line:663] INFO 875256909334446080
Thu 15 Jun 2017 15:41:28 API.py [line:663] INFO 875256909657407488
Thu 15 Jun 2017 15:41:28 API.py [line:663] INFO 875256909787521024
Thu 15 Jun 2017 15:41:28 API.py [line:663] INFO 875256910118764548
Thu 15 Jun 2017 15:41:28 API.py [line:663] INFO 875256910336802816
Thu 15 Jun 2017 15:41:28 API.py [line:663] INFO 875256910991302657
Thu 15 Jun 2017 15:41:28 API.py [line:663] INFO 875256911159070720
Thu 15 Jun 2017 15:41:28 API.py [line:663] INFO 875256911473524736
Thu 15 Jun 2017 15:41:28 API.py [line:663] INFO 875256910630371329
Thu 15 Jun 2017 15:41:28 API.py [line:663] INFO 875256910865453056
Thu 15 Jun 2017 15:41:28 API.py [line:663] INFO 875256911670763520
Thu 15 Jun 2017 15:41:28 API.py [line:663] INFO 875256910601101312
Thu 15 Jun 2017 15:41:28 API.py [line:663] INFO 875256911758798849
Thu 15 Jun 2017 15:41:28 API.py [line:663] INFO 875256911863701505
Thu 15 Jun 2017 15:41:28 API.py [line:663] INFO 875256911838547968
Thu 15 Jun 2017 15:41:28 API.py [line:663] INFO 875256911528177666
Thu 15 Jun 2017 15:41:28 API.py [line:663] INFO 875256911762833413
Thu 15 Jun 2017 15:41:28 API.py [line:663] INFO 875256912165584896
Thu 15 Jun 2017 15:41:28 API.py [line:663] INFO 875256912610119682
Thu 15 Jun 2017 15:41:28 API.py [line:663] INFO 875256912337620993
Thu 15 Jun 2017 15:41:28 API.py [line:663] INFO 875256912434126848
Thu 15 Jun 2017 15:41:28 API.py [line:663] INFO 875256912392138753
Thu 15 Jun 2017 15:41:29 API.py [line:663] INFO 875256913419567104
Thu 15 Jun 2017 15:41:29 API.py [line:663] INFO 875256913084198913
Thu 15 Jun 2017 15:41:29 API.py [line:663] INFO 875256912991965185
Thu 15 Jun 2017 15:41:29 API.py [line:663] INFO 875256913465942016
Thu 15 Jun 2017 15:41:29 API.py [line:663] INFO 875256913465937921
Thu 15 Jun 2017 15:41:29 API.py [line:663] INFO 875256914145419264
Thu 15 Jun 2017 15:41:29 API.py [line:663] INFO 875256914254417920
Thu 15 Jun 2017 15:41:29 API.py [line:663] INFO 875256914199937024
Thu 15 Jun 2017 15:41:29 API.py [line:663] INFO 875256914644316161
Thu 15 Jun 2017 15:41:29 API.py [line:663] INFO 875256915172892672
Thu 15 Jun 2017 15:41:29 API.py [line:663] INFO 875256915462209537
Thu 15 Jun 2017 15:41:29 API.py [line:663] INFO 875256915495759873
Thu 15 Jun 2017 15:41:29 API.py [line:663] INFO 875256914749399040
Thu 15 Jun 2017 15:41:29 API.py [line:663] INFO 875256915919503360
Thu 15 Jun 2017 15:41:29 API.py [line:663] INFO 875256915995111424
Thu 15 Jun 2017 15:41:29 API.py [line:663] INFO 875256916049571840
Thu 15 Jun 2017 15:41:29 API.py [line:663] INFO 875256915890233345
Thu 15 Jun 2017 15:41:29 API.py [line:663] INFO 875256916578107394
Thu 15 Jun 2017 15:41:29 API.py [line:663] INFO 875256916393447424
Thu 15 Jun 2017 15:41:29 API.py [line:663] INFO 875256916439687168
Thu 15 Jun 2017 15:41:29 API.py [line:663] INFO 875256917257445376
Thu 15 Jun 2017 15:41:30 API.py [line:663] INFO 875256917349646336
Thu 15 Jun 2017 15:41:30 API.py [line:663] INFO 875256917320486912
Thu 15 Jun 2017 15:41:30 API.py [line:663] INFO 875256917282750464
Thu 15 Jun 2017 15:41:30 API.py [line:663] INFO 875256917408583680
Thu 15 Jun 2017 15:41:30 API.py [line:663] INFO 875256917555388416
Thu 15 Jun 2017 15:41:30 API.py [line:663] INFO 875256917571940353
Thu 15 Jun 2017 15:41:30 API.py [line:663] INFO 875256918176014336
Thu 15 Jun 2017 15:41:30 API.py [line:663] INFO 875256918373224448
Thu 15 Jun 2017 15:41:30 API.py [line:663] INFO 875256918565990400
Thu 15 Jun 2017 15:41:30 API.py [line:663] INFO 875256918431936513
Thu 15 Jun 2017 15:41:30 API.py [line:663] INFO 875256918578614272
Thu 15 Jun 2017 15:41:30 API.py [line:663] INFO 875256918297718784
Thu 15 Jun 2017 15:41:30 API.py [line:663] INFO 875256919325159424
Thu 15 Jun 2017 15:41:30 API.py [line:663] INFO 875256919241482241
Thu 15 Jun 2017 15:41:30 API.py [line:663] INFO 875256919220523012
Thu 15 Jun 2017 15:41:30 API.py [line:663] INFO 875256920185208832
Thu 15 Jun 2017 15:41:30 API.py [line:663] INFO 875256920399007744
Thu 15 Jun 2017 15:41:30 API.py [line:663] INFO 875256919908155392
Thu 15 Jun 2017 15:41:30 API.py [line:663] INFO 875256919467995136
Thu 15 Jun 2017 15:41:30 API.py [line:663] INFO 875256920717897728
Thu 15 Jun 2017 15:41:30 API.py [line:663] INFO 875256920575291397
Thu 15 Jun 2017 15:41:31 API.py [line:663] INFO 875256921141387264
Thu 15 Jun 2017 15:41:31 API.py [line:663] INFO 875256921250516992
Thu 15 Jun 2017 15:41:31 API.py [line:663] INFO 875256921351217152
Thu 15 Jun 2017 15:41:31 API.py [line:663] INFO 875256921707524097
Thu 15 Jun 2017 15:41:31 API.py [line:663] INFO 875256921904644096
Thu 15 Jun 2017 15:41:31 API.py [line:663] INFO 875256921879699456
Thu 15 Jun 2017 15:41:31 API.py [line:663] INFO 875256922164875264
Thu 15 Jun 2017 15:41:31 API.py [line:663] INFO 875256922177392641
Thu 15 Jun 2017 15:41:31 API.py [line:663] INFO 875256921959354368
Thu 15 Jun 2017 15:41:31 API.py [line:663] INFO 875256922664034304
Thu 15 Jun 2017 15:41:31 API.py [line:663] INFO 875256922647261184
Thu 15 Jun 2017 15:41:31 API.py [line:663] INFO 875256923133812736
Thu 15 Jun 2017 15:41:31 API.py [line:663] INFO 875256923620163585
Thu 15 Jun 2017 15:41:31 API.py [line:663] INFO 875256923175624706
Thu 15 Jun 2017 15:41:31 API.py [line:663] INFO 875256923989225472
Thu 15 Jun 2017 15:41:31 API.py [line:663] INFO 875256924417044481
Thu 15 Jun 2017 15:41:31 API.py [line:663] INFO 875256923674771456
Thu 15 Jun 2017 15:41:31 API.py [line:663] INFO 875256924630990848
Thu 15 Jun 2017 15:41:31 API.py [line:663] INFO 875256924370984960
Thu 15 Jun 2017 15:41:31 API.py [line:663] INFO 875256924681388032
Thu 15 Jun 2017 15:41:32 API.py [line:663] INFO 875256925495152641
Thu 15 Jun 2017 15:41:32 API.py [line:663] INFO 875256925415514112
Thu 15 Jun 2017 15:41:32 API.py [line:663] INFO 875256926015283200
Thu 15 Jun 2017 15:41:32 API.py [line:663] INFO 875256925495144449
Thu 15 Jun 2017 15:41:32 API.py [line:663] INFO 875256926036258817
Thu 15 Jun 2017 15:41:32 API.py [line:663] INFO 875256925277089793
Thu 15 Jun 2017 15:41:32 API.py [line:663] INFO 875256926904430592
Thu 15 Jun 2017 15:41:32 API.py [line:663] INFO 875256927198093312
Thu 15 Jun 2017 15:41:32 API.py [line:663] INFO 875256927298531329
Thu 15 Jun 2017 15:41:32 API.py [line:663] INFO 875256927009349632
Thu 15 Jun 2017 15:41:32 API.py [line:663] INFO 875256927353270272
Thu 15 Jun 2017 15:41:32 API.py [line:663] INFO 875256927483301888
Thu 15 Jun 2017 15:41:32 API.py [line:663] INFO 875256927890006017
Thu 15 Jun 2017 15:41:32 API.py [line:663] INFO 875256927781097472
Thu 15 Jun 2017 15:41:32 API.py [line:663] INFO 875256927764312064
Thu 15 Jun 2017 15:41:32 API.py [line:663] INFO 875256927848214528
Thu 15 Jun 2017 15:41:32 API.py [line:663] INFO 875256928116625409
Thu 15 Jun 2017 15:41:32 API.py [line:663] INFO 875256928200343552
Thu 15 Jun 2017 15:41:32 API.py [line:663] INFO 875256928322060288
Thu 15 Jun 2017 15:41:32 API.py [line:663] INFO 875256928351526912
Thu 15 Jun 2017 15:41:32 API.py [line:663] INFO 875256928699432960
Thu 15 Jun 2017 15:41:32 API.py [line:663] INFO 875256928728961025
Thu 15 Jun 2017 15:41:32 API.py [line:663] INFO 875256928703827972
Thu 15 Jun 2017 15:41:32 API.py [line:663] INFO 875256927923703808
Thu 15 Jun 2017 15:41:32 API.py [line:663] INFO 875256929555271680
Thu 15 Jun 2017 15:41:32 API.py [line:663] INFO 875256929580335104
Thu 15 Jun 2017 15:41:32 API.py [line:663] INFO 875256929043574784
Thu 15 Jun 2017 15:41:32 API.py [line:663] INFO 875256929106485248
Thu 15 Jun 2017 15:41:33 API.py [line:663] INFO 875256929349750784
Thu 15 Jun 2017 15:41:33 API.py [line:663] INFO 875256930071138304
Thu 15 Jun 2017 15:41:33 API.py [line:663] INFO 875256930247331842
Thu 15 Jun 2017 15:41:33 API.py [line:663] INFO 875256930238832640
Thu 15 Jun 2017 15:41:33 API.py [line:663] INFO 875256930742263809
Thu 15 Jun 2017 15:41:33 API.py [line:663] INFO 875256930620633089
Thu 15 Jun 2017 15:41:33 API.py [line:663] INFO 875256931161563138
Thu 15 Jun 2017 15:41:33 API.py [line:663] INFO 875256931237154816
Thu 15 Jun 2017 15:41:33 API.py [line:663] INFO 875256930830241793
Thu 15 Jun 2017 15:41:33 API.py [line:663] INFO 875256931320872960
Thu 15 Jun 2017 15:41:33 API.py [line:663] INFO 875256931430039552
Thu 15 Jun 2017 15:41:33 API.py [line:663] INFO 875256931853774848
Thu 15 Jun 2017 15:41:33 API.py [line:663] INFO 875256931945824257
Thu 15 Jun 2017 15:41:33 API.py [line:663] INFO 875256932331917313
Thu 15 Jun 2017 15:41:33 API.py [line:663] INFO 875256932298305536
Thu 15 Jun 2017 15:41:33 API.py [line:663] INFO 875256932449239040
Thu 15 Jun 2017 15:41:33 API.py [line:663] INFO 875256933090959362
Thu 15 Jun 2017 15:41:33 API.py [line:663] INFO 875256933451571200
Thu 15 Jun 2017 15:41:33 API.py [line:663] INFO 875256933657305089
Thu 15 Jun 2017 15:41:33 API.py [line:663] INFO 875256933602779136
Thu 15 Jun 2017 15:41:34 API.py [line:663] INFO 875256934223364096
Thu 15 Jun 2017 15:41:34 API.py [line:663] INFO 875256934349197313
Thu 15 Jun 2017 15:41:34 API.py [line:663] INFO 875256934428889088
Thu 15 Jun 2017 15:41:34 API.py [line:663] INFO 875256934659698688
Thu 15 Jun 2017 15:41:34 API.py [line:663] INFO 875256934718464001
Thu 15 Jun 2017 15:41:34 API.py [line:663] INFO 875256934588440576
Thu 15 Jun 2017 15:41:34 API.py [line:663] INFO 875256934894456832
Thu 15 Jun 2017 15:41:34 API.py [line:663] INFO 875256935104303105
Thu 15 Jun 2017 15:41:34 API.py [line:663] INFO 875256934659760132
Thu 15 Jun 2017 15:41:34 API.py [line:663] INFO 875256935158865921
Thu 15 Jun 2017 15:41:34 API.py [line:663] INFO 875256936563974145
Thu 15 Jun 2017 15:41:34 API.py [line:663] INFO 875256936673017857
Thu 15 Jun 2017 15:41:34 API.py [line:663] INFO 875256936547196928
Thu 15 Jun 2017 15:41:34 API.py [line:663] INFO 875256936140328960
Thu 15 Jun 2017 15:41:34 API.py [line:663] INFO 875256936668823552
Thu 15 Jun 2017 15:41:34 API.py [line:663] INFO 875256936077430784
Thu 15 Jun 2017 15:41:34 API.py [line:663] INFO 875256937134346242
Thu 15 Jun 2017 15:41:34 API.py [line:663] INFO 875256937423794176
Thu 15 Jun 2017 15:41:34 API.py [line:663] INFO 875256937327153152
Thu 15 Jun 2017 15:41:34 API.py [line:663] INFO 875256937692237824
Thu 15 Jun 2017 15:41:35 API.py [line:663] INFO 875256938136829952
Thu 15 Jun 2017 15:41:35 API.py [line:663] INFO 875256937566392321
Thu 15 Jun 2017 15:41:35 API.py [line:663] INFO 875256938371715072
Thu 15 Jun 2017 15:41:35 API.py [line:663] INFO 875256938724024320
Thu 15 Jun 2017 15:41:35 API.py [line:663] INFO 875256938224865281
Thu 15 Jun 2017 15:41:35 API.py [line:663] INFO 875256938094841856
Thu 15 Jun 2017 15:41:35 API.py [line:663] INFO 875256938761728001
Thu 15 Jun 2017 15:41:35 API.py [line:663] INFO 875256939063717888
Thu 15 Jun 2017 15:41:35 API.py [line:663] INFO 875256939197980672
Thu 15 Jun 2017 15:41:35 API.py [line:663] INFO 875256939692699649
Thu 15 Jun 2017 15:41:35 API.py [line:663] INFO 875256940036673536
Thu 15 Jun 2017 15:41:35 API.py [line:663] INFO 875256939847892992
Thu 15 Jun 2017 15:41:35 API.py [line:663] INFO 875256939663343620
Thu 15 Jun 2017 15:41:35 API.py [line:663] INFO 875256940011630593
Thu 15 Jun 2017 15:41:35 API.py [line:663] INFO 875256940259033088
Thu 15 Jun 2017 15:41:35 API.py [line:663] INFO 875256940045238272
Thu 15 Jun 2017 15:41:35 API.py [line:663] INFO 875256940477251584
Thu 15 Jun 2017 15:41:35 API.py [line:663] INFO 875256940955389953
Thu 15 Jun 2017 15:41:35 API.py [line:663] INFO 875256940611457024
Thu 15 Jun 2017 15:41:35 API.py [line:663] INFO 875256940393377792
Thu 15 Jun 2017 15:41:35 API.py [line:663] INFO 875256940384989185
Thu 15 Jun 2017 15:41:35 API.py [line:663] INFO 875256940959604736
Thu 15 Jun 2017 15:41:35 API.py [line:663] INFO 875256941282545664
Thu 15 Jun 2017 15:41:35 API.py [line:663] INFO 875256940858941440
Thu 15 Jun 2017 15:41:35 API.py [line:663] INFO 875256941370646528
Thu 15 Jun 2017 15:41:35 API.py [line:663] INFO 875256941420916736
Thu 15 Jun 2017 15:41:35 API.py [line:663] INFO 875256942230355968
Thu 15 Jun 2017 15:41:35 API.py [line:663] INFO 875256942238642176
Thu 15 Jun 2017 15:41:35 API.py [line:663] INFO 875256942196912129
Thu 15 Jun 2017 15:41:36 API.py [line:663] INFO 875256941144158208
Thu 15 Jun 2017 15:41:36 API.py [line:663] INFO 875256942125559808
Thu 15 Jun 2017 15:41:36 API.py [line:663] INFO 875256942192734210
Thu 15 Jun 2017 15:41:36 API.py [line:663] INFO 875256942632943616
Thu 15 Jun 2017 15:41:36 API.py [line:663] INFO 875256942842839040
Thu 15 Jun 2017 15:41:36 API.py [line:663] INFO 875256943710937088
Thu 15 Jun 2017 15:41:36 API.py [line:663] INFO 875256943241310208
Thu 15 Jun 2017 15:41:36 API.py [line:663] INFO 875256943920762880
Thu 15 Jun 2017 15:41:36 API.py [line:663] INFO 875256944122056704
Thu 15 Jun 2017 15:41:36 API.py [line:663] INFO 875256944407302145
Thu 15 Jun 2017 15:41:36 API.py [line:663] INFO 875256944709312512
Thu 15 Jun 2017 15:41:36 API.py [line:663] INFO 875256944692297728
Thu 15 Jun 2017 15:41:36 API.py [line:663] INFO 875256944671510529
Thu 15 Jun 2017 15:41:36 API.py [line:663] INFO 875256944813940737
Thu 15 Jun 2017 15:41:36 API.py [line:663] INFO 875256945061629952
Thu 15 Jun 2017 15:41:36 API.py [line:663] INFO 875256944944140288
Thu 15 Jun 2017 15:41:37 API.py [line:663] INFO 875256944893861888
Thu 15 Jun 2017 15:41:37 API.py [line:663] INFO 875256946173116419
Thu 15 Jun 2017 15:41:37 API.py [line:663] INFO 875256946470858752
Thu 15 Jun 2017 15:41:37 API.py [line:663] INFO 875256946449887232
Thu 15 Jun 2017 15:41:37 API.py [line:663] INFO 875256947292766208
Thu 15 Jun 2017 15:41:37 API.py [line:663] INFO 875256947586551808
Thu 15 Jun 2017 15:41:37 API.py [line:663] INFO 875256947234222080
Thu 15 Jun 2017 15:41:37 API.py [line:663] INFO 875256947817230336
Thu 15 Jun 2017 15:41:37 API.py [line:663] INFO 875256947343228929
Thu 15 Jun 2017 15:41:37 API.py [line:663] INFO 875256947607568384
Thu 15 Jun 2017 15:41:37 API.py [line:663] INFO 875256948072914944
Thu 15 Jun 2017 15:41:37 API.py [line:663] INFO 875256948391673856
Thu 15 Jun 2017 15:41:37 API.py [line:663] INFO 875256948182188033
Thu 15 Jun 2017 15:41:37 API.py [line:663] INFO 875256947808841728
Thu 15 Jun 2017 15:41:37 API.py [line:663] INFO 875256949146767360
Thu 15 Jun 2017 15:41:37 API.py [line:663] INFO 875256948672925696
Thu 15 Jun 2017 15:41:37 API.py [line:663] INFO 875256949163659264
Thu 15 Jun 2017 15:41:37 API.py [line:663] INFO 875256948769402880
Thu 15 Jun 2017 15:41:37 API.py [line:663] INFO 875256949368963074
Thu 15 Jun 2017 15:41:37 API.py [line:663] INFO 875256949511684096
Thu 15 Jun 2017 15:41:37 API.py [line:663] INFO 875256949863964673
Thu 15 Jun 2017 15:41:37 API.py [line:663] INFO 875256949981323265
Thu 15 Jun 2017 15:41:37 API.py [line:663] INFO 875256950203662336
Thu 15 Jun 2017 15:41:37 API.py [line:663] INFO 875256949792800768
Thu 15 Jun 2017 15:41:37 API.py [line:663] INFO 875256950019072000
Thu 15 Jun 2017 15:41:37 API.py [line:663] INFO 875256949981433857
Thu 15 Jun 2017 15:41:37 API.py [line:663] INFO 875256950044459008
Thu 15 Jun 2017 15:41:37 API.py [line:663] INFO 875256950216310785
Thu 15 Jun 2017 15:41:37 API.py [line:663] INFO 875256947422920704
Thu 15 Jun 2017 15:41:38 API.py [line:663] INFO 875256950841253888
Thu 15 Jun 2017 15:41:38 API.py [line:663] INFO 875256951034302464
Thu 15 Jun 2017 15:41:38 API.py [line:663] INFO 875256951512453120
Thu 15 Jun 2017 15:41:38 API.py [line:663] INFO 875256951957057536
Thu 15 Jun 2017 15:41:38 API.py [line:663] INFO 875256950778363904
Thu 15 Jun 2017 15:41:38 API.py [line:663] INFO 875256951986208768
Thu 15 Jun 2017 15:41:38 API.py [line:663] INFO 875256951533441026
Thu 15 Jun 2017 15:41:38 API.py [line:663] INFO 875256951864733696
Thu 15 Jun 2017 15:41:38 API.py [line:663] INFO 875256952217055232
Thu 15 Jun 2017 15:41:38 API.py [line:663] INFO 875256952384700416
Thu 15 Jun 2017 15:41:38 API.py [line:663] INFO 875256952514859008
Thu 15 Jun 2017 15:41:38 API.py [line:663] INFO 875256953282244612
Thu 15 Jun 2017 15:41:38 API.py [line:663] INFO 875256953412481025
Thu 15 Jun 2017 15:41:38 API.py [line:663] INFO 875256952347136000
Thu 15 Jun 2017 15:41:38 API.py [line:663] INFO 875256953534074881
Thu 15 Jun 2017 15:41:38 API.py [line:663] INFO 875256953089527808
Thu 15 Jun 2017 15:41:38 API.py [line:663] INFO 875256953798365184
Thu 15 Jun 2017 15:41:38 API.py [line:663] INFO 875256953391521792
Thu 15 Jun 2017 15:41:38 API.py [line:663] INFO 875256952464527360
Thu 15 Jun 2017 15:41:39 API.py [line:663] INFO 875256954125504512
Thu 15 Jun 2017 15:41:39 API.py [line:663] INFO 875256954742071296
Thu 15 Jun 2017 15:41:39 API.py [line:663] INFO 875256954771435520
Thu 15 Jun 2017 15:41:39 API.py [line:663] INFO 875256954960187392
Thu 15 Jun 2017 15:41:39 API.py [line:663] INFO 875256954314031104
Thu 15 Jun 2017 15:41:39 API.py [line:663] INFO 875256955329069057
Thu 15 Jun 2017 15:41:39 API.py [line:663] INFO 875256955467472896
Thu 15 Jun 2017 15:41:39 API.py [line:663] INFO 875256955857584129
Thu 15 Jun 2017 15:41:39 API.py [line:663] INFO 875256955975094272
Thu 15 Jun 2017 15:41:39 API.py [line:663] INFO 875256955127963648
Thu 15 Jun 2017 15:41:39 API.py [line:663] INFO 875256955920457729
Thu 15 Jun 2017 15:41:39 API.py [line:663] INFO 875256955442536449
Thu 15 Jun 2017 15:41:39 API.py [line:663] INFO 875256954221993984
Thu 15 Jun 2017 15:41:39 API.py [line:663] INFO 875256956440776704
Thu 15 Jun 2017 15:41:39 API.py [line:663] INFO 875256956843212800
Thu 15 Jun 2017 15:41:39 API.py [line:663] INFO 875256955933257728
Thu 15 Jun 2017 15:41:39 API.py [line:663] INFO 875256956432379905
Thu 15 Jun 2017 15:41:39 API.py [line:663] INFO 875256956973449216
Thu 15 Jun 2017 15:41:39 API.py [line:663] INFO 875256956973436929
Thu 15 Jun 2017 15:41:39 API.py [line:663] INFO 875256956860190720
Thu 15 Jun 2017 15:41:39 API.py [line:663] INFO 875256956881178625
Thu 15 Jun 2017 15:41:39 API.py [line:663] INFO 875256957686493184
Thu 15 Jun 2017 15:41:39 API.py [line:663] INFO 875256957854257152
Thu 15 Jun 2017 15:41:39 API.py [line:663] INFO 875256957971554306
Thu 15 Jun 2017 15:41:39 API.py [line:663] INFO 875256957757571072
Thu 15 Jun 2017 15:41:39 API.py [line:663] INFO 875256957866835968
Thu 15 Jun 2017 15:41:39 API.py [line:663] INFO 875256958319824896
Thu 15 Jun 2017 15:41:39 API.py [line:663] INFO 875256958311432192
Thu 15 Jun 2017 15:41:39 API.py [line:663] INFO 875256958676344832
Thu 15 Jun 2017 15:41:40 API.py [line:663] INFO 875256957560639488
Thu 15 Jun 2017 15:41:40 API.py [line:663] INFO 875256957921374209
Thu 15 Jun 2017 15:41:40 API.py [line:663] INFO 875256959099838464
Thu 15 Jun 2017 15:41:40 API.py [line:663] INFO 875256959095775232
Thu 15 Jun 2017 15:41:40 API.py [line:663] INFO 875256959292895232
Thu 15 Jun 2017 15:41:40 API.py [line:663] INFO 875256959313866752
Thu 15 Jun 2017 15:41:40 API.py [line:663] INFO 875256959326400512
Thu 15 Jun 2017 15:41:40 API.py [line:663] INFO 875256959318020096
Thu 15 Jun 2017 15:41:40 API.py [line:663] INFO 875256959636840448
Thu 15 Jun 2017 15:41:40 API.py [line:663] INFO 875256959540359168
Thu 15 Jun 2017 15:41:40 API.py [line:663] INFO 875256960530096128
Thu 15 Jun 2017 15:41:40 API.py [line:663] INFO 875256960362348544
Thu 15 Jun 2017 15:41:40 API.py [line:663] INFO 875256960781864960
Thu 15 Jun 2017 15:41:40 API.py [line:663] INFO 875256960316297216
Thu 15 Jun 2017 15:41:40 API.py [line:663] INFO 875256960597114880
Thu 15 Jun 2017 15:41:40 API.py [line:663] INFO 875256960945459200
Thu 15 Jun 2017 15:41:40 API.py [line:663] INFO 875256960970616832
Thu 15 Jun 2017 15:41:40 API.py [line:663] INFO 875256960576360449
Thu 15 Jun 2017 15:41:40 API.py [line:663] INFO 875256961092141057
Thu 15 Jun 2017 15:41:40 API.py [line:663] INFO 875256961339490308
Thu 15 Jun 2017 15:41:40 API.py [line:663] INFO 875256962119680000
Thu 15 Jun 2017 15:41:40 API.py [line:663] INFO 875256961930903553
Thu 15 Jun 2017 15:41:40 API.py [line:663] INFO 875256961809264640
Thu 15 Jun 2017 15:41:40 API.py [line:663] INFO 875256962296029184
Thu 15 Jun 2017 15:41:40 API.py [line:663] INFO 875256963097022464
Thu 15 Jun 2017 15:41:40 API.py [line:663] INFO 875256963055177728
Thu 15 Jun 2017 15:41:40 API.py [line:663] INFO 875256962832838657
Thu 15 Jun 2017 15:41:40 API.py [line:663] INFO 875256962442813440
Thu 15 Jun 2017 15:41:40 API.py [line:663] INFO 875256962656739329
Thu 15 Jun 2017 15:41:40 API.py [line:663] INFO 875256960983150593
Thu 15 Jun 2017 15:41:41 API.py [line:663] INFO 875256963130589185
Thu 15 Jun 2017 15:41:41 API.py [line:663] INFO 875256963197792257
Thu 15 Jun 2017 15:41:41 API.py [line:663] INFO 875256963810119680
Thu 15 Jun 2017 15:41:41 API.py [line:663] INFO 875256963457798145
Thu 15 Jun 2017 15:41:41 API.py [line:663] INFO 875256963315228672
Thu 15 Jun 2017 15:41:41 API.py [line:663] INFO 875256964560764928
Thu 15 Jun 2017 15:41:41 API.py [line:663] INFO 875256964628054017
Thu 15 Jun 2017 15:41:41 API.py [line:663] INFO 875256965529649152
Thu 15 Jun 2017 15:41:41 API.py [line:663] INFO 875256965211017217
Thu 15 Jun 2017 15:41:41 API.py [line:663] INFO 875256965395558400
Thu 15 Jun 2017 15:41:41 API.py [line:663] INFO 875256965257187329
Thu 15 Jun 2017 15:41:41 API.py [line:663] INFO 875256965731155969
Thu 15 Jun 2017 15:41:41 API.py [line:663] INFO 875256965475250176
Thu 15 Jun 2017 15:41:41 API.py [line:663] INFO 875256965458481153
Thu 15 Jun 2017 15:41:41 API.py [line:663] INFO 875256966334955521
Thu 15 Jun 2017 15:41:41 API.py [line:663] INFO 875256965471109120
Thu 15 Jun 2017 15:41:41 API.py [line:663] INFO 875256966427193345
Thu 15 Jun 2017 15:41:41 API.py [line:663] INFO 875256966288900096
Thu 15 Jun 2017 15:41:41 API.py [line:663] INFO 875256967039655936
Thu 15 Jun 2017 15:41:41 API.py [line:663] INFO 875256966557433856
Thu 15 Jun 2017 15:41:41 API.py [line:663] INFO 875256966804680705
Thu 15 Jun 2017 15:41:41 API.py [line:663] INFO 875256966905569280
Thu 15 Jun 2017 15:41:42 API.py [line:663] INFO 875256967656329217
Thu 15 Jun 2017 15:41:42 API.py [line:663] INFO 875256968151089152
Thu 15 Jun 2017 15:41:42 API.py [line:663] INFO 875256967647854593
Thu 15 Jun 2017 15:41:42 API.py [line:663] INFO 875256968348356609
Thu 15 Jun 2017 15:41:42 API.py [line:663] INFO 875256967895416832
Thu 15 Jun 2017 15:41:42 API.py [line:663] INFO 875256968453267456
Thu 15 Jun 2017 15:41:42 API.py [line:663] INFO 875256969388601345
Thu 15 Jun 2017 15:41:42 API.py [line:663] INFO 875256969371824129
Thu 15 Jun 2017 15:41:42 API.py [line:663] INFO 875256969048858624
Thu 15 Jun 2017 15:41:42 API.py [line:663] INFO 875256969380204545
Thu 15 Jun 2017 15:41:42 API.py [line:663] INFO 875256970000965632
Thu 15 Jun 2017 15:41:42 API.py [line:663] INFO 875256970336378880
Thu 15 Jun 2017 15:41:42 API.py [line:663] INFO 875256970248376320
Thu 15 Jun 2017 15:41:42 API.py [line:663] INFO 875256970089046017
Thu 15 Jun 2017 15:41:42 API.py [line:663] INFO 875256970206363648
Thu 15 Jun 2017 15:41:42 API.py [line:663] INFO 875256970122579968
Thu 15 Jun 2017 15:41:42 API.py [line:663] INFO 875256970533523458
Thu 15 Jun 2017 15:41:42 API.py [line:663] INFO 875256970126610433
Thu 15 Jun 2017 15:41:42 API.py [line:663] INFO 875256970709749760
Thu 15 Jun 2017 15:41:42 API.py [line:663] INFO 875256970567143424
Thu 15 Jun 2017 15:41:43 API.py [line:663] INFO 875256970244173825
Thu 15 Jun 2017 15:41:43 API.py [line:663] INFO 875256971057917952
Thu 15 Jun 2017 15:41:43 API.py [line:663] INFO 875256971049435136
Thu 15 Jun 2017 15:41:43 API.py [line:663] INFO 875256971032748033
Thu 15 Jun 2017 15:41:43 API.py [line:663] INFO 875256971267641347
Thu 15 Jun 2017 15:41:43 API.py [line:663] INFO 875256971405938689
Thu 15 Jun 2017 15:41:43 API.py [line:663] INFO 875256971036905472
Thu 15 Jun 2017 15:41:43 API.py [line:663] INFO 875256971246678017
Thu 15 Jun 2017 15:41:43 API.py [line:663] INFO 875256971565428736
Thu 15 Jun 2017 15:41:43 API.py [line:663] INFO 875256971611455488
Thu 15 Jun 2017 15:41:43 API.py [line:663] INFO 875256970810462208
Thu 15 Jun 2017 15:41:43 API.py [line:663] INFO 875256971439591425
Thu 15 Jun 2017 15:41:43 API.py [line:663] INFO 875256971464671232
Thu 15 Jun 2017 15:41:43 API.py [line:663] INFO 875256971926155264
Thu 15 Jun 2017 15:41:43 API.py [line:663] INFO 875256972299444224
Thu 15 Jun 2017 15:41:43 API.py [line:663] INFO 875256972731437056
Thu 15 Jun 2017 15:41:43 API.py [line:663] INFO 875256972723056640
Thu 15 Jun 2017 15:41:43 API.py [line:663] INFO 875256972928585730
Thu 15 Jun 2017 15:41:43 API.py [line:663] INFO 875256973608005632
Thu 15 Jun 2017 15:41:43 API.py [line:663] INFO 875256973788426240
Thu 15 Jun 2017 15:41:43 API.py [line:663] INFO 875256973717065728
Thu 15 Jun 2017 15:41:43 API.py [line:663] INFO 875256974073614337
Thu 15 Jun 2017 15:41:43 API.py [line:663] INFO 875256973759045632
Thu 15 Jun 2017 15:41:43 API.py [line:663] INFO 875256973415075840
Thu 15 Jun 2017 15:41:43 API.py [line:663] INFO 875256974321082368
Thu 15 Jun 2017 15:41:43 API.py [line:663] INFO 875256974669221888
Thu 15 Jun 2017 15:41:43 API.py [line:663] INFO 875256975721771008
Thu 15 Jun 2017 15:41:44 API.py [line:663] INFO 875256976099430400
Thu 15 Jun 2017 15:41:44 API.py [line:663] INFO 875256975998824448
Thu 15 Jun 2017 15:41:44 API.py [line:663] INFO 875256976371982336
Thu 15 Jun 2017 15:41:44 API.py [line:663] INFO 875256976413933569
Thu 15 Jun 2017 15:41:44 API.py [line:663] INFO 875256976543973376
Thu 15 Jun 2017 15:41:44 API.py [line:663] INFO 875256976598552576
Thu 15 Jun 2017 15:41:44 API.py [line:663] INFO 875256976711630852
Thu 15 Jun 2017 15:41:44 API.py [line:663] INFO 875256976871174144
Thu 15 Jun 2017 15:41:44 API.py [line:663] INFO 875256977626087424
Thu 15 Jun 2017 15:41:44 API.py [line:663] INFO 875256977689071616
Thu 15 Jun 2017 15:41:44 API.py [line:663] INFO 875256977814892544
Thu 15 Jun 2017 15:41:44 API.py [line:663] INFO 875256978213265408
Thu 15 Jun 2017 15:41:44 API.py [line:663] INFO 875256978146308096
Thu 15 Jun 2017 15:41:44 API.py [line:663] INFO 875256978578128896
Thu 15 Jun 2017 15:41:44 API.py [line:663] INFO 875256979026923520
Thu 15 Jun 2017 15:41:44 API.py [line:663] INFO 875256979043889152
Thu 15 Jun 2017 15:41:44 API.py [line:663] INFO 875256978196635648
Thu 15 Jun 2017 15:41:44 API.py [line:663] INFO 875256978397962240
Thu 15 Jun 2017 15:41:44 API.py [line:663] INFO 875256979207225344
Thu 15 Jun 2017 15:41:44 API.py [line:663] INFO 875256976795619328
Thu 15 Jun 2017 15:41:45 API.py [line:663] INFO 875256980146839553
Thu 15 Jun 2017 15:41:45 API.py [line:663] INFO 875256979891081216
Thu 15 Jun 2017 15:41:45 API.py [line:663] INFO 875256980042117120
Thu 15 Jun 2017 15:41:45 API.py [line:663] INFO 875256980235005953
Thu 15 Jun 2017 15:41:45 API.py [line:663] INFO 875256980042121216
Thu 15 Jun 2017 15:41:45 API.py [line:663] INFO 875256980859797505
Thu 15 Jun 2017 15:41:45 API.py [line:663] INFO 875256980264366080
Thu 15 Jun 2017 15:41:45 API.py [line:663] INFO 875256980549623808
Thu 15 Jun 2017 15:41:45 API.py [line:663] INFO 875256981078003713
Thu 15 Jun 2017 15:41:45 API.py [line:663] INFO 875256981417676800
Thu 15 Jun 2017 15:41:45 API.py [line:663] INFO 875256981216522241
Thu 15 Jun 2017 15:41:45 API.py [line:663] INFO 875256982009237504
Thu 15 Jun 2017 15:41:45 API.py [line:663] INFO 875256981912772608
Thu 15 Jun 2017 15:41:45 API.py [line:663] INFO 875256982306865152
Thu 15 Jun 2017 15:41:45 API.py [line:663] INFO 875256981459804160
Thu 15 Jun 2017 15:41:45 API.py [line:663] INFO 875256982416109568
Thu 15 Jun 2017 15:41:45 API.py [line:663] INFO 875256982386515968
Thu 15 Jun 2017 15:41:45 API.py [line:663] INFO 875256983229669376
Thu 15 Jun 2017 15:41:45 API.py [line:663] INFO 875256982135091202
Thu 15 Jun 2017 15:41:45 API.py [line:663] INFO 875256983254818816
Thu 15 Jun 2017 15:41:45 API.py [line:663] INFO 875256983028367360
Thu 15 Jun 2017 15:41:45 API.py [line:663] INFO 875256984332771328
Thu 15 Jun 2017 15:41:45 API.py [line:663] INFO 875256984508940288
Thu 15 Jun 2017 15:41:46 API.py [line:663] INFO 875256984366219266
Thu 15 Jun 2017 15:41:46 API.py [line:663] INFO 875256984374792192
Thu 15 Jun 2017 15:41:46 API.py [line:663] INFO 875256984362266624
Thu 15 Jun 2017 15:41:46 API.py [line:663] INFO 875256984383115264
Thu 15 Jun 2017 15:41:46 API.py [line:663] INFO 875256985066844160
Thu 15 Jun 2017 15:41:46 API.py [line:663] INFO 875256985192714240
Thu 15 Jun 2017 15:41:46 API.py [line:663] INFO 875256985641472001
Thu 15 Jun 2017 15:41:46 API.py [line:663] INFO 875256985775554560
Thu 15 Jun 2017 15:41:46 API.py [line:663] INFO 875256985196875776
Thu 15 Jun 2017 15:41:46 API.py [line:663] INFO 875256985876221952
Thu 15 Jun 2017 15:41:46 API.py [line:663] INFO 875256986396377088
Thu 15 Jun 2017 15:41:46 API.py [line:663] INFO 875256987021303808
Thu 15 Jun 2017 15:41:46 API.py [line:663] INFO 875256986887237636
Thu 15 Jun 2017 15:41:46 API.py [line:663] INFO 875256987100995584
Thu 15 Jun 2017 15:41:46 API.py [line:663] INFO 875256986341978112
Thu 15 Jun 2017 15:41:46 API.py [line:663] INFO 875256987490988032
