Sat 10 Jun 2017 15:13:22 API.py [line:611] INFO start
Sat 10 Jun 2017 15:13:22 API.py [line:643] INFO thread 0 start.
Sat 10 Jun 2017 15:13:22 API.py [line:646] INFO thread 0's token_index 238
Sat 10 Jun 2017 15:13:22 API.py [line:647] INFO {u'access_token': u'720537515208347648-wcGdKHUyjL2fKUGihhndPdsWfJUA0bp', u'consumer_secret': u'LivsS9DTKh4Xmfo2vOG2tpKmrj8lxsYqiDgZLamPBJahFqnjUo', u'consumer_key': u'fO4lXV6LLz5e1Ew6uRDtvXpIQ', u'access_token_secret': u't4UyV97DtIiQQUsfl5zlfqFckQdKxYcYsPnyt947hHwyc'}
Sat 10 Jun 2017 15:13:22 API.py [line:648] INFO ['China']
Sat 10 Jun 2017 15:13:22 API.py [line:649] INFO ['192.168.1.148:8111']
Sat 10 Jun 2017 15:13:27 API.py [line:663] INFO 873437928025989121
Sat 10 Jun 2017 15:13:29 API.py [line:663] INFO 873437930282528769
Sat 10 Jun 2017 15:13:29 API.py [line:663] INFO 873437935118503936
Sat 10 Jun 2017 15:13:30 API.py [line:663] INFO 873437941250568193
Sat 10 Jun 2017 15:13:30 API.py [line:663] INFO 873437941456146432
Sat 10 Jun 2017 15:13:31 API.py [line:663] INFO 873437943456829440
Sat 10 Jun 2017 15:13:33 API.py [line:663] INFO 873437952948547584
Sat 10 Jun 2017 15:13:34 API.py [line:663] INFO 873437954609487872
Sat 10 Jun 2017 15:13:34 API.py [line:663] INFO 873437955544596480
Sat 10 Jun 2017 15:13:35 API.py [line:663] INFO 873437959781060609
Sat 10 Jun 2017 15:13:35 API.py [line:663] INFO 873437963371384832
Sat 10 Jun 2017 15:13:36 API.py [line:663] INFO 873437964595896321
Sat 10 Jun 2017 15:13:36 API.py [line:663] INFO 873437966269657089
Sat 10 Jun 2017 15:13:37 API.py [line:663] INFO 873437968526069760
Sat 10 Jun 2017 15:13:39 API.py [line:663] INFO 873437978047074304
Sat 10 Jun 2017 15:13:40 API.py [line:663] INFO 873437978789646336
Sat 10 Jun 2017 15:13:41 API.py [line:663] INFO 873437979641077760
Sat 10 Jun 2017 15:13:42 API.py [line:663] INFO 873437980593201152
Sat 10 Jun 2017 15:13:42 API.py [line:663] INFO 873437981167714304
Sat 10 Jun 2017 15:13:43 API.py [line:663] INFO 873437982224556032
Sat 10 Jun 2017 15:13:44 API.py [line:663] INFO 873437982547734528
Sat 10 Jun 2017 15:13:45 API.py [line:663] INFO 873437983252242432
Sat 10 Jun 2017 15:13:45 API.py [line:663] INFO 873437985315987456
Sat 10 Jun 2017 15:13:47 API.py [line:663] INFO 873437989459771392
Sat 10 Jun 2017 15:13:47 API.py [line:663] INFO 873437995935948801
Sat 10 Jun 2017 15:13:47 API.py [line:663] INFO 873437999274401793
Sat 10 Jun 2017 15:13:48 API.py [line:663] INFO 873438000130048000
Sat 10 Jun 2017 15:13:49 API.py [line:663] INFO 873438003569467392
Sat 10 Jun 2017 15:13:50 API.py [line:663] INFO 873438004442013696
Sat 10 Jun 2017 15:13:51 API.py [line:663] INFO 873438004978864129
Sat 10 Jun 2017 15:13:51 API.py [line:663] INFO 873438006815981568
Sat 10 Jun 2017 15:13:51 API.py [line:663] INFO 873438007625252864
Sat 10 Jun 2017 15:13:52 API.py [line:663] INFO 873438011228381184
Sat 10 Jun 2017 15:13:52 API.py [line:663] INFO 873438011048026113
Sat 10 Jun 2017 15:13:52 API.py [line:663] INFO 873438014453800960
Sat 10 Jun 2017 15:13:53 API.py [line:663] INFO 873438014994866176
Sat 10 Jun 2017 15:13:54 API.py [line:663] INFO 873438017607786496
Sat 10 Jun 2017 15:13:55 API.py [line:663] INFO 873438021219233793
Sat 10 Jun 2017 15:13:55 API.py [line:663] INFO 873438025904259073
Sat 10 Jun 2017 15:13:56 API.py [line:663] INFO 873438024285253632
Sat 10 Jun 2017 15:13:57 API.py [line:663] INFO 873438025920897024
Sat 10 Jun 2017 15:13:57 API.py [line:663] INFO 873438030056505344
Sat 10 Jun 2017 15:13:58 API.py [line:663] INFO 873438031105208320
Sat 10 Jun 2017 15:13:58 API.py [line:663] INFO 873438032191303681
Sat 10 Jun 2017 15:13:59 API.py [line:663] INFO 873438036859670529
Sat 10 Jun 2017 15:14:00 API.py [line:663] INFO 873438041553219584
Sat 10 Jun 2017 15:14:01 API.py [line:663] INFO 873438045478961152
Sat 10 Jun 2017 15:14:01 API.py [line:663] INFO 873438045726326784
Sat 10 Jun 2017 15:14:02 API.py [line:663] INFO 873438045873123328
Sat 10 Jun 2017 15:14:02 API.py [line:663] INFO 873438045751595008
Sat 10 Jun 2017 15:14:03 API.py [line:663] INFO 873438049111244804
Sat 10 Jun 2017 15:14:03 API.py [line:663] INFO 873438051304955904
Sat 10 Jun 2017 15:14:04 API.py [line:663] INFO 873438063611006976
Sat 10 Jun 2017 15:14:04 API.py [line:663] INFO 873438065473335296
Sat 10 Jun 2017 15:14:04 API.py [line:663] INFO 873438076307156992
Sat 10 Jun 2017 15:14:05 API.py [line:663] INFO 873438079641505792
Sat 10 Jun 2017 15:14:05 API.py [line:663] INFO 873438079905701888
Sat 10 Jun 2017 15:14:06 API.py [line:663] INFO 873438081118072832
Sat 10 Jun 2017 15:14:06 API.py [line:663] INFO 873438085538762752
Sat 10 Jun 2017 15:14:07 API.py [line:663] INFO 873438091528335361
Sat 10 Jun 2017 15:14:07 API.py [line:663] INFO 873438092522385408
Sat 10 Jun 2017 15:14:07 API.py [line:663] INFO 873438096594948096
Sat 10 Jun 2017 15:14:08 API.py [line:663] INFO 873438100571041794
Sat 10 Jun 2017 15:14:09 API.py [line:663] INFO 873438103729389568
Sat 10 Jun 2017 15:14:10 API.py [line:663] INFO 873438104647909378
Sat 10 Jun 2017 15:14:11 API.py [line:663] INFO 873438106787041280
Sat 10 Jun 2017 15:14:11 API.py [line:663] INFO 873438110037790720
Sat 10 Jun 2017 15:14:12 API.py [line:663] INFO 873438110213955584
Sat 10 Jun 2017 15:14:13 API.py [line:663] INFO 873438110159425536
Sat 10 Jun 2017 15:14:14 API.py [line:663] INFO 873438110251491329
Sat 10 Jun 2017 15:14:14 API.py [line:663] INFO 873438121500737537
Sat 10 Jun 2017 15:14:14 API.py [line:663] INFO 873438123291705344
Sat 10 Jun 2017 15:14:14 API.py [line:663] INFO 873438124009021441
Sat 10 Jun 2017 15:14:15 API.py [line:663] INFO 873438124600434688
Sat 10 Jun 2017 15:14:15 API.py [line:663] INFO 873438132082954240
Sat 10 Jun 2017 15:14:16 API.py [line:663] INFO 873438132389203968
Sat 10 Jun 2017 15:14:16 API.py [line:663] INFO 873438134729449472
Sat 10 Jun 2017 15:14:17 API.py [line:663] INFO 873438139460722688
Sat 10 Jun 2017 15:14:18 API.py [line:663] INFO 873438140178083840
Sat 10 Jun 2017 15:14:18 API.py [line:663] INFO 873438141536972800
Sat 10 Jun 2017 15:14:20 API.py [line:663] INFO 873438150558928896
Sat 10 Jun 2017 15:14:21 API.py [line:663] INFO 873438154291908608
Sat 10 Jun 2017 15:14:23 API.py [line:663] INFO 873438157097754624
Sat 10 Jun 2017 15:14:23 API.py [line:663] INFO 873438159610060800
Sat 10 Jun 2017 15:14:24 API.py [line:663] INFO 873438162109964288
Sat 10 Jun 2017 15:14:24 API.py [line:663] INFO 873438162282000385
Sat 10 Jun 2017 15:14:24 API.py [line:663] INFO 873438167470419969
Sat 10 Jun 2017 15:14:26 API.py [line:663] INFO 873438168342642688
Sat 10 Jun 2017 15:14:26 API.py [line:663] INFO 873438170414632960
