Thu 25 May 2017 15:00:41 API.py[line:508] INFO start
Thu 25 May 2017 15:00:42 API.py[line:543] INFO thread 0 start.
Thu 25 May 2017 15:00:42 API.py[line:543] INFO thread 1 start.
Thu 25 May 2017 15:00:42 API.py[line:543] INFO thread 2 start.
Thu 25 May 2017 15:00:42 API.py[line:546] INFO thread 0's token_index 85
Thu 25 May 2017 15:00:42 API.py[line:543] INFO thread 3 start.
Thu 25 May 2017 15:00:42 API.py[line:546] INFO thread 1's token_index 56
Thu 25 May 2017 15:00:42 API.py[line:543] INFO thread 4 start.
Thu 25 May 2017 15:00:42 API.py[line:543] INFO thread 5 start.
Thu 25 May 2017 15:00:42 API.py[line:543] INFO thread 6 start.
Thu 25 May 2017 15:00:42 API.py[line:546] INFO thread 2's token_index 326
Thu 25 May 2017 15:00:42 API.py[line:543] INFO thread 7 start.
Thu 25 May 2017 15:00:42 API.py[line:543] INFO thread 8 start.
Thu 25 May 2017 15:00:42 API.py[line:543] INFO thread 9 start.
Thu 25 May 2017 15:00:42 API.py[line:546] INFO thread 3's token_index 368
Thu 25 May 2017 15:00:42 API.py[line:543] INFO thread 10 start.
Thu 25 May 2017 15:00:42 API.py[line:546] INFO thread 4's token_index 412
Thu 25 May 2017 15:00:42 API.py[line:546] INFO thread 5's token_index 60
Thu 25 May 2017 15:00:42 API.py[line:546] INFO thread 6's token_index 242
Thu 25 May 2017 15:00:42 API.py[line:546] INFO thread 7's token_index 509
Thu 25 May 2017 15:00:42 API.py[line:546] INFO thread 8's token_index 225
Thu 25 May 2017 15:00:42 API.py[line:546] INFO thread 9's token_index 431
Thu 25 May 2017 15:00:42 API.py[line:546] INFO thread 10's token_index 323
Thu 25 May 2017 15:00:45 connectionpool.py[line:735] INFO Starting new HTTPS connection (1): stream.twitter.com
Thu 25 May 2017 15:00:45 connectionpool.py[line:735] INFO Starting new HTTPS connection (1): stream.twitter.com
Thu 25 May 2017 15:00:45 connectionpool.py[line:735] INFO Starting new HTTPS connection (1): stream.twitter.com
Thu 25 May 2017 15:00:45 connectionpool.py[line:735] INFO Starting new HTTPS connection (1): stream.twitter.com
Thu 25 May 2017 15:00:45 connectionpool.py[line:735] INFO Starting new HTTPS connection (1): stream.twitter.com
Thu 25 May 2017 15:00:45 connectionpool.py[line:735] INFO Starting new HTTPS connection (1): stream.twitter.com
Thu 25 May 2017 15:00:45 connectionpool.py[line:735] INFO Starting new HTTPS connection (1): stream.twitter.com
Thu 25 May 2017 15:00:45 connectionpool.py[line:735] INFO Starting new HTTPS connection (1): stream.twitter.com
Thu 25 May 2017 15:00:45 connectionpool.py[line:735] INFO Starting new HTTPS connection (1): stream.twitter.com
Thu 25 May 2017 15:00:45 connectionpool.py[line:735] INFO Starting new HTTPS connection (1): stream.twitter.com
Thu 25 May 2017 15:00:45 connectionpool.py[line:735] INFO Starting new HTTPS connection (1): stream.twitter.com
Thu 25 May 2017 15:03:58 TwitterError.py[line:21] WARNING <class 'requests.packages.urllib3.exceptions.ReadTimeoutError'> HTTPSConnectionPool(host='stream.twitter.com', port=443): Read timed out.
