Thu 25 May 2017 15:16:32 API.py[line:508] INFO givenInfo start
Thu 25 May 2017 15:16:33 API.py[line:543] INFO givenInfo thread 0 start.
Thu 25 May 2017 15:16:33 API.py[line:543] INFO givenInfo thread 1 start.
Thu 25 May 2017 15:16:33 API.py[line:543] INFO givenInfo thread 2 start.
Thu 25 May 2017 15:16:33 API.py[line:543] INFO givenInfo thread 3 start.
Thu 25 May 2017 15:16:33 API.py[line:546] INFO givenInfo thread 0's token_index 97
Thu 25 May 2017 15:16:33 API.py[line:543] INFO givenInfo thread 4 start.
Thu 25 May 2017 15:16:33 API.py[line:546] INFO givenInfo thread 1's token_index 395
Thu 25 May 2017 15:16:33 API.py[line:543] INFO givenInfo thread 5 start.
Thu 25 May 2017 15:16:33 API.py[line:546] INFO givenInfo thread 2's token_index 370
Thu 25 May 2017 15:16:33 API.py[line:543] INFO givenInfo thread 6 start.
Thu 25 May 2017 15:16:33 API.py[line:543] INFO givenInfo thread 7 start.
Thu 25 May 2017 15:16:33 API.py[line:546] INFO givenInfo thread 3's token_index 144
Thu 25 May 2017 15:16:33 API.py[line:543] INFO givenInfo thread 8 start.
Thu 25 May 2017 15:16:33 API.py[line:543] INFO givenInfo thread 9 start.
Thu 25 May 2017 15:16:33 API.py[line:543] INFO givenInfo thread 10 start.
Thu 25 May 2017 15:16:33 API.py[line:546] INFO givenInfo thread 4's token_index 444
Thu 25 May 2017 15:16:33 API.py[line:546] INFO givenInfo thread 5's token_index 298
Thu 25 May 2017 15:16:33 API.py[line:546] INFO givenInfo thread 6's token_index 304
Thu 25 May 2017 15:16:33 API.py[line:546] INFO givenInfo thread 7's token_index 72
Thu 25 May 2017 15:16:33 API.py[line:546] INFO givenInfo thread 8's token_index 107
Thu 25 May 2017 15:16:33 API.py[line:546] INFO givenInfo thread 9's token_index 416
Thu 25 May 2017 15:16:33 API.py[line:546] INFO givenInfo thread 10's token_index 487
Thu 25 May 2017 15:16:35 connectionpool.py[line:735] INFO givenInfo Starting new HTTPS connection (1): stream.twitter.com
Thu 25 May 2017 15:16:35 connectionpool.py[line:735] INFO givenInfo Starting new HTTPS connection (1): stream.twitter.com
Thu 25 May 2017 15:16:35 connectionpool.py[line:735] INFO givenInfo Starting new HTTPS connection (1): stream.twitter.com
Thu 25 May 2017 15:16:35 connectionpool.py[line:735] INFO givenInfo Starting new HTTPS connection (1): stream.twitter.com
Thu 25 May 2017 15:16:35 connectionpool.py[line:735] INFO givenInfo Starting new HTTPS connection (1): stream.twitter.com
Thu 25 May 2017 15:16:35 connectionpool.py[line:735] INFO givenInfo Starting new HTTPS connection (1): stream.twitter.com
Thu 25 May 2017 15:16:35 connectionpool.py[line:735] INFO givenInfo Starting new HTTPS connection (1): stream.twitter.com
Thu 25 May 2017 15:16:35 connectionpool.py[line:735] INFO givenInfo Starting new HTTPS connection (1): stream.twitter.com
Thu 25 May 2017 15:16:35 connectionpool.py[line:735] INFO givenInfo Starting new HTTPS connection (1): stream.twitter.com
Thu 25 May 2017 15:16:35 connectionpool.py[line:735] INFO givenInfo Starting new HTTPS connection (1): stream.twitter.com
Thu 25 May 2017 15:16:35 connectionpool.py[line:735] INFO givenInfo Starting new HTTPS connection (1): stream.twitter.com
Thu 25 May 2017 15:16:41 TwitterError.py[line:21] WARNING givenInfo <class 'requests.exceptions.SSLError'> ('_ssl.c:645: The handshake operation timed out',)
Thu 25 May 2017 15:16:41 API.py[line:207] WARNING givenInfo ('_ssl.c:645: The handshake operation timed out',)
Thu 25 May 2017 15:16:42 TwitterError.py[line:21] WARNING givenInfo <class 'requests.exceptions.SSLError'> ('_ssl.c:645: The handshake operation timed out',)
Thu 25 May 2017 15:16:42 API.py[line:207] WARNING givenInfo ('_ssl.c:645: The handshake operation timed out',)
Thu 25 May 2017 15:16:42 TwitterError.py[line:21] WARNING givenInfo <class 'requests.exceptions.SSLError'> ('_ssl.c:645: The handshake operation timed out',)
Thu 25 May 2017 15:16:42 API.py[line:207] WARNING givenInfo ('_ssl.c:645: The handshake operation timed out',)
Thu 25 May 2017 15:16:42 TwitterError.py[line:21] WARNING givenInfo <class 'requests.exceptions.SSLError'> ('_ssl.c:645: The handshake operation timed out',)
Thu 25 May 2017 15:16:42 API.py[line:207] WARNING givenInfo ('_ssl.c:645: The handshake operation timed out',)
Thu 25 May 2017 15:16:44 TwitterError.py[line:21] WARNING givenInfo <class 'requests.exceptions.ConnectionError'> ('Connection aborted.', BadStatusLine("''",))
Thu 25 May 2017 15:16:44 API.py[line:207] WARNING givenInfo ('Connection aborted.', BadStatusLine("''",))
Thu 25 May 2017 15:16:45 TwitterError.py[line:21] WARNING givenInfo <class 'requests.exceptions.ConnectionError'> ('Connection aborted.', BadStatusLine("''",))
Thu 25 May 2017 15:16:45 API.py[line:207] WARNING givenInfo ('Connection aborted.', BadStatusLine("''",))
Thu 25 May 2017 15:16:45 TwitterError.py[line:21] WARNING givenInfo <class 'requests.exceptions.ConnectionError'> ('Connection aborted.', BadStatusLine("''",))
Thu 25 May 2017 15:16:45 API.py[line:207] WARNING givenInfo ('Connection aborted.', BadStatusLine("''",))
Thu 25 May 2017 15:16:46 API.py[line:222] ERROR givenInfo {u'delete': {u'status': {u'user_id_str': u'320075522', u'user_id': 320075522, u'id': 867640226029727744L, u'id_str': u'867640226029727744'}, u'timestamp_ms': u'1495696604434'}}
Thu 25 May 2017 15:16:47 connectionpool.py[line:735] INFO givenInfo Starting new HTTPS connection (1): stream.twitter.com
Thu 25 May 2017 15:16:47 connectionpool.py[line:735] INFO givenInfo Starting new HTTPS connection (1): stream.twitter.com
Thu 25 May 2017 15:16:47 connectionpool.py[line:735] INFO givenInfo Starting new HTTPS connection (1): stream.twitter.com
Thu 25 May 2017 15:16:47 connectionpool.py[line:735] INFO givenInfo Starting new HTTPS connection (1): stream.twitter.com
Thu 25 May 2017 15:16:49 API.py[line:222] ERROR givenInfo {u'delete': {u'status': {u'user_id_str': u'2386350236', u'user_id': 2386350236L, u'id': 735100687957139456L, u'id_str': u'735100687957139456'}, u'timestamp_ms': u'1495696605757'}}
Thu 25 May 2017 15:16:49 connectionpool.py[line:735] INFO givenInfo Starting new HTTPS connection (1): stream.twitter.com
Thu 25 May 2017 15:16:50 connectionpool.py[line:735] INFO givenInfo Starting new HTTPS connection (1): stream.twitter.com
Thu 25 May 2017 15:16:50 connectionpool.py[line:735] INFO givenInfo Starting new HTTPS connection (1): stream.twitter.com
Thu 25 May 2017 15:16:53 TwitterError.py[line:21] WARNING givenInfo <class 'requests.exceptions.SSLError'> ('_ssl.c:645: The handshake operation timed out',)
Thu 25 May 2017 15:16:53 API.py[line:207] WARNING givenInfo ('_ssl.c:645: The handshake operation timed out',)
