Sat 27 May 2017 15:01:31 API.py [line:546] INFO 200 statuses/filter text thread 0's token_index 269
Sat 27 May 2017 15:01:31 API.py [line:546] INFO 200 statuses/filter text thread 1's token_index 494
Sat 27 May 2017 15:01:31 API.py [line:546] INFO 200 statuses/filter text thread 2's token_index 487
Sat 27 May 2017 15:01:31 API.py [line:546] INFO 200 statuses/filter text thread 3's token_index 242
Sat 27 May 2017 15:01:31 API.py [line:546] INFO 200 statuses/filter text thread 4's token_index 133
Sat 27 May 2017 15:01:31 API.py [line:546] INFO 200 statuses/filter text thread 5's token_index 342
Sat 27 May 2017 15:01:31 API.py [line:546] INFO 200 statuses/filter text thread 6's token_index 510
Sat 27 May 2017 15:01:31 API.py [line:546] INFO 200 statuses/filter text thread 7's token_index 138
Sat 27 May 2017 15:01:31 API.py [line:546] INFO 200 statuses/filter text thread 8's token_index 404
Sat 27 May 2017 15:01:31 API.py [line:546] INFO 200 statuses/filter text thread 9's token_index 489
Sat 27 May 2017 15:01:31 API.py [line:546] INFO 200 statuses/filter text thread 10's token_index 15
Sat 27 May 2017 15:01:34 TwitterError.py [line:21] WARNING <class 'requests.exceptions.ConnectionError'> HTTPSConnectionPool(host='stream.twitter.com', port=443): Max retries exceeded with url: /1.1/statuses/filter.json (Caused by ProxyError('Cannot connect to proxy.', error(10054, '')))
Sat 27 May 2017 15:01:34 API.py [line:207] WARNING HTTPSConnectionPool(host='stream.twitter.com', port=443): Max retries exceeded with url: /1.1/statuses/filter.json (Caused by ProxyError('Cannot connect to proxy.', error(10054, '')))
Sat 27 May 2017 15:01:35 TwitterError.py [line:21] WARNING <class 'requests.exceptions.ConnectionError'> HTTPSConnectionPool(host='stream.twitter.com', port=443): Max retries exceeded with url: /1.1/statuses/filter.json (Caused by ProxyError('Cannot connect to proxy.', error(10054, '')))
Sat 27 May 2017 15:01:35 API.py [line:207] WARNING HTTPSConnectionPool(host='stream.twitter.com', port=443): Max retries exceeded with url: /1.1/statuses/filter.json (Caused by ProxyError('Cannot connect to proxy.', error(10054, '')))
Sat 27 May 2017 15:01:36 TwitterError.py [line:21] WARNING <class 'requests.exceptions.ConnectionError'> HTTPSConnectionPool(host='stream.twitter.com', port=443): Max retries exceeded with url: /1.1/statuses/filter.json (Caused by ProxyError('Cannot connect to proxy.', error(10054, '')))
Sat 27 May 2017 15:01:36 API.py [line:207] WARNING HTTPSConnectionPool(host='stream.twitter.com', port=443): Max retries exceeded with url: /1.1/statuses/filter.json (Caused by ProxyError('Cannot connect to proxy.', error(10054, '')))
Sat 27 May 2017 15:01:37 TwitterError.py [line:21] WARNING <class 'requests.exceptions.ConnectionError'> HTTPSConnectionPool(host='stream.twitter.com', port=443): Max retries exceeded with url: /1.1/statuses/filter.json (Caused by ProxyError('Cannot connect to proxy.', error(10054, '')))
Sat 27 May 2017 15:01:37 API.py [line:207] WARNING HTTPSConnectionPool(host='stream.twitter.com', port=443): Max retries exceeded with url: /1.1/statuses/filter.json (Caused by ProxyError('Cannot connect to proxy.', error(10054, '')))
Sat 27 May 2017 15:01:38 TwitterError.py [line:21] WARNING <class 'requests.exceptions.ConnectionError'> HTTPSConnectionPool(host='stream.twitter.com', port=443): Max retries exceeded with url: /1.1/statuses/filter.json (Caused by ProxyError('Cannot connect to proxy.', timeout('timed out',)))
Sat 27 May 2017 15:01:38 TwitterError.py [line:21] WARNING <class 'requests.exceptions.ConnectionError'> HTTPSConnectionPool(host='stream.twitter.com', port=443): Max retries exceeded with url: /1.1/statuses/filter.json (Caused by ProxyError('Cannot connect to proxy.', timeout('timed out',)))
Sat 27 May 2017 15:01:38 TwitterError.py [line:21] WARNING <class 'requests.exceptions.ConnectionError'> HTTPSConnectionPool(host='stream.twitter.com', port=443): Max retries exceeded with url: /1.1/statuses/filter.json (Caused by ProxyError('Cannot connect to proxy.', timeout('timed out',)))
Sat 27 May 2017 15:01:38 API.py [line:207] WARNING HTTPSConnectionPool(host='stream.twitter.com', port=443): Max retries exceeded with url: /1.1/statuses/filter.json (Caused by ProxyError('Cannot connect to proxy.', timeout('timed out',)))
Sat 27 May 2017 15:01:38 API.py [line:207] WARNING HTTPSConnectionPool(host='stream.twitter.com', port=443): Max retries exceeded with url: /1.1/statuses/filter.json (Caused by ProxyError('Cannot connect to proxy.', timeout('timed out',)))
Sat 27 May 2017 15:01:38 API.py [line:207] WARNING HTTPSConnectionPool(host='stream.twitter.com', port=443): Max retries exceeded with url: /1.1/statuses/filter.json (Caused by ProxyError('Cannot connect to proxy.', timeout('timed out',)))
Sat 27 May 2017 15:01:42 TwitterError.py [line:21] WARNING <class 'requests.exceptions.ConnectionError'> HTTPSConnectionPool(host='stream.twitter.com', port=443): Max retries exceeded with url: /1.1/statuses/filter.json (Caused by ProxyError('Cannot connect to proxy.', error(10054, '')))
Sat 27 May 2017 15:01:42 API.py [line:207] WARNING HTTPSConnectionPool(host='stream.twitter.com', port=443): Max retries exceeded with url: /1.1/statuses/filter.json (Caused by ProxyError('Cannot connect to proxy.', error(10054, '')))
Sat 27 May 2017 15:01:44 TwitterError.py [line:21] WARNING <class 'requests.exceptions.ConnectionError'> HTTPSConnectionPool(host='stream.twitter.com', port=443): Max retries exceeded with url: /1.1/statuses/filter.json (Caused by ProxyError('Cannot connect to proxy.', error(10054, '')))
Sat 27 May 2017 15:01:44 API.py [line:207] WARNING HTTPSConnectionPool(host='stream.twitter.com', port=443): Max retries exceeded with url: /1.1/statuses/filter.json (Caused by ProxyError('Cannot connect to proxy.', error(10054, '')))
Sat 27 May 2017 15:01:45 TwitterError.py [line:21] WARNING <class 'requests.exceptions.ConnectionError'> HTTPSConnectionPool(host='stream.twitter.com', port=443): Max retries exceeded with url: /1.1/statuses/filter.json (Caused by ProxyError('Cannot connect to proxy.', error(10054, '')))
Sat 27 May 2017 15:01:45 API.py [line:207] WARNING HTTPSConnectionPool(host='stream.twitter.com', port=443): Max retries exceeded with url: /1.1/statuses/filter.json (Caused by ProxyError('Cannot connect to proxy.', error(10054, '')))
Sat 27 May 2017 15:01:47 TwitterError.py [line:21] WARNING <class 'requests.exceptions.ConnectionError'> HTTPSConnectionPool(host='stream.twitter.com', port=443): Max retries exceeded with url: /1.1/statuses/filter.json (Caused by ProxyError('Cannot connect to proxy.', error(10054, '')))
Sat 27 May 2017 15:01:47 API.py [line:207] WARNING HTTPSConnectionPool(host='stream.twitter.com', port=443): Max retries exceeded with url: /1.1/statuses/filter.json (Caused by ProxyError('Cannot connect to proxy.', error(10054, '')))
Sat 27 May 2017 15:01:52 TwitterError.py [line:21] WARNING <class 'requests.exceptions.ConnectionError'> HTTPSConnectionPool(host='stream.twitter.com', port=443): Max retries exceeded with url: /1.1/statuses/filter.json (Caused by ProxyError('Cannot connect to proxy.', error(10054, '')))
Sat 27 May 2017 15:01:52 API.py [line:207] WARNING HTTPSConnectionPool(host='stream.twitter.com', port=443): Max retries exceeded with url: /1.1/statuses/filter.json (Caused by ProxyError('Cannot connect to proxy.', error(10054, '')))
Sat 27 May 2017 15:01:53 API.py [line:222] ERROR 400 statuses/filter text {u'delete': {u'status': {u'user_id_str': u'23574074', u'user_id': 23574074, u'id': 868361352967995392L, u'id_str': u'868361352967995392'}, u'timestamp_ms': u'1495868509822'}}
Sat 27 May 2017 15:02:12 API.py [line:222] ERROR 400 statuses/filter text {u'delete': {u'status': {u'user_id_str': u'487118986', u'user_id': 487118986, u'id': 868359719190188032L, u'id_str': u'868359719190188032'}, u'timestamp_ms': u'1495868519973'}}
Sat 27 May 2017 15:03:24 API.py [line:222] ERROR 400 statuses/filter text {u'delete': {u'status': {u'user_id_str': u'109577595', u'user_id': 109577595, u'id': 578828743214387200L, u'id_str': u'578828743214387200'}, u'timestamp_ms': u'1495868530136'}}
Sat 27 May 2017 15:03:27 API.py [line:222] ERROR 400 statuses/filter text {u'delete': {u'status': {u'user_id_str': u'31750838', u'user_id': 31750838, u'id': 868031709564084225L, u'id_str': u'868031709564084225'}, u'timestamp_ms': u'1495868584934'}}
Sat 27 May 2017 15:03:43 API.py [line:222] ERROR 400 statuses/filter text {u'delete': {u'status': {u'user_id_str': u'31750838', u'user_id': 31750838, u'id': 868031809006825472L, u'id_str': u'868031809006825472'}, u'timestamp_ms': u'1495868592224'}}
Sat 27 May 2017 15:04:02 API.py [line:222] ERROR 400 statuses/filter text {u'delete': {u'status': {u'user_id_str': u'31750838', u'user_id': 31750838, u'id': 868031648939606016L, u'id_str': u'868031648939606016'}, u'timestamp_ms': u'1495868609482'}}
Sat 27 May 2017 15:04:05 API.py [line:222] ERROR 400 statuses/filter text {u'delete': {u'status': {u'user_id_str': u'177052107', u'user_id': 177052107, u'id': 868361179298529280L, u'id_str': u'868361179298529280'}, u'timestamp_ms': u'1495868621048'}}
Sat 27 May 2017 15:04:08 API.py [line:222] ERROR 400 statuses/filter text {u'delete': {u'status': {u'user_id_str': u'94905144', u'user_id': 94905144, u'id': 865623604523708417L, u'id_str': u'865623604523708417'}, u'timestamp_ms': u'1495868600976'}}
Sat 27 May 2017 15:04:16 API.py [line:222] ERROR 400 statuses/filter text {u'delete': {u'status': {u'user_id_str': u'31750838', u'user_id': 31750838, u'id': 868031562641788928L, u'id_str': u'868031562641788928'}, u'timestamp_ms': u'1495868616741'}}
Sat 27 May 2017 15:04:54 API.py [line:222] ERROR 400 statuses/filter text {u'delete': {u'status': {u'user_id_str': u'341824614', u'user_id': 341824614, u'id': 867306058326327296L, u'id_str': u'867306058326327296'}, u'timestamp_ms': u'1495868645482'}}
Sat 27 May 2017 15:05:15 TwitterError.py [line:21] WARNING <class 'requests.packages.urllib3.exceptions.ReadTimeoutError'> HTTPSConnectionPool(host='stream.twitter.com', port=443): Read timed out.
Sat 27 May 2017 15:05:17 API.py [line:222] ERROR 400 statuses/filter text {u'delete': {u'status': {u'user_id_str': u'341824614', u'user_id': 341824614, u'id': 866585308388839424L, u'id_str': u'866585308388839424'}, u'timestamp_ms': u'1495868664253'}}
Sat 27 May 2017 15:05:26 TwitterError.py [line:21] WARNING <class 'requests.packages.urllib3.exceptions.ReadTimeoutError'> HTTPSConnectionPool(host='stream.twitter.com', port=443): Read timed out.
Sat 27 May 2017 15:05:47 API.py [line:222] ERROR 400 statuses/filter text {u'delete': {u'status': {u'user_id_str': u'195516975', u'user_id': 195516975, u'id': 868361456340930561L, u'id_str': u'868361456340930561'}, u'timestamp_ms': u'1495868731090'}}
Sat 27 May 2017 15:06:01 API.py [line:222] ERROR 400 statuses/filter text {u'delete': {u'status': {u'user_id_str': u'14468325', u'user_id': 14468325, u'id': 868315517920002049L, u'id_str': u'868315517920002049'}, u'timestamp_ms': u'1495868700810'}}
Sat 27 May 2017 15:06:11 API.py [line:222] ERROR 400 statuses/filter text {u'delete': {u'status': {u'user_id_str': u'2440883438', u'user_id': 2440883438L, u'id': 868332742790066176L, u'id_str': u'868332742790066176'}, u'timestamp_ms': u'1495868707496'}}
Sat 27 May 2017 15:06:20 API.py [line:222] ERROR 400 statuses/filter text {u'delete': {u'status': {u'user_id_str': u'14468325', u'user_id': 14468325, u'id': 868306808657502210L, u'id_str': u'868306808657502210'}, u'timestamp_ms': u'1495868712011'}}
Sat 27 May 2017 15:06:25 API.py [line:222] ERROR 400 statuses/filter text {u'delete': {u'status': {u'user_id_str': u'303108012', u'user_id': 303108012, u'id': 868362586127048704L, u'id_str': u'868362586127048704'}, u'timestamp_ms': u'1495868767643'}}
Sat 27 May 2017 15:07:16 API.py [line:222] ERROR 400 statuses/filter text {u'delete': {u'status': {u'user_id_str': u'24971644', u'user_id': 24971644, u'id': 868329702125166592L, u'id_str': u'868329702125166592'}, u'timestamp_ms': u'1495868812676'}}
Sat 27 May 2017 15:07:35 API.py [line:222] ERROR 400 statuses/filter text {u'delete': {u'status': {u'user_id_str': u'24971644', u'user_id': 24971644, u'id': 868323325545787395L, u'id_str': u'868323325545787395'}, u'timestamp_ms': u'1495868825121'}}
Sat 27 May 2017 15:07:39 API.py [line:222] ERROR 400 statuses/filter text {u'delete': {u'status': {u'user_id_str': u'23797583', u'user_id': 23797583, u'id': 868157675099574274L, u'id_str': u'868157675099574274'}, u'timestamp_ms': u'1495868838773'}}
Sat 27 May 2017 15:07:45 API.py [line:222] ERROR 400 statuses/filter text {u'delete': {u'status': {u'user_id_str': u'24971644', u'user_id': 24971644, u'id': 868321043206860801L, u'id_str': u'868321043206860801'}, u'timestamp_ms': u'1495868833230'}}
Sat 27 May 2017 15:07:50 API.py [line:222] ERROR 400 statuses/filter text {u'delete': {u'status': {u'user_id_str': u'283089751', u'user_id': 283089751, u'id': 868045383087345664L, u'id_str': u'868045383087345664'}, u'timestamp_ms': u'1495868837978'}}
Sat 27 May 2017 15:07:50 API.py [line:222] ERROR 400 statuses/filter text {u'delete': {u'status': {u'user_id_str': u'24971644', u'user_id': 24971644, u'id': 868319565993967616L, u'id_str': u'868319565993967616'}, u'timestamp_ms': u'1495868838975'}}
Sat 27 May 2017 15:08:24 API.py [line:222] ERROR 400 statuses/filter text {u'delete': {u'status': {u'user_id_str': u'89438779', u'user_id': 89438779, u'id': 868350801038778368L, u'id_str': u'868350801038778368'}, u'timestamp_ms': u'1495868864803'}}
Sat 27 May 2017 15:08:39 API.py [line:222] ERROR 400 statuses/filter text {u'delete': {u'status': {u'user_id_str': u'31750838', u'user_id': 31750838, u'id': 868225189892542466L, u'id_str': u'868225189892542466'}, u'timestamp_ms': u'1495868818443'}}
Sat 27 May 2017 15:09:02 API.py [line:222] ERROR 400 statuses/filter text {u'delete': {u'status': {u'user_id_str': u'905221027', u'user_id': 905221027, u'id': 868356281760874496L, u'id_str': u'868356281760874496'}, u'timestamp_ms': u'1495868890326'}}
Sat 27 May 2017 15:09:12 TwitterError.py [line:21] WARNING <class 'requests.packages.urllib3.exceptions.ReadTimeoutError'> HTTPSConnectionPool(host='stream.twitter.com', port=443): Read timed out.
Sat 27 May 2017 15:09:32 API.py [line:222] ERROR 400 statuses/filter text {u'delete': {u'status': {u'user_id_str': u'168090600', u'user_id': 168090600, u'id': 868249376757624832L, u'id_str': u'868249376757624832'}, u'timestamp_ms': u'1495868891160'}}
Sat 27 May 2017 15:10:28 API.py [line:222] ERROR 400 statuses/filter text {u'delete': {u'status': {u'user_id_str': u'168090600', u'user_id': 168090600, u'id': 868236057774628866L, u'id_str': u'868236057774628866'}, u'timestamp_ms': u'1495868932365'}}
Sat 27 May 2017 15:10:35 API.py [line:222] ERROR 400 statuses/filter text {u'delete': {u'status': {u'user_id_str': u'339581630', u'user_id': 339581630, u'id': 868363378158391296L, u'id_str': u'868363378158391296'}, u'timestamp_ms': u'1495868940037'}}
Sat 27 May 2017 15:10:36 TwitterError.py [line:21] WARNING <class 'requests.packages.urllib3.exceptions.ReadTimeoutError'> HTTPSConnectionPool(host='stream.twitter.com', port=443): Read timed out.
Sat 27 May 2017 15:11:28 API.py [line:222] ERROR 400 statuses/filter text {u'delete': {u'status': {u'user_id_str': u'1438931450', u'user_id': 1438931450, u'id': 868219215102300161L, u'id_str': u'868219215102300161'}, u'timestamp_ms': u'1495869026894'}}
Sat 27 May 2017 15:11:31 API.py [line:222] ERROR 400 statuses/filter text {u'delete': {u'status': {u'user_id_str': u'1438931450', u'user_id': 1438931450, u'id': 868219198698381312L, u'id_str': u'868219198698381312'}, u'timestamp_ms': u'1495869033001'}}
Sat 27 May 2017 15:11:41 API.py [line:222] ERROR 400 statuses/filter text {u'delete': {u'status': {u'user_id_str': u'102873130', u'user_id': 102873130, u'id': 735255845219536899L, u'id_str': u'735255845219536899'}, u'timestamp_ms': u'1495869047797'}}
Sat 27 May 2017 15:11:41 API.py [line:222] ERROR 400 statuses/filter text {u'delete': {u'status': {u'user_id_str': u'102873130', u'user_id': 102873130, u'id': 735937681490907136L, u'id_str': u'735937681490907136'}, u'timestamp_ms': u'1495869047785'}}
Sat 27 May 2017 15:11:41 API.py [line:222] ERROR 400 statuses/filter text {u'delete': {u'status': {u'user_id_str': u'102873130', u'user_id': 102873130, u'id': 735506648400285696L, u'id_str': u'735506648400285696'}, u'timestamp_ms': u'1495869047783'}}
Sat 27 May 2017 15:11:41 API.py [line:222] ERROR 400 statuses/filter text {u'delete': {u'status': {u'user_id_str': u'102873130', u'user_id': 102873130, u'id': 735853068651245568L, u'id_str': u'735853068651245568'}, u'timestamp_ms': u'1495869047788'}}
Sat 27 May 2017 15:11:41 API.py [line:222] ERROR 400 statuses/filter text {u'delete': {u'status': {u'user_id_str': u'102873130', u'user_id': 102873130, u'id': 735870785244565504L, u'id_str': u'735870785244565504'}, u'timestamp_ms': u'1495869047799'}}
Sat 27 May 2017 15:11:41 API.py [line:222] ERROR 400 statuses/filter text {u'delete': {u'status': {u'user_id_str': u'102873130', u'user_id': 102873130, u'id': 735864408413491200L, u'id_str': u'735864408413491200'}, u'timestamp_ms': u'1495869047788'}}
Sat 27 May 2017 15:11:41 API.py [line:222] ERROR 400 statuses/filter text {u'delete': {u'status': {u'user_id_str': u'102873130', u'user_id': 102873130, u'id': 735255728420737024L, u'id_str': u'735255728420737024'}, u'timestamp_ms': u'1495869047803'}}
Sat 27 May 2017 15:11:42 API.py [line:222] ERROR 400 statuses/filter text {u'delete': {u'status': {u'user_id_str': u'102873130', u'user_id': 102873130, u'id': 734944561093578753L, u'id_str': u'734944561093578753'}, u'timestamp_ms': u'1495869047904'}}
Sat 27 May 2017 15:12:06 API.py [line:222] ERROR 400 statuses/filter text {u'delete': {u'status': {u'user_id_str': u'73181817', u'user_id': 73181817, u'id': 868363890538586117L, u'id_str': u'868363890538586117'}, u'timestamp_ms': u'1495869065658'}}
Sat 27 May 2017 15:12:26 API.py [line:222] ERROR 400 statuses/filter text {u'delete': {u'status': {u'user_id_str': u'177101260', u'user_id': 177101260, u'id': 868342857500962816L, u'id_str': u'868342857500962816'}, u'timestamp_ms': u'1495869059691'}}
Sat 27 May 2017 15:12:44 TwitterError.py [line:21] WARNING <class 'requests.packages.urllib3.exceptions.ReadTimeoutError'> HTTPSConnectionPool(host='stream.twitter.com', port=443): Read timed out.
Sat 27 May 2017 15:13:26 API.py [line:222] ERROR 400 statuses/filter text {u'delete': {u'status': {u'user_id_str': u'19482768', u'user_id': 19482768, u'id': 868364323613265922L, u'id_str': u'868364323613265922'}, u'timestamp_ms': u'1495869176747'}}
Sat 27 May 2017 15:13:37 API.py [line:222] ERROR 400 statuses/filter text {u'delete': {u'status': {u'user_id_str': u'89739983', u'user_id': 89739983, u'id': 865866219907362816L, u'id_str': u'865866219907362816'}, u'timestamp_ms': u'1495869181276'}}
Sat 27 May 2017 15:14:55 API.py [line:222] ERROR 400 statuses/filter text {u'delete': {u'status': {u'user_id_str': u'401040929', u'user_id': 401040929, u'id': 868364587812376576L, u'id_str': u'868364587812376576'}, u'timestamp_ms': u'1495869255890'}}
Sat 27 May 2017 15:15:08 API.py [line:222] ERROR 400 statuses/filter text {u'delete': {u'status': {u'user_id_str': u'149516743', u'user_id': 149516743, u'id': 868364139806298112L, u'id_str': u'868364139806298112'}, u'timestamp_ms': u'1495869274738'}}
Sat 27 May 2017 15:15:09 TwitterError.py [line:21] WARNING <class 'requests.packages.urllib3.exceptions.ReadTimeoutError'> HTTPSConnectionPool(host='stream.twitter.com', port=443): Read timed out.
Sat 27 May 2017 15:15:27 API.py [line:222] ERROR 400 statuses/filter text {u'delete': {u'status': {u'user_id_str': u'152619765', u'user_id': 152619765, u'id': 868357344144633856L, u'id_str': u'868357344144633856'}, u'timestamp_ms': u'1495869241054'}}
Sat 27 May 2017 15:15:46 API.py [line:222] ERROR 400 statuses/filter text {u'delete': {u'status': {u'user_id_str': u'27284203', u'user_id': 27284203, u'id': 868364686999175168L, u'id_str': u'868364686999175168'}, u'timestamp_ms': u'1495869255742'}}
Sat 27 May 2017 15:15:47 API.py [line:222] ERROR 400 statuses/filter text {u'delete': {u'status': {u'user_id_str': u'84788121', u'user_id': 84788121, u'id': 868365064616771584L, u'id_str': u'868365064616771584'}, u'timestamp_ms': u'1495869343447'}}
Sat 27 May 2017 15:15:55 API.py [line:222] ERROR 400 statuses/filter text {u'delete': {u'status': {u'user_id_str': u'1724325319', u'user_id': 1724325319, u'id': 865206936446287872L, u'id_str': u'865206936446287872'}, u'timestamp_ms': u'1495869316618'}}
Sat 27 May 2017 15:15:59 API.py [line:222] ERROR 400 statuses/filter text {u'delete': {u'status': {u'user_id_str': u'2744251128', u'user_id': 2744251128L, u'id': 868359108776280066L, u'id_str': u'868359108776280066'}, u'timestamp_ms': u'1495869280323'}}
Sat 27 May 2017 15:17:15 API.py [line:222] ERROR 400 statuses/filter text {u'delete': {u'status': {u'user_id_str': u'4372136314', u'user_id': 4372136314L, u'id': 868098937151946752L, u'id_str': u'868098937151946752'}, u'timestamp_ms': u'1495869349193'}}
Sat 27 May 2017 15:17:21 API.py [line:222] ERROR 400 statuses/filter text {u'delete': {u'status': {u'user_id_str': u'122152133', u'user_id': 122152133, u'id': 868363950647332864L, u'id_str': u'868363950647332864'}, u'timestamp_ms': u'1495869434284'}}
Sat 27 May 2017 15:17:31 API.py [line:222] ERROR 400 statuses/filter text {u'delete': {u'status': {u'user_id_str': u'75506034', u'user_id': 75506034, u'id': 868365135517290496L, u'id_str': u'868365135517290496'}, u'timestamp_ms': u'1495869359581'}}
Sat 27 May 2017 15:18:31 API.py [line:222] ERROR 400 statuses/filter text {u'delete': {u'status': {u'user_id_str': u'122152133', u'user_id': 122152133, u'id': 868225984968962048L, u'id_str': u'868225984968962048'}, u'timestamp_ms': u'1495869507742'}}
Sat 27 May 2017 15:18:43 API.py [line:222] ERROR 400 statuses/filter text {u'delete': {u'status': {u'user_id_str': u'23797583', u'user_id': 23797583, u'id': 868365405202632704L, u'id_str': u'868365405202632704'}, u'timestamp_ms': u'1495869445752'}}
Sat 27 May 2017 15:19:26 TwitterError.py [line:21] WARNING <class 'requests.packages.urllib3.exceptions.ReadTimeoutError'> HTTPSConnectionPool(host='stream.twitter.com', port=443): Read timed out.
Sat 27 May 2017 15:19:42 API.py [line:222] ERROR 400 statuses/filter text {u'delete': {u'status': {u'user_id_str': u'582893544', u'user_id': 582893544, u'id': 868360633363832832L, u'id_str': u'868360633363832832'}, u'timestamp_ms': u'1495869491087'}}
Sat 27 May 2017 15:19:42 API.py [line:222] ERROR 400 statuses/filter text {u'delete': {u'status': {u'user_id_str': u'582893544', u'user_id': 582893544, u'id': 868360633976184832L, u'id_str': u'868360633976184832'}, u'timestamp_ms': u'1495869491161'}}
Sat 27 May 2017 15:19:42 API.py [line:222] ERROR 400 statuses/filter text {u'delete': {u'status': {u'user_id_str': u'582893544', u'user_id': 582893544, u'id': 868360634605252608L, u'id_str': u'868360634605252608'}, u'timestamp_ms': u'1495869491298'}}
Sat 27 May 2017 15:20:02 API.py [line:222] ERROR 400 statuses/filter text {u'delete': {u'status': {u'user_id_str': u'305433319', u'user_id': 305433319, u'id': 859360358011514882L, u'id_str': u'859360358011514882'}, u'timestamp_ms': u'1495869519731'}}
Sat 27 May 2017 15:20:17 API.py [line:222] ERROR 400 statuses/filter text {u'delete': {u'status': {u'user_id_str': u'1724325319', u'user_id': 1724325319, u'id': 862204554833674240L, u'id_str': u'862204554833674240'}, u'timestamp_ms': u'1495869550561'}}
Sat 27 May 2017 15:20:28 API.py [line:222] ERROR 400 statuses/filter text {u'delete': {u'status': {u'user_id_str': u'305433319', u'user_id': 305433319, u'id': 859484760749428737L, u'id_str': u'859484760749428737'}, u'timestamp_ms': u'1495869531042'}}
Sat 27 May 2017 15:22:01 API.py [line:222] ERROR 400 statuses/filter text {u'delete': {u'status': {u'user_id_str': u'19811190', u'user_id': 19811190, u'id': 868226644837892097L, u'id_str': u'868226644837892097'}, u'timestamp_ms': u'1495869662045'}}
Sat 27 May 2017 15:22:05 API.py [line:222] ERROR 400 statuses/filter text {u'delete': {u'status': {u'user_id_str': u'68209099', u'user_id': 68209099, u'id': 868165492791541760L, u'id_str': u'868165492791541760'}, u'timestamp_ms': u'1495869667726'}}
Sat 27 May 2017 15:22:08 API.py [line:222] ERROR 400 statuses/filter text {u'delete': {u'status': {u'user_id_str': u'1229524268', u'user_id': 1229524268, u'id': 868207757727543296L, u'id_str': u'868207757727543296'}, u'timestamp_ms': u'1495869661947'}}
Sat 27 May 2017 15:22:12 API.py [line:222] ERROR 400 statuses/filter text {u'delete': {u'status': {u'user_id_str': u'6664162', u'user_id': 6664162, u'id': 868220604847206401L, u'id_str': u'868220604847206401'}, u'timestamp_ms': u'1495869668070'}}
Sat 27 May 2017 15:22:43 API.py [line:222] ERROR 400 statuses/filter text {u'delete': {u'status': {u'user_id_str': u'2512824441', u'user_id': 2512824441L, u'id': 868161657524154368L, u'id_str': u'868161657524154368'}, u'timestamp_ms': u'1495869705845'}}
Sat 27 May 2017 15:23:01 API.py [line:222] ERROR 400 statuses/filter text {u'delete': {u'status': {u'user_id_str': u'16566726', u'user_id': 16566726, u'id': 868155146651533312L, u'id_str': u'868155146651533312'}, u'timestamp_ms': u'1495869718603'}}
Sat 27 May 2017 15:23:04 API.py [line:222] ERROR 400 statuses/filter text {u'delete': {u'status': {u'user_id_str': u'265902249', u'user_id': 265902249, u'id': 868234563469942784L, u'id_str': u'868234563469942784'}, u'timestamp_ms': u'1495869780806'}}
Sat 27 May 2017 15:23:12 API.py [line:222] ERROR 400 statuses/filter text {u'delete': {u'status': {u'user_id_str': u'88165761', u'user_id': 88165761, u'id': 868222362847776768L, u'id_str': u'868222362847776768'}, u'timestamp_ms': u'1495869731472'}}
Sat 27 May 2017 15:23:28 TwitterError.py [line:21] WARNING <class 'requests.packages.urllib3.exceptions.ReadTimeoutError'> HTTPSConnectionPool(host='stream.twitter.com', port=443): Read timed out.
Sat 27 May 2017 15:24:02 API.py [line:222] ERROR 400 statuses/filter text {u'delete': {u'status': {u'user_id_str': u'4705502727', u'user_id': 4705502727L, u'id': 868315320024522752L, u'id_str': u'868315320024522752'}, u'timestamp_ms': u'1495869835994'}}
Sat 27 May 2017 15:24:13 API.py [line:222] ERROR 400 statuses/filter text {u'delete': {u'status': {u'user_id_str': u'2220972476', u'user_id': 2220972476L, u'id': 868364342407962625L, u'id_str': u'868364342407962625'}, u'timestamp_ms': u'1495869785028'}}
Sat 27 May 2017 15:24:13 API.py [line:222] ERROR 400 statuses/filter text {u'delete': {u'status': {u'user_id_str': u'2220972476', u'user_id': 2220972476L, u'id': 868363670811815936L, u'id_str': u'868363670811815936'}, u'timestamp_ms': u'1495869785244'}}
Sat 27 May 2017 15:24:15 API.py [line:222] ERROR 400 statuses/filter text {u'delete': {u'status': {u'user_id_str': u'2220972476', u'user_id': 2220972476L, u'id': 868360941066485760L, u'id_str': u'868360941066485760'}, u'timestamp_ms': u'1495869786467'}}
Sat 27 May 2017 15:24:15 API.py [line:222] ERROR 400 statuses/filter text {u'delete': {u'status': {u'user_id_str': u'2220972476', u'user_id': 2220972476L, u'id': 868359970785562624L, u'id_str': u'868359970785562624'}, u'timestamp_ms': u'1495869787712'}}
Sat 27 May 2017 15:24:16 API.py [line:222] ERROR 400 statuses/filter text {u'delete': {u'status': {u'user_id_str': u'2220972476', u'user_id': 2220972476L, u'id': 868358571767074816L, u'id_str': u'868358571767074816'}, u'timestamp_ms': u'1495869787930'}}
Sat 27 May 2017 15:24:26 API.py [line:222] ERROR 400 statuses/filter text {u'delete': {u'status': {u'user_id_str': u'2220972476', u'user_id': 2220972476L, u'id': 868358133952815104L, u'id_str': u'868358133952815104'}, u'timestamp_ms': u'1495869793791'}}
Sat 27 May 2017 15:24:30 API.py [line:222] ERROR 400 statuses/filter text {u'delete': {u'status': {u'user_id_str': u'305433319', u'user_id': 305433319, u'id': 858716680486125568L, u'id_str': u'858716680486125568'}, u'timestamp_ms': u'1495869798895'}}
Sat 27 May 2017 15:24:30 API.py [line:222] ERROR 400 statuses/filter text {u'delete': {u'status': {u'user_id_str': u'2220972476', u'user_id': 2220972476L, u'id': 868352358153162752L, u'id_str': u'868352358153162752'}, u'timestamp_ms': u'1495869799250'}}
Sat 27 May 2017 15:24:31 API.py [line:222] ERROR 400 statuses/filter text {u'delete': {u'status': {u'user_id_str': u'2220972476', u'user_id': 2220972476L, u'id': 868348608218902528L, u'id_str': u'868348608218902528'}, u'timestamp_ms': u'1495869799469'}}
Sat 27 May 2017 15:24:36 API.py [line:222] ERROR 400 statuses/filter text {u'delete': {u'status': {u'user_id_str': u'1122595717', u'user_id': 1122595717, u'id': 868367050896441344L, u'id_str': u'868367050896441344'}, u'timestamp_ms': u'1495869816346'}}
Sat 27 May 2017 15:24:36 API.py [line:222] ERROR 400 statuses/filter text {u'delete': {u'status': {u'user_id_str': u'305433319', u'user_id': 305433319, u'id': 858714801253498880L, u'id_str': u'858714801253498880'}, u'timestamp_ms': u'1495869815191'}}
Sat 27 May 2017 15:24:45 API.py [line:222] ERROR 400 statuses/filter text {u'delete': {u'status': {u'user_id_str': u'627252583', u'user_id': 627252583, u'id': 867758138371518464L, u'id_str': u'867758138371518464'}, u'timestamp_ms': u'1495869882219'}}
Sat 27 May 2017 15:24:52 API.py [line:222] ERROR 400 statuses/filter text {u'delete': {u'status': {u'user_id_str': u'272698667', u'user_id': 272698667, u'id': 868367086350938114L, u'id_str': u'868367086350938114'}, u'timestamp_ms': u'1495869832023'}}
Sat 27 May 2017 15:24:53 API.py [line:222] ERROR 400 statuses/filter text {u'delete': {u'status': {u'user_id_str': u'305433319', u'user_id': 305433319, u'id': 857885734858043392L, u'id_str': u'857885734858043392'}, u'timestamp_ms': u'1495869832752'}}
Sat 27 May 2017 15:24:54 API.py [line:222] ERROR 400 statuses/filter text {u'delete': {u'status': {u'user_id_str': u'320075522', u'user_id': 320075522, u'id': 868365056223924224L, u'id_str': u'868365056223924224'}, u'timestamp_ms': u'1495869887859'}}
Sat 27 May 2017 15:25:04 API.py [line:222] ERROR 400 statuses/filter text {u'delete': {u'status': {u'user_id_str': u'305433319', u'user_id': 305433319, u'id': 857884293900759040L, u'id_str': u'857884293900759040'}, u'timestamp_ms': u'1495869837238'}}
Sat 27 May 2017 15:25:17 API.py [line:222] ERROR 400 statuses/filter text {u'delete': {u'status': {u'user_id_str': u'1724325319', u'user_id': 1724325319, u'id': 860992733875273728L, u'id_str': u'860992733875273728'}, u'timestamp_ms': u'1495869843253'}}
Sat 27 May 2017 15:25:17 API.py [line:222] ERROR 400 statuses/filter text {u'delete': {u'status': {u'user_id_str': u'865346112', u'user_id': 865346112, u'id': 868211105574866946L, u'id_str': u'868211105574866946'}, u'timestamp_ms': u'1495869843403'}}
Sat 27 May 2017 15:25:17 API.py [line:222] ERROR 400 statuses/filter text {u'delete': {u'status': {u'user_id_str': u'20812431', u'user_id': 20812431, u'id': 868240198068514816L, u'id_str': u'868240198068514816'}, u'timestamp_ms': u'1495869843712'}}
Sat 27 May 2017 15:25:20 API.py [line:222] ERROR 400 statuses/filter text {u'delete': {u'status': {u'user_id_str': u'28580457', u'user_id': 28580457, u'id': 868244145613266945L, u'id_str': u'868244145613266945'}, u'timestamp_ms': u'1495869843733'}}
Sat 27 May 2017 15:25:26 API.py [line:222] ERROR 400 statuses/filter text {u'delete': {u'status': {u'user_id_str': u'305433319', u'user_id': 305433319, u'id': 857850578357170176L, u'id_str': u'857850578357170176'}, u'timestamp_ms': u'1495869848605'}}
Sat 27 May 2017 15:25:31 API.py [line:222] ERROR 400 statuses/filter text {u'delete': {u'status': {u'user_id_str': u'305433319', u'user_id': 305433319, u'id': 857848708569997316L, u'id_str': u'857848708569997316'}, u'timestamp_ms': u'1495869856299'}}
Sat 27 May 2017 15:25:48 API.py [line:222] ERROR 400 statuses/filter text {u'delete': {u'status': {u'user_id_str': u'20643835', u'user_id': 20643835, u'id': 868184937467432961L, u'id_str': u'868184937467432961'}, u'timestamp_ms': u'1495869877414'}}
Sat 27 May 2017 15:25:49 API.py [line:222] ERROR 400 statuses/filter text {u'delete': {u'status': {u'user_id_str': u'305433319', u'user_id': 305433319, u'id': 857579199673933824L, u'id_str': u'857579199673933824'}, u'timestamp_ms': u'1495869879727'}}
Sat 27 May 2017 15:25:50 API.py [line:222] ERROR 400 statuses/filter text {u'delete': {u'status': {u'user_id_str': u'831305353', u'user_id': 831305353, u'id': 868358601169137664L, u'id_str': u'868358601169137664'}, u'timestamp_ms': u'1495869880494'}}
Sat 27 May 2017 15:25:50 API.py [line:222] ERROR 400 statuses/filter text {u'delete': {u'status': {u'user_id_str': u'91870534', u'user_id': 91870534, u'id': 868059831009255425L, u'id_str': u'868059831009255425'}, u'timestamp_ms': u'1495869876994'}}
Sat 27 May 2017 15:25:58 API.py [line:222] ERROR 400 statuses/filter text {u'delete': {u'status': {u'user_id_str': u'855402486', u'user_id': 855402486, u'id': 812493891127672832L, u'id_str': u'812493891127672832'}, u'timestamp_ms': u'1495869886732'}}
Sat 27 May 2017 15:26:03 API.py [line:222] ERROR 400 statuses/filter text {u'delete': {u'status': {u'user_id_str': u'305433319', u'user_id': 305433319, u'id': 856858908719185921L, u'id_str': u'856858908719185921'}, u'timestamp_ms': u'1495869891033'}}
Sat 27 May 2017 15:26:18 API.py [line:222] ERROR 400 statuses/filter text {u'delete': {u'status': {u'user_id_str': u'305433319', u'user_id': 305433319, u'id': 856735517626466304L, u'id_str': u'856735517626466304'}, u'timestamp_ms': u'1495869902123'}}
Sat 27 May 2017 15:26:53 API.py [line:222] ERROR 400 statuses/filter text {u'delete': {u'status': {u'user_id_str': u'6664162', u'user_id': 6664162, u'id': 868225702696505350L, u'id_str': u'868225702696505350'}, u'timestamp_ms': u'1495869923269'}}
Sat 27 May 2017 15:27:12 API.py [line:222] ERROR 400 statuses/filter text {u'delete': {u'status': {u'user_id_str': u'305433319', u'user_id': 305433319, u'id': 856358413717995520L, u'id_str': u'856358413717995520'}, u'timestamp_ms': u'1495869940297'}}
Sat 27 May 2017 15:27:17 API.py [line:222] ERROR 400 statuses/filter text {u'delete': {u'status': {u'user_id_str': u'245660224', u'user_id': 245660224, u'id': 844953376530087936L, u'id_str': u'844953376530087936'}, u'timestamp_ms': u'1495869945206'}}
Sat 27 May 2017 15:27:17 API.py [line:222] ERROR 400 statuses/filter text {u'delete': {u'status': {u'user_id_str': u'121882782', u'user_id': 121882782, u'id': 844757944784728066L, u'id_str': u'844757944784728066'}, u'timestamp_ms': u'1495869946514'}}
Sat 27 May 2017 15:27:17 API.py [line:222] ERROR 400 statuses/filter text {u'delete': {u'status': {u'user_id_str': u'74964468', u'user_id': 74964468, u'id': 868159986769244165L, u'id_str': u'868159986769244165'}, u'timestamp_ms': u'1495870033831'}}
Sat 27 May 2017 15:27:38 API.py [line:222] ERROR 400 statuses/filter text {u'delete': {u'status': {u'user_id_str': u'305433319', u'user_id': 305433319, u'id': 856279954165596161L, u'id_str': u'856279954165596161'}, u'timestamp_ms': u'1495869956858'}}
Sat 27 May 2017 15:27:40 API.py [line:222] ERROR 400 statuses/filter text {u'delete': {u'status': {u'user_id_str': u'373937708', u'user_id': 373937708, u'id': 868050551346429952L, u'id_str': u'868050551346429952'}, u'timestamp_ms': u'1495869967282'}}
Sat 27 May 2017 15:27:43 API.py [line:222] ERROR 400 statuses/filter text {u'delete': {u'status': {u'user_id_str': u'1933141', u'user_id': 1933141, u'id': 863102779702824965L, u'id_str': u'863102779702824965'}, u'timestamp_ms': u'1495870052927'}}
Sat 27 May 2017 15:27:43 API.py [line:222] ERROR 400 statuses/filter text {u'delete': {u'status': {u'user_id_str': u'1933141', u'user_id': 1933141, u'id': 863157014259789825L, u'id_str': u'863157014259789825'}, u'timestamp_ms': u'1495870052910'}}
Sat 27 May 2017 15:27:43 API.py [line:222] ERROR 400 statuses/filter text {u'delete': {u'status': {u'user_id_str': u'1933141', u'user_id': 1933141, u'id': 863103304859090944L, u'id_str': u'863103304859090944'}, u'timestamp_ms': u'1495870052915'}}
Sat 27 May 2017 15:27:43 API.py [line:222] ERROR 400 statuses/filter text {u'delete': {u'status': {u'user_id_str': u'1933141', u'user_id': 1933141, u'id': 863108675304599552L, u'id_str': u'863108675304599552'}, u'timestamp_ms': u'1495870052907'}}
Sat 27 May 2017 15:27:43 API.py [line:222] ERROR 400 statuses/filter text {u'delete': {u'status': {u'user_id_str': u'1933141', u'user_id': 1933141, u'id': 863134030425968640L, u'id_str': u'863134030425968640'}, u'timestamp_ms': u'1495870052919'}}
Sat 27 May 2017 15:27:43 API.py [line:222] ERROR 400 statuses/filter text {u'delete': {u'status': {u'user_id_str': u'1933141', u'user_id': 1933141, u'id': 863101084319047685L, u'id_str': u'863101084319047685'}, u'timestamp_ms': u'1495870052941'}}
Sat 27 May 2017 15:27:43 API.py [line:222] ERROR 400 statuses/filter text {u'delete': {u'status': {u'user_id_str': u'1933141', u'user_id': 1933141, u'id': 862819938750394368L, u'id_str': u'862819938750394368'}, u'timestamp_ms': u'1495870053011'}}
Sat 27 May 2017 15:27:43 API.py [line:222] ERROR 400 statuses/filter text {u'delete': {u'status': {u'user_id_str': u'1933141', u'user_id': 1933141, u'id': 863100774414516225L, u'id_str': u'863100774414516225'}, u'timestamp_ms': u'1495870052936'}}
Sat 27 May 2017 15:27:43 API.py [line:222] ERROR 400 statuses/filter text {u'delete': {u'status': {u'user_id_str': u'1933141', u'user_id': 1933141, u'id': 863157959022587905L, u'id_str': u'863157959022587905'}, u'timestamp_ms': u'1495870052911'}}
Sat 27 May 2017 15:27:43 API.py [line:222] ERROR 400 statuses/filter text {u'delete': {u'status': {u'user_id_str': u'1933141', u'user_id': 1933141, u'id': 863200176760135680L, u'id_str': u'863200176760135680'}, u'timestamp_ms': u'1495870052947'}}
Sat 27 May 2017 15:27:43 API.py [line:222] ERROR 400 statuses/filter text {u'delete': {u'status': {u'user_id_str': u'1933141', u'user_id': 1933141, u'id': 863100578007834630L, u'id_str': u'863100578007834630'}, u'timestamp_ms': u'1495870052985'}}
Sat 27 May 2017 15:27:43 API.py [line:222] ERROR 400 statuses/filter text {u'delete': {u'status': {u'user_id_str': u'1933141', u'user_id': 1933141, u'id': 862818738747396096L, u'id_str': u'862818738747396096'}, u'timestamp_ms': u'1495870053013'}}
Sat 27 May 2017 15:27:43 API.py [line:222] ERROR 400 statuses/filter text {u'delete': {u'status': {u'user_id_str': u'1933141', u'user_id': 1933141, u'id': 863063754912784384L, u'id_str': u'863063754912784384'}, u'timestamp_ms': u'1495870052987'}}
Sat 27 May 2017 15:27:43 API.py [line:222] ERROR 400 statuses/filter text {u'delete': {u'status': {u'user_id_str': u'1933141', u'user_id': 1933141, u'id': 863063253139763201L, u'id_str': u'863063253139763201'}, u'timestamp_ms': u'1495870053071'}}
Sat 27 May 2017 15:27:43 API.py [line:222] ERROR 400 statuses/filter text {u'delete': {u'status': {u'user_id_str': u'1933141', u'user_id': 1933141, u'id': 862809167198916608L, u'id_str': u'862809167198916608'}, u'timestamp_ms': u'1495870053021'}}
Sat 27 May 2017 15:27:43 API.py [line:222] ERROR 400 statuses/filter text {u'delete': {u'status': {u'user_id_str': u'1933141', u'user_id': 1933141, u'id': 862742213150875649L, u'id_str': u'862742213150875649'}, u'timestamp_ms': u'1495870053044'}}
Sat 27 May 2017 15:27:43 API.py [line:222] ERROR 400 statuses/filter text {u'delete': {u'status': {u'user_id_str': u'1933141', u'user_id': 1933141, u'id': 863098857353351168L, u'id_str': u'863098857353351168'}, u'timestamp_ms': u'1495870053041'}}
Sat 27 May 2017 15:27:43 API.py [line:222] ERROR 400 statuses/filter text {u'delete': {u'status': {u'user_id_str': u'1933141', u'user_id': 1933141, u'id': 862818667888873472L, u'id_str': u'862818667888873472'}, u'timestamp_ms': u'1495870053016'}}
Sat 27 May 2017 15:27:43 API.py [line:222] ERROR 400 statuses/filter text {u'delete': {u'status': {u'user_id_str': u'1933141', u'user_id': 1933141, u'id': 862742226673299456L, u'id_str': u'862742226673299456'}, u'timestamp_ms': u'1495870053060'}}
Sat 27 May 2017 15:27:44 API.py [line:222] ERROR 400 statuses/filter text {u'delete': {u'status': {u'user_id_str': u'1933141', u'user_id': 1933141, u'id': 862818374396649475L, u'id_str': u'862818374396649475'}, u'timestamp_ms': u'1495870053071'}}
Sat 27 May 2017 15:27:44 API.py [line:222] ERROR 400 statuses/filter text {u'delete': {u'status': {u'user_id_str': u'1933141', u'user_id': 1933141, u'id': 862377568850374656L, u'id_str': u'862377568850374656'}, u'timestamp_ms': u'1495870054253'}}
Sat 27 May 2017 15:27:44 API.py [line:222] ERROR 400 statuses/filter text {u'delete': {u'status': {u'user_id_str': u'1933141', u'user_id': 1933141, u'id': 862680497658482688L, u'id_str': u'862680497658482688'}, u'timestamp_ms': u'1495870054247'}}
Sat 27 May 2017 15:27:44 API.py [line:222] ERROR 400 statuses/filter text {u'delete': {u'status': {u'user_id_str': u'1933141', u'user_id': 1933141, u'id': 862628457800499200L, u'id_str': u'862628457800499200'}, u'timestamp_ms': u'1495870054251'}}
Sat 27 May 2017 15:27:44 API.py [line:222] ERROR 400 statuses/filter text {u'delete': {u'status': {u'user_id_str': u'1933141', u'user_id': 1933141, u'id': 862637075547521024L, u'id_str': u'862637075547521024'}, u'timestamp_ms': u'1495870054259'}}
Sat 27 May 2017 15:27:44 API.py [line:222] ERROR 400 statuses/filter text {u'delete': {u'status': {u'user_id_str': u'1933141', u'user_id': 1933141, u'id': 862473583746064384L, u'id_str': u'862473583746064384'}, u'timestamp_ms': u'1495870054254'}}
Sat 27 May 2017 15:27:44 API.py [line:222] ERROR 400 statuses/filter text {u'delete': {u'status': {u'user_id_str': u'1933141', u'user_id': 1933141, u'id': 862473064814170113L, u'id_str': u'862473064814170113'}, u'timestamp_ms': u'1495870054250'}}
Sat 27 May 2017 15:27:44 API.py [line:222] ERROR 400 statuses/filter text {u'delete': {u'status': {u'user_id_str': u'1933141', u'user_id': 1933141, u'id': 862724611645075457L, u'id_str': u'862724611645075457'}, u'timestamp_ms': u'1495870054240'}}
Sat 27 May 2017 15:27:44 API.py [line:222] ERROR 400 statuses/filter text {u'delete': {u'status': {u'user_id_str': u'1933141', u'user_id': 1933141, u'id': 862374030095122432L, u'id_str': u'862374030095122432'}, u'timestamp_ms': u'1495870054255'}}
Sat 27 May 2017 15:27:44 API.py [line:222] ERROR 400 statuses/filter text {u'delete': {u'status': {u'user_id_str': u'1933141', u'user_id': 1933141, u'id': 862628054308446210L, u'id_str': u'862628054308446210'}, u'timestamp_ms': u'1495870054281'}}
Sat 27 May 2017 15:27:44 API.py [line:222] ERROR 400 statuses/filter text {u'delete': {u'status': {u'user_id_str': u'1933141', u'user_id': 1933141, u'id': 862426274584829956L, u'id_str': u'862426274584829956'}, u'timestamp_ms': u'1495870054280'}}
Sat 27 May 2017 15:27:44 API.py [line:222] ERROR 400 statuses/filter text {u'delete': {u'status': {u'user_id_str': u'1933141', u'user_id': 1933141, u'id': 862624761540739072L, u'id_str': u'862624761540739072'}, u'timestamp_ms': u'1495870054286'}}
Sat 27 May 2017 15:27:44 API.py [line:222] ERROR 400 statuses/filter text {u'delete': {u'status': {u'user_id_str': u'1933141', u'user_id': 1933141, u'id': 862680586481270784L, u'id_str': u'862680586481270784'}, u'timestamp_ms': u'1495870054289'}}
Sat 27 May 2017 15:27:44 API.py [line:222] ERROR 400 statuses/filter text {u'delete': {u'status': {u'user_id_str': u'1933141', u'user_id': 1933141, u'id': 862680473549647872L, u'id_str': u'862680473549647872'}, u'timestamp_ms': u'1495870054263'}}
Sat 27 May 2017 15:27:44 API.py [line:222] ERROR 400 statuses/filter text {u'delete': {u'status': {u'user_id_str': u'1933141', u'user_id': 1933141, u'id': 862627672308015104L, u'id_str': u'862627672308015104'}, u'timestamp_ms': u'1495870054254'}}
Sat 27 May 2017 15:27:44 API.py [line:222] ERROR 400 statuses/filter text {u'delete': {u'status': {u'user_id_str': u'1933141', u'user_id': 1933141, u'id': 862680401508216832L, u'id_str': u'862680401508216832'}, u'timestamp_ms': u'1495870054283'}}
Sat 27 May 2017 15:27:44 API.py [line:222] ERROR 400 statuses/filter text {u'delete': {u'status': {u'user_id_str': u'1933141', u'user_id': 1933141, u'id': 862621834860167173L, u'id_str': u'862621834860167173'}, u'timestamp_ms': u'1495870054293'}}
Sat 27 May 2017 15:27:44 API.py [line:222] ERROR 400 statuses/filter text {u'delete': {u'status': {u'user_id_str': u'1933141', u'user_id': 1933141, u'id': 862472974686924802L, u'id_str': u'862472974686924802'}, u'timestamp_ms': u'1495870054305'}}
Sat 27 May 2017 15:27:44 API.py [line:222] ERROR 400 statuses/filter text {u'delete': {u'status': {u'user_id_str': u'1933141', u'user_id': 1933141, u'id': 862628488913793024L, u'id_str': u'862628488913793024'}, u'timestamp_ms': u'1495870054345'}}
Sat 27 May 2017 15:27:44 API.py [line:222] ERROR 400 statuses/filter text {u'delete': {u'status': {u'user_id_str': u'1933141', u'user_id': 1933141, u'id': 862378896037208064L, u'id_str': u'862378896037208064'}, u'timestamp_ms': u'1495870054352'}}
Sat 27 May 2017 15:27:44 API.py [line:222] ERROR 400 statuses/filter text {u'delete': {u'status': {u'user_id_str': u'1933141', u'user_id': 1933141, u'id': 862626840049070085L, u'id_str': u'862626840049070085'}, u'timestamp_ms': u'1495870054357'}}
Sat 27 May 2017 15:27:44 API.py [line:222] ERROR 400 statuses/filter text {u'delete': {u'status': {u'user_id_str': u'1933141', u'user_id': 1933141, u'id': 862308408770404352L, u'id_str': u'862308408770404352'}, u'timestamp_ms': u'1495870055551'}}
Sat 27 May 2017 15:27:44 API.py [line:222] ERROR 400 statuses/filter text {u'delete': {u'status': {u'user_id_str': u'1933141', u'user_id': 1933141, u'id': 862338115423399937L, u'id_str': u'862338115423399937'}, u'timestamp_ms': u'1495870055555'}}
Sat 27 May 2017 15:27:44 API.py [line:222] ERROR 400 statuses/filter text {u'delete': {u'status': {u'user_id_str': u'1933141', u'user_id': 1933141, u'id': 862354369899094017L, u'id_str': u'862354369899094017'}, u'timestamp_ms': u'1495870055548'}}
Sat 27 May 2017 15:27:44 API.py [line:222] ERROR 400 statuses/filter text {u'delete': {u'status': {u'user_id_str': u'1933141', u'user_id': 1933141, u'id': 862292223689445376L, u'id_str': u'862292223689445376'}, u'timestamp_ms': u'1495870055555'}}
Sat 27 May 2017 15:27:44 API.py [line:222] ERROR 400 statuses/filter text {u'delete': {u'status': {u'user_id_str': u'1933141', u'user_id': 1933141, u'id': 862282038107402240L, u'id_str': u'862282038107402240'}, u'timestamp_ms': u'1495870055557'}}
Sat 27 May 2017 15:27:44 API.py [line:222] ERROR 400 statuses/filter text {u'delete': {u'status': {u'user_id_str': u'1933141', u'user_id': 1933141, u'id': 862361227489677312L, u'id_str': u'862361227489677312'}, u'timestamp_ms': u'1495870055549'}}
Sat 27 May 2017 15:27:48 API.py [line:222] ERROR 400 statuses/filter text {u'delete': {u'status': {u'user_id_str': u'305433319', u'user_id': 305433319, u'id': 855408956981878785L, u'id_str': u'855408956981878785'}, u'timestamp_ms': u'1495869967162'}}
Sat 27 May 2017 15:28:00 API.py [line:222] ERROR 400 statuses/filter text {u'delete': {u'status': {u'user_id_str': u'305433319', u'user_id': 305433319, u'id': 855406856218476544L, u'id_str': u'855406856218476544'}, u'timestamp_ms': u'1495869980122'}}
Sat 27 May 2017 15:28:15 API.py [line:222] ERROR 400 statuses/filter text {u'delete': {u'status': {u'user_id_str': u'6664162', u'user_id': 6664162, u'id': 868096841073795073L, u'id_str': u'868096841073795073'}, u'timestamp_ms': u'1495869997297'}}
Sat 27 May 2017 15:28:15 API.py [line:222] ERROR 400 statuses/filter text {u'delete': {u'status': {u'user_id_str': u'88165761', u'user_id': 88165761, u'id': 868222138653827072L, u'id_str': u'868222138653827072'}, u'timestamp_ms': u'1495869997431'}}
Sat 27 May 2017 15:28:20 API.py [line:222] ERROR 400 statuses/filter text {u'delete': {u'status': {u'user_id_str': u'173910489', u'user_id': 173910489, u'id': 868367854298464256L, u'id_str': u'868367854298464256'}, u'timestamp_ms': u'1495870007736'}}
Sat 27 May 2017 15:28:20 API.py [line:222] ERROR 400 statuses/filter text {u'delete': {u'status': {u'user_id_str': u'305433319', u'user_id': 305433319, u'id': 855205856748744704L, u'id_str': u'855205856748744704'}, u'timestamp_ms': u'1495870007749'}}
Sat 27 May 2017 15:28:28 API.py [line:222] ERROR 400 statuses/filter text {u'delete': {u'status': {u'user_id_str': u'2247583153', u'user_id': 2247583153L, u'id': 868331801651138564L, u'id_str': u'868331801651138564'}, u'timestamp_ms': u'1495870027925'}}
Sat 27 May 2017 15:28:29 API.py [line:222] ERROR 400 statuses/filter text {u'delete': {u'status': {u'user_id_str': u'2282355470', u'user_id': 2282355470L, u'id': 868011996490420224L, u'id_str': u'868011996490420224'}, u'timestamp_ms': u'1495870017426'}}
Sat 27 May 2017 15:28:29 API.py [line:222] ERROR 400 statuses/filter text {u'delete': {u'status': {u'user_id_str': u'2247583153', u'user_id': 2247583153L, u'id': 868349927293956097L, u'id_str': u'868349927293956097'}, u'timestamp_ms': u'1495870028142'}}
Sat 27 May 2017 15:28:33 API.py [line:222] ERROR 400 statuses/filter text {u'delete': {u'status': {u'user_id_str': u'2512824441', u'user_id': 2512824441L, u'id': 867696760998723584L, u'id_str': u'867696760998723584'}, u'timestamp_ms': u'1495870038896'}}
Sat 27 May 2017 15:28:36 API.py [line:222] ERROR 400 statuses/filter text {u'delete': {u'status': {u'user_id_str': u'6664162', u'user_id': 6664162, u'id': 868077618251345920L, u'id_str': u'868077618251345920'}, u'timestamp_ms': u'1495870027588'}}
Sat 27 May 2017 15:28:59 API.py [line:222] ERROR 400 statuses/filter text {u'delete': {u'status': {u'user_id_str': u'6664162', u'user_id': 6664162, u'id': 867703881568047104L, u'id_str': u'867703881568047104'}, u'timestamp_ms': u'1495870039015'}}
Sat 27 May 2017 15:30:38 TwitterError.py [line:21] WARNING <class 'requests.packages.urllib3.exceptions.ReadTimeoutError'> HTTPSConnectionPool(host='stream.twitter.com', port=443): Read timed out.
Sat 27 May 2017 15:31:33 TwitterError.py [line:21] WARNING <class 'requests.packages.urllib3.exceptions.ReadTimeoutError'> HTTPSConnectionPool(host='stream.twitter.com', port=443): Read timed out.
Sat 27 May 2017 15:31:33 TwitterError.py [line:21] WARNING <class 'requests.packages.urllib3.exceptions.ReadTimeoutError'> HTTPSConnectionPool(host='stream.twitter.com', port=443): Read timed out.
Sat 27 May 2017 15:31:33 API.py [line:533] INFO 200 statuses/filter text finish
Sat 27 May 2017 15:31:34 API.py [line:546] INFO 200 statuses/filter text thread 0's token_index 447
Sat 27 May 2017 15:31:34 API.py [line:546] INFO 200 statuses/filter text thread 1's token_index 484
Sat 27 May 2017 15:31:34 API.py [line:546] INFO 200 statuses/filter text thread 2's token_index 76
Sat 27 May 2017 15:31:34 API.py [line:546] INFO 200 statuses/filter text thread 3's token_index 445
Sat 27 May 2017 15:31:34 API.py [line:546] INFO 200 statuses/filter text thread 4's token_index 205
Sat 27 May 2017 15:31:34 API.py [line:546] INFO 200 statuses/filter text thread 5's token_index 36
Sat 27 May 2017 15:31:34 API.py [line:546] INFO 200 statuses/filter text thread 6's token_index 119
Sat 27 May 2017 15:31:34 API.py [line:546] INFO 200 statuses/filter text thread 7's token_index 408
Sat 27 May 2017 15:31:34 API.py [line:546] INFO 200 statuses/filter text thread 8's token_index 192
Sat 27 May 2017 15:31:34 API.py [line:546] INFO 200 statuses/filter text thread 9's token_index 146
Sat 27 May 2017 15:31:34 API.py [line:546] INFO 200 statuses/filter text thread 10's token_index 391
Sat 27 May 2017 15:31:37 TwitterError.py [line:21] WARNING <class 'requests.exceptions.ConnectionError'> HTTPSConnectionPool(host='stream.twitter.com', port=443): Max retries exceeded with url: /1.1/statuses/filter.json (Caused by ProxyError('Cannot connect to proxy.', error(10054, '')))
Sat 27 May 2017 15:31:37 API.py [line:207] WARNING HTTPSConnectionPool(host='stream.twitter.com', port=443): Max retries exceeded with url: /1.1/statuses/filter.json (Caused by ProxyError('Cannot connect to proxy.', error(10054, '')))
Sat 27 May 2017 15:31:38 TwitterError.py [line:21] WARNING <class 'requests.exceptions.ConnectionError'> HTTPSConnectionPool(host='stream.twitter.com', port=443): Max retries exceeded with url: /1.1/statuses/filter.json (Caused by ProxyError('Cannot connect to proxy.', error(10054, '')))
Sat 27 May 2017 15:31:38 API.py [line:207] WARNING HTTPSConnectionPool(host='stream.twitter.com', port=443): Max retries exceeded with url: /1.1/statuses/filter.json (Caused by ProxyError('Cannot connect to proxy.', error(10054, '')))
Sat 27 May 2017 15:31:39 TwitterError.py [line:21] WARNING <class 'requests.exceptions.ConnectionError'> HTTPSConnectionPool(host='stream.twitter.com', port=443): Max retries exceeded with url: /1.1/statuses/filter.json (Caused by ProxyError('Cannot connect to proxy.', error(10054, '')))
Sat 27 May 2017 15:31:39 API.py [line:207] WARNING HTTPSConnectionPool(host='stream.twitter.com', port=443): Max retries exceeded with url: /1.1/statuses/filter.json (Caused by ProxyError('Cannot connect to proxy.', error(10054, '')))
Sat 27 May 2017 15:31:40 TwitterError.py [line:21] WARNING <class 'requests.exceptions.ConnectionError'> HTTPSConnectionPool(host='stream.twitter.com', port=443): Max retries exceeded with url: /1.1/statuses/filter.json (Caused by ProxyError('Cannot connect to proxy.', error(10054, '')))
Sat 27 May 2017 15:31:40 API.py [line:207] WARNING HTTPSConnectionPool(host='stream.twitter.com', port=443): Max retries exceeded with url: /1.1/statuses/filter.json (Caused by ProxyError('Cannot connect to proxy.', error(10054, '')))
Sat 27 May 2017 15:31:41 TwitterError.py [line:21] WARNING <class 'requests.exceptions.ConnectionError'> HTTPSConnectionPool(host='stream.twitter.com', port=443): Max retries exceeded with url: /1.1/statuses/filter.json (Caused by ProxyError('Cannot connect to proxy.', timeout('timed out',)))
Sat 27 May 2017 15:31:41 API.py [line:207] WARNING HTTPSConnectionPool(host='stream.twitter.com', port=443): Max retries exceeded with url: /1.1/statuses/filter.json (Caused by ProxyError('Cannot connect to proxy.', timeout('timed out',)))
Sat 27 May 2017 15:31:43 TwitterError.py [line:21] WARNING <class 'requests.exceptions.ConnectionError'> HTTPSConnectionPool(host='stream.twitter.com', port=443): Max retries exceeded with url: /1.1/statuses/filter.json (Caused by ProxyError('Cannot connect to proxy.', error(10054, '')))
Sat 27 May 2017 15:31:43 API.py [line:207] WARNING HTTPSConnectionPool(host='stream.twitter.com', port=443): Max retries exceeded with url: /1.1/statuses/filter.json (Caused by ProxyError('Cannot connect to proxy.', error(10054, '')))
Sat 27 May 2017 15:31:44 TwitterError.py [line:21] WARNING <class 'requests.exceptions.ConnectionError'> HTTPSConnectionPool(host='stream.twitter.com', port=443): Max retries exceeded with url: /1.1/statuses/filter.json (Caused by ProxyError('Cannot connect to proxy.', error(10054, '')))
Sat 27 May 2017 15:31:44 API.py [line:207] WARNING HTTPSConnectionPool(host='stream.twitter.com', port=443): Max retries exceeded with url: /1.1/statuses/filter.json (Caused by ProxyError('Cannot connect to proxy.', error(10054, '')))
Sat 27 May 2017 15:31:48 TwitterError.py [line:21] WARNING <class 'requests.exceptions.ConnectionError'> HTTPSConnectionPool(host='stream.twitter.com', port=443): Max retries exceeded with url: /1.1/statuses/filter.json (Caused by ProxyError('Cannot connect to proxy.', error(10054, '')))
Sat 27 May 2017 15:31:48 API.py [line:207] WARNING HTTPSConnectionPool(host='stream.twitter.com', port=443): Max retries exceeded with url: /1.1/statuses/filter.json (Caused by ProxyError('Cannot connect to proxy.', error(10054, '')))
Sat 27 May 2017 15:31:49 TwitterError.py [line:21] WARNING <class 'requests.exceptions.ConnectionError'> HTTPSConnectionPool(host='stream.twitter.com', port=443): Max retries exceeded with url: /1.1/statuses/filter.json (Caused by ProxyError('Cannot connect to proxy.', error(10054, '')))
Sat 27 May 2017 15:31:49 API.py [line:207] WARNING HTTPSConnectionPool(host='stream.twitter.com', port=443): Max retries exceeded with url: /1.1/statuses/filter.json (Caused by ProxyError('Cannot connect to proxy.', error(10054, '')))
Sat 27 May 2017 15:31:55 API.py [line:222] ERROR 400 statuses/filter text {u'delete': {u'status': {u'user_id_str': u'4746706531', u'user_id': 4746706531L, u'id': 799843292166791168L, u'id_str': u'799843292166791168'}, u'timestamp_ms': u'1495870311225'}}
Sat 27 May 2017 15:31:58 TwitterError.py [line:21] WARNING <class 'requests.exceptions.SSLError'> ('_ssl.c:645: The handshake operation timed out',)
Sat 27 May 2017 15:31:58 API.py [line:207] WARNING ('_ssl.c:645: The handshake operation timed out',)
Sat 27 May 2017 15:32:01 API.py [line:222] ERROR 400 statuses/filter text {u'delete': {u'status': {u'user_id_str': u'46375782', u'user_id': 46375782, u'id': 868368764022030336L, u'id_str': u'868368764022030336'}, u'timestamp_ms': u'1495870318352'}}
Sat 27 May 2017 15:32:08 TwitterError.py [line:21] WARNING <class 'requests.exceptions.ConnectionError'> HTTPSConnectionPool(host='stream.twitter.com', port=443): Max retries exceeded with url: /1.1/statuses/filter.json (Caused by ProxyError('Cannot connect to proxy.', timeout('timed out',)))
Sat 27 May 2017 15:32:08 API.py [line:207] WARNING HTTPSConnectionPool(host='stream.twitter.com', port=443): Max retries exceeded with url: /1.1/statuses/filter.json (Caused by ProxyError('Cannot connect to proxy.', timeout('timed out',)))
Sat 27 May 2017 15:32:34 API.py [line:222] ERROR 400 statuses/filter text {u'delete': {u'status': {u'user_id_str': u'337305138', u'user_id': 337305138, u'id': 868369206286458880L, u'id_str': u'868369206286458880'}, u'timestamp_ms': u'1495870333592'}}
Sat 27 May 2017 15:32:45 API.py [line:222] ERROR 400 statuses/filter text {u'delete': {u'status': {u'user_id_str': u'85936195', u'user_id': 85936195, u'id': 857597469332561920L, u'id_str': u'857597469332561920'}, u'timestamp_ms': u'1495870350167'}}
Sat 27 May 2017 15:32:56 API.py [line:222] ERROR 400 statuses/filter text {u'delete': {u'status': {u'user_id_str': u'337305138', u'user_id': 337305138, u'id': 868369283511984129L, u'id_str': u'868369283511984129'}, u'timestamp_ms': u'1495870358865'}}
Sat 27 May 2017 15:32:56 API.py [line:222] ERROR 400 statuses/filter text {u'delete': {u'status': {u'user_id_str': u'498179192', u'user_id': 498179192, u'id': 868163642495164416L, u'id_str': u'868163642495164416'}, u'timestamp_ms': u'1495870336389'}}
Sat 27 May 2017 15:33:12 API.py [line:222] ERROR 400 statuses/filter text {u'delete': {u'status': {u'user_id_str': u'195516975', u'user_id': 195516975, u'id': 868362521643823104L, u'id_str': u'868362521643823104'}, u'timestamp_ms': u'1495870388235'}}
Sat 27 May 2017 15:33:26 API.py [line:222] ERROR 400 statuses/filter text {u'delete': {u'status': {u'user_id_str': u'300162606', u'user_id': 300162606, u'id': 868188443737763841L, u'id_str': u'868188443737763841'}, u'timestamp_ms': u'1495870382345'}}
Sat 27 May 2017 15:33:26 API.py [line:222] ERROR 400 statuses/filter text {u'delete': {u'status': {u'user_id_str': u'39743812', u'user_id': 39743812, u'id': 868369156361469953L, u'id_str': u'868369156361469953'}, u'timestamp_ms': u'1495870343067'}}
Sat 27 May 2017 15:33:46 API.py [line:222] ERROR 400 statuses/filter text {u'delete': {u'status': {u'user_id_str': u'56960258', u'user_id': 56960258, u'id': 868366187427762176L, u'id_str': u'868366187427762176'}, u'timestamp_ms': u'1495870383236'}}
Sat 27 May 2017 15:34:05 API.py [line:222] ERROR 400 statuses/filter text {u'delete': {u'status': {u'user_id_str': u'354985050', u'user_id': 354985050, u'id': 868368963318820866L, u'id_str': u'868368963318820866'}, u'timestamp_ms': u'1495870436808'}}
Sat 27 May 2017 15:34:17 API.py [line:222] ERROR 400 statuses/filter text {u'delete': {u'status': {u'user_id_str': u'35338217', u'user_id': 35338217, u'id': 862829970124668928L, u'id_str': u'862829970124668928'}, u'timestamp_ms': u'1495870392092'}}
Sat 27 May 2017 15:34:17 API.py [line:222] ERROR 400 statuses/filter text {u'delete': {u'status': {u'user_id_str': u'35338217', u'user_id': 35338217, u'id': 862825652944338945L, u'id_str': u'862825652944338945'}, u'timestamp_ms': u'1495870392086'}}
Sat 27 May 2017 15:34:18 API.py [line:222] ERROR 400 statuses/filter text {u'delete': {u'status': {u'user_id_str': u'24860474', u'user_id': 24860474, u'id': 868368118644690944L, u'id_str': u'868368118644690944'}, u'timestamp_ms': u'1495870408975'}}
Sat 27 May 2017 15:34:18 API.py [line:222] ERROR 400 statuses/filter text {u'delete': {u'status': {u'user_id_str': u'35338217', u'user_id': 35338217, u'id': 862820058468405248L, u'id_str': u'862820058468405248'}, u'timestamp_ms': u'1495870393392'}}
Sat 27 May 2017 15:34:37 API.py [line:222] ERROR 400 statuses/filter text {u'delete': {u'status': {u'user_id_str': u'254011972', u'user_id': 254011972, u'id': 868237633713049600L, u'id_str': u'868237633713049600'}, u'timestamp_ms': u'1495870469267'}}
Sat 27 May 2017 15:35:25 TwitterError.py [line:21] WARNING <class 'requests.packages.urllib3.exceptions.ReadTimeoutError'> HTTPSConnectionPool(host='stream.twitter.com', port=443): Read timed out.
Sat 27 May 2017 15:35:31 API.py [line:222] ERROR 400 statuses/filter text {u'delete': {u'status': {u'user_id_str': u'1252806792', u'user_id': 1252806792, u'id': 868364855442644992L, u'id_str': u'868364855442644992'}, u'timestamp_ms': u'1495870472349'}}
Sat 27 May 2017 15:35:44 TwitterError.py [line:21] WARNING <class 'requests.packages.urllib3.exceptions.ReadTimeoutError'> HTTPSConnectionPool(host='stream.twitter.com', port=443): Read timed out.
Sat 27 May 2017 15:35:57 API.py [line:222] ERROR 400 statuses/filter text {u'delete': {u'status': {u'user_id_str': u'22686121', u'user_id': 22686121, u'id': 868365790151450624L, u'id_str': u'868365790151450624'}, u'timestamp_ms': u'1495870460535'}}
Sat 27 May 2017 15:36:11 API.py [line:222] ERROR 400 statuses/filter text {u'delete': {u'status': {u'user_id_str': u'15207657', u'user_id': 15207657, u'id': 868370003283787776L, u'id_str': u'868370003283787776'}, u'timestamp_ms': u'1495870551977'}}
Sat 27 May 2017 15:36:21 API.py [line:222] ERROR 400 statuses/filter text {u'delete': {u'status': {u'user_id_str': u'260275856', u'user_id': 260275856, u'id': 849203553319124994L, u'id_str': u'849203553319124994'}, u'timestamp_ms': u'1495870545741'}}
Sat 27 May 2017 15:36:58 API.py [line:222] ERROR 400 statuses/filter text {u'delete': {u'status': {u'user_id_str': u'37072353', u'user_id': 37072353, u'id': 868223267907174400L, u'id_str': u'868223267907174400'}, u'timestamp_ms': u'1495870565859'}}
Sat 27 May 2017 15:37:36 API.py [line:222] ERROR 400 statuses/filter text {u'delete': {u'status': {u'user_id_str': u'3404142221', u'user_id': 3404142221L, u'id': 868223726910935040L, u'id_str': u'868223726910935040'}, u'timestamp_ms': u'1495870596131'}}
Sat 27 May 2017 15:37:49 TwitterError.py [line:21] WARNING <class 'requests.packages.urllib3.exceptions.ReadTimeoutError'> HTTPSConnectionPool(host='stream.twitter.com', port=443): Read timed out.
Sat 27 May 2017 15:38:32 API.py [line:222] ERROR 400 statuses/filter text {u'delete': {u'status': {u'user_id_str': u'283089751', u'user_id': 283089751, u'id': 868370494705238020L, u'id_str': u'868370494705238020'}, u'timestamp_ms': u'1495870648857'}}
Sat 27 May 2017 15:38:51 API.py [line:222] ERROR 400 statuses/filter text {u'delete': {u'status': {u'user_id_str': u'177101260', u'user_id': 177101260, u'id': 867782164749877249L, u'id_str': u'867782164749877249'}, u'timestamp_ms': u'1495870659333'}}
Sat 27 May 2017 15:38:56 API.py [line:222] ERROR 400 statuses/filter text {u'delete': {u'status': {u'user_id_str': u'337305138', u'user_id': 337305138, u'id': 868370145747619840L, u'id_str': u'868370145747619840'}, u'timestamp_ms': u'1495870675858'}}
Sat 27 May 2017 15:39:03 API.py [line:222] ERROR 400 statuses/filter text {u'delete': {u'status': {u'user_id_str': u'337305138', u'user_id': 337305138, u'id': 868370184075194369L, u'id_str': u'868370184075194369'}, u'timestamp_ms': u'1495870680637'}}
Sat 27 May 2017 15:39:06 API.py [line:222] ERROR 400 statuses/filter text {u'delete': {u'status': {u'user_id_str': u'337305138', u'user_id': 337305138, u'id': 868369962225848321L, u'id_str': u'868369962225848321'}, u'timestamp_ms': u'1495870686572'}}
Sat 27 May 2017 15:39:13 TwitterError.py [line:21] WARNING <class 'requests.packages.urllib3.exceptions.ReadTimeoutError'> HTTPSConnectionPool(host='stream.twitter.com', port=443): Read timed out.
Sat 27 May 2017 15:39:45 API.py [line:222] ERROR 400 statuses/filter text {u'delete': {u'status': {u'user_id_str': u'106244401', u'user_id': 106244401, u'id': 868222548177301504L, u'id_str': u'868222548177301504'}, u'timestamp_ms': u'1495870747163'}}
Sat 27 May 2017 15:39:55 API.py [line:222] ERROR 400 statuses/filter text {u'delete': {u'status': {u'user_id_str': u'173910489', u'user_id': 173910489, u'id': 868370793499041792L, u'id_str': u'868370793499041792'}, u'timestamp_ms': u'1495870719688'}}
Sat 27 May 2017 15:40:11 API.py [line:222] ERROR 400 statuses/filter text {u'delete': {u'status': {u'user_id_str': u'10715902', u'user_id': 10715902, u'id': 868370797227905024L, u'id_str': u'868370797227905024'}, u'timestamp_ms': u'1495870724317'}}
Sat 27 May 2017 15:41:10 API.py [line:222] ERROR 400 statuses/filter text {u'delete': {u'status': {u'user_id_str': u'555370896', u'user_id': 555370896, u'id': 868054339495047168L, u'id_str': u'868054339495047168'}, u'timestamp_ms': u'1495870766698'}}
Sat 27 May 2017 15:41:27 TwitterError.py [line:21] WARNING <class 'requests.packages.urllib3.exceptions.ReadTimeoutError'> HTTPSConnectionPool(host='stream.twitter.com', port=443): Read timed out.
Sat 27 May 2017 15:41:31 API.py [line:222] ERROR 400 statuses/filter text {u'delete': {u'status': {u'user_id_str': u'121385551', u'user_id': 121385551, u'id': 868371145711656960L, u'id_str': u'868371145711656960'}, u'timestamp_ms': u'1495870826351'}}
Sat 27 May 2017 15:41:36 API.py [line:222] ERROR 400 statuses/filter text {u'delete': {u'status': {u'user_id_str': u'371121015', u'user_id': 371121015, u'id': 868371241882791936L, u'id_str': u'868371241882791936'}, u'timestamp_ms': u'1495870831690'}}
Sat 27 May 2017 15:42:18 API.py [line:222] ERROR 400 statuses/filter text {u'delete': {u'status': {u'user_id_str': u'70991021', u'user_id': 70991021, u'id': 868370826999062528L, u'id_str': u'868370826999062528'}, u'timestamp_ms': u'1495870840636'}}
Sat 27 May 2017 15:42:40 TwitterError.py [line:21] WARNING <class 'requests.packages.urllib3.exceptions.ReadTimeoutError'> HTTPSConnectionPool(host='stream.twitter.com', port=443): Read timed out.
Sat 27 May 2017 15:43:47 API.py [line:222] ERROR 400 statuses/filter text {u'delete': {u'status': {u'user_id_str': u'277012264', u'user_id': 277012264, u'id': 865112558189113344L, u'id_str': u'865112558189113344'}, u'timestamp_ms': u'1495871022587'}}
Sat 27 May 2017 15:44:10 TwitterError.py [line:21] WARNING <class 'requests.packages.urllib3.exceptions.ReadTimeoutError'> HTTPSConnectionPool(host='stream.twitter.com', port=443): Read timed out.
Sat 27 May 2017 15:44:27 API.py [line:222] ERROR 400 statuses/filter text {u'delete': {u'status': {u'user_id_str': u'257895805', u'user_id': 257895805, u'id': 864753826653495296L, u'id_str': u'864753826653495296'}, u'timestamp_ms': u'1495871037079'}}
Sat 27 May 2017 15:44:32 API.py [line:222] ERROR 400 statuses/filter text {u'delete': {u'status': {u'user_id_str': u'58444150', u'user_id': 58444150, u'id': 868372215741505536L, u'id_str': u'868372215741505536'}, u'timestamp_ms': u'1495871048748'}}
Sat 27 May 2017 15:45:14 API.py [line:222] ERROR 400 statuses/filter text {u'delete': {u'status': {u'user_id_str': u'4705502727', u'user_id': 4705502727L, u'id': 864102304940732416L, u'id_str': u'864102304940732416'}, u'timestamp_ms': u'1495871110880'}}
Sat 27 May 2017 15:46:46 API.py [line:222] ERROR 400 statuses/filter text {u'delete': {u'status': {u'user_id_str': u'26205064', u'user_id': 26205064, u'id': 868372480389500928L, u'id_str': u'868372480389500928'}, u'timestamp_ms': u'1495871111575'}}
Sat 27 May 2017 15:47:49 TwitterError.py [line:21] WARNING <class 'requests.packages.urllib3.exceptions.ReadTimeoutError'> HTTPSConnectionPool(host='stream.twitter.com', port=443): Read timed out.
Sat 27 May 2017 15:47:50 API.py [line:222] ERROR 400 statuses/filter text {u'delete': {u'status': {u'user_id_str': u'303831782', u'user_id': 303831782, u'id': 857987691736170496L, u'id_str': u'857987691736170496'}, u'timestamp_ms': u'1495871262312'}}
Sat 27 May 2017 15:47:51 API.py [line:222] ERROR 400 statuses/filter text {u'delete': {u'status': {u'user_id_str': u'303831782', u'user_id': 303831782, u'id': 857986068519559168L, u'id_str': u'857986068519559168'}, u'timestamp_ms': u'1495871266070'}}
Sat 27 May 2017 15:47:56 API.py [line:222] ERROR 400 statuses/filter text {u'delete': {u'status': {u'user_id_str': u'303831782', u'user_id': 303831782, u'id': 857976166996684800L, u'id_str': u'857976166996684800'}, u'timestamp_ms': u'1495871273222'}}
Sat 27 May 2017 15:47:59 API.py [line:222] ERROR 400 statuses/filter text {u'delete': {u'status': {u'user_id_str': u'303831782', u'user_id': 303831782, u'id': 857972819048767488L, u'id_str': u'857972819048767488'}, u'timestamp_ms': u'1495871276003'}}
Sat 27 May 2017 15:48:15 API.py [line:222] ERROR 400 statuses/filter text {u'delete': {u'status': {u'user_id_str': u'303831782', u'user_id': 303831782, u'id': 857929477820735489L, u'id_str': u'857929477820735489'}, u'timestamp_ms': u'1495871291336'}}
Sat 27 May 2017 15:48:18 API.py [line:222] ERROR 400 statuses/filter text {u'delete': {u'status': {u'user_id_str': u'303831782', u'user_id': 303831782, u'id': 857923950197833730L, u'id_str': u'857923950197833730'}, u'timestamp_ms': u'1495871292776'}}
Sat 27 May 2017 15:48:41 API.py [line:222] ERROR 400 statuses/filter text {u'delete': {u'status': {u'user_id_str': u'303831782', u'user_id': 303831782, u'id': 857891596578283520L, u'id_str': u'857891596578283520'}, u'timestamp_ms': u'1495871317649'}}
Sat 27 May 2017 15:48:57 API.py [line:222] ERROR 400 statuses/filter text {u'delete': {u'status': {u'user_id_str': u'395194959', u'user_id': 395194959, u'id': 868372568998375424L, u'id_str': u'868372568998375424'}, u'timestamp_ms': u'1495871238766'}}
Sat 27 May 2017 15:49:04 API.py [line:222] ERROR 400 statuses/filter text {u'delete': {u'status': {u'user_id_str': u'133907152', u'user_id': 133907152, u'id': 867359972581142528L, u'id_str': u'867359972581142528'}, u'timestamp_ms': u'1495871246245'}}
Sat 27 May 2017 15:49:10 API.py [line:222] ERROR 400 statuses/filter text {u'delete': {u'status': {u'user_id_str': u'417971466', u'user_id': 417971466, u'id': 863859210651652097L, u'id_str': u'863859210651652097'}, u'timestamp_ms': u'1495871291865'}}
Sat 27 May 2017 15:49:44 API.py [line:222] ERROR 400 statuses/filter text {u'delete': {u'status': {u'user_id_str': u'707619880560955393', u'user_id': 707619880560955393L, u'id': 809784831647354881L, u'id_str': u'809784831647354881'}, u'timestamp_ms': u'1495871379945'}}
Sat 27 May 2017 15:50:53 TwitterError.py [line:21] WARNING <class 'requests.packages.urllib3.exceptions.ReadTimeoutError'> HTTPSConnectionPool(host='stream.twitter.com', port=443): Read timed out.
Sat 27 May 2017 15:51:35 TwitterError.py [line:21] WARNING <class 'requests.packages.urllib3.exceptions.ReadTimeoutError'> HTTPSConnectionPool(host='stream.twitter.com', port=443): Read timed out.
Sat 27 May 2017 15:51:35 TwitterError.py [line:21] WARNING <class 'requests.packages.urllib3.exceptions.ReadTimeoutError'> HTTPSConnectionPool(host='stream.twitter.com', port=443): Read timed out.
Sat 27 May 2017 15:51:35 API.py [line:533] INFO 200 statuses/filter text finish
Sat 27 May 2017 15:51:36 API.py [line:546] INFO 200 statuses/filter text thread 0's token_index 157
Sat 27 May 2017 15:51:36 API.py [line:546] INFO 200 statuses/filter text thread 1's token_index 65
Sat 27 May 2017 15:51:36 API.py [line:546] INFO 200 statuses/filter text thread 2's token_index 289
Sat 27 May 2017 15:51:36 API.py [line:546] INFO 200 statuses/filter text thread 3's token_index 258
Sat 27 May 2017 15:51:36 API.py [line:546] INFO 200 statuses/filter text thread 4's token_index 172
Sat 27 May 2017 15:51:36 API.py [line:546] INFO 200 statuses/filter text thread 5's token_index 122
Sat 27 May 2017 15:51:36 API.py [line:546] INFO 200 statuses/filter text thread 6's token_index 511
Sat 27 May 2017 15:51:36 API.py [line:546] INFO 200 statuses/filter text thread 7's token_index 376
Sat 27 May 2017 15:51:36 API.py [line:546] INFO 200 statuses/filter text thread 8's token_index 214
Sat 27 May 2017 15:51:36 API.py [line:546] INFO 200 statuses/filter text thread 9's token_index 384
Sat 27 May 2017 15:51:36 API.py [line:546] INFO 200 statuses/filter text thread 10's token_index 74
Sat 27 May 2017 15:51:39 TwitterError.py [line:21] WARNING <class 'requests.exceptions.ConnectionError'> HTTPSConnectionPool(host='stream.twitter.com', port=443): Max retries exceeded with url: /1.1/statuses/filter.json (Caused by ProxyError('Cannot connect to proxy.', error(10054, '')))
Sat 27 May 2017 15:51:39 API.py [line:207] WARNING HTTPSConnectionPool(host='stream.twitter.com', port=443): Max retries exceeded with url: /1.1/statuses/filter.json (Caused by ProxyError('Cannot connect to proxy.', error(10054, '')))
Sat 27 May 2017 15:51:40 TwitterError.py [line:21] WARNING <class 'requests.exceptions.ConnectionError'> HTTPSConnectionPool(host='stream.twitter.com', port=443): Max retries exceeded with url: /1.1/statuses/filter.json (Caused by ProxyError('Cannot connect to proxy.', error(10054, '')))
Sat 27 May 2017 15:51:40 API.py [line:207] WARNING HTTPSConnectionPool(host='stream.twitter.com', port=443): Max retries exceeded with url: /1.1/statuses/filter.json (Caused by ProxyError('Cannot connect to proxy.', error(10054, '')))
