Thu 25 May 2017 15:38:02 API.py[line:546] INFO 200 statuses/filter text thread 0's token_index 116
Thu 25 May 2017 15:38:02 API.py[line:546] INFO 200 statuses/filter text thread 1's token_index 363
Thu 25 May 2017 15:38:02 API.py[line:546] INFO 200 statuses/filter text thread 2's token_index 307
Thu 25 May 2017 15:38:02 API.py[line:546] INFO 200 statuses/filter text thread 3's token_index 338
Thu 25 May 2017 15:38:02 API.py[line:546] INFO 200 statuses/filter text thread 4's token_index 439
Thu 25 May 2017 15:38:02 API.py[line:546] INFO 200 statuses/filter text thread 5's token_index 315
Thu 25 May 2017 15:38:02 API.py[line:546] INFO 200 statuses/filter text thread 6's token_index 175
Thu 25 May 2017 15:38:02 API.py[line:546] INFO 200 statuses/filter text thread 7's token_index 86
Thu 25 May 2017 15:38:02 API.py[line:546] INFO 200 statuses/filter text thread 8's token_index 222
Thu 25 May 2017 15:38:02 API.py[line:546] INFO 200 statuses/filter text thread 9's token_index 4
Thu 25 May 2017 15:38:02 API.py[line:546] INFO 200 statuses/filter text thread 10's token_index 498
Thu 25 May 2017 15:38:05 connectionpool.py[line:735] INFO Starting new HTTPS connection (1): stream.twitter.com
Thu 25 May 2017 15:38:05 connectionpool.py[line:735] INFO Starting new HTTPS connection (1): stream.twitter.com
Thu 25 May 2017 15:38:05 connectionpool.py[line:735] INFO Starting new HTTPS connection (1): stream.twitter.com
Thu 25 May 2017 15:38:05 connectionpool.py[line:735] INFO Starting new HTTPS connection (1): stream.twitter.com
Thu 25 May 2017 15:38:05 connectionpool.py[line:735] INFO Starting new HTTPS connection (1): stream.twitter.com
Thu 25 May 2017 15:38:05 connectionpool.py[line:735] INFO Starting new HTTPS connection (1): stream.twitter.com
Thu 25 May 2017 15:38:05 connectionpool.py[line:735] INFO Starting new HTTPS connection (1): stream.twitter.com
Thu 25 May 2017 15:38:05 connectionpool.py[line:735] INFO Starting new HTTPS connection (1): stream.twitter.com
Thu 25 May 2017 15:38:05 connectionpool.py[line:735] INFO Starting new HTTPS connection (1): stream.twitter.com
Thu 25 May 2017 15:38:05 connectionpool.py[line:735] INFO Starting new HTTPS connection (1): stream.twitter.com
Thu 25 May 2017 15:38:05 connectionpool.py[line:735] INFO Starting new HTTPS connection (1): stream.twitter.com
Thu 25 May 2017 15:38:11 TwitterError.py[line:21] WARNING <class 'requests.exceptions.SSLError'> ('_ssl.c:645: The handshake operation timed out',)
Thu 25 May 2017 15:38:11 API.py[line:207] WARNING ('_ssl.c:645: The handshake operation timed out',)
Thu 25 May 2017 15:38:15 TwitterError.py[line:21] WARNING <class 'requests.exceptions.ConnectionError'> ('Connection aborted.', BadStatusLine("''",))
Thu 25 May 2017 15:38:15 API.py[line:207] WARNING ('Connection aborted.', BadStatusLine("''",))
Thu 25 May 2017 15:38:16 connectionpool.py[line:735] INFO Starting new HTTPS connection (1): stream.twitter.com
Thu 25 May 2017 15:38:20 connectionpool.py[line:735] INFO Starting new HTTPS connection (1): stream.twitter.com
Thu 25 May 2017 15:38:28 API.py[line:222] ERROR {u'delete': {u'status': {u'user_id_str': u'1416498133', u'user_id': 1416498133, u'id': 861913300329803776L, u'id_str': u'861913300329803776'}, u'timestamp_ms': u'1495697905008'}}
Thu 25 May 2017 15:38:33 API.py[line:222] ERROR {u'delete': {u'status': {u'user_id_str': u'2430564295', u'user_id': 2430564295L, u'id': 867222431613804544L, u'id_str': u'867222431613804544'}, u'timestamp_ms': u'1495697906738'}}
