Thu 25 May 2017 15:47:16 API.py[line:546] INFO 200 statuses/filter text thread 0's token_index 344
Thu 25 May 2017 15:47:16 API.py[line:546] INFO 200 statuses/filter text thread 1's token_index 271
Thu 25 May 2017 15:47:16 API.py[line:546] INFO 200 statuses/filter text thread 2's token_index 101
Thu 25 May 2017 15:47:16 API.py[line:546] INFO 200 statuses/filter text thread 3's token_index 94
Thu 25 May 2017 15:47:16 API.py[line:546] INFO 200 statuses/filter text thread 4's token_index 140
Thu 25 May 2017 15:47:16 API.py[line:546] INFO 200 statuses/filter text thread 5's token_index 37
Thu 25 May 2017 15:47:16 API.py[line:546] INFO 200 statuses/filter text thread 6's token_index 337
Thu 25 May 2017 15:47:16 API.py[line:546] INFO 200 statuses/filter text thread 7's token_index 19
Thu 25 May 2017 15:47:16 API.py[line:546] INFO 200 statuses/filter text thread 8's token_index 163
Thu 25 May 2017 15:47:16 API.py[line:546] INFO 200 statuses/filter text thread 9's token_index 445
Thu 25 May 2017 15:47:16 API.py[line:546] INFO 200 statuses/filter text thread 10's token_index 195
Thu 25 May 2017 15:47:27 TwitterError.py[line:22] WARNING 400 statuses/filter text ('Connection aborted.', BadStatusLine("''",))
Thu 25 May 2017 15:47:27 API.py[line:207] WARNING ('Connection aborted.', BadStatusLine("''",))
Thu 25 May 2017 15:47:27 TwitterError.py[line:22] WARNING 400 statuses/filter text ('Connection aborted.', BadStatusLine("''",))
Thu 25 May 2017 15:47:27 TwitterError.py[line:22] WARNING 400 statuses/filter text ('Connection aborted.', BadStatusLine("''",))
Thu 25 May 2017 15:47:27 TwitterError.py[line:22] WARNING 400 statuses/filter text ('Connection aborted.', BadStatusLine("''",))
Thu 25 May 2017 15:47:27 TwitterError.py[line:22] WARNING 400 statuses/filter text ('Connection aborted.', BadStatusLine("''",))
Thu 25 May 2017 15:47:27 API.py[line:207] WARNING ('Connection aborted.', BadStatusLine("''",))
Thu 25 May 2017 15:47:27 API.py[line:207] WARNING ('Connection aborted.', BadStatusLine("''",))
Thu 25 May 2017 15:47:27 API.py[line:207] WARNING ('Connection aborted.', BadStatusLine("''",))
Thu 25 May 2017 15:47:27 API.py[line:207] WARNING ('Connection aborted.', BadStatusLine("''",))
Thu 25 May 2017 15:47:27 TwitterError.py[line:22] WARNING 400 statuses/filter text ('Connection aborted.', BadStatusLine("''",))
Thu 25 May 2017 15:47:27 API.py[line:207] WARNING ('Connection aborted.', BadStatusLine("''",))
Thu 25 May 2017 15:47:29 TwitterError.py[line:22] WARNING 400 statuses/filter text ('Connection aborted.', BadStatusLine("''",))
Thu 25 May 2017 15:47:29 API.py[line:207] WARNING ('Connection aborted.', BadStatusLine("''",))
Thu 25 May 2017 15:47:39 TwitterError.py[line:22] WARNING 400 statuses/filter text ('_ssl.c:645: The handshake operation timed out',)
Thu 25 May 2017 15:47:39 API.py[line:207] WARNING ('_ssl.c:645: The handshake operation timed out',)
Thu 25 May 2017 15:47:40 TwitterError.py[line:22] WARNING 400 statuses/filter text ('_ssl.c:645: The handshake operation timed out',)
Thu 25 May 2017 15:47:40 API.py[line:207] WARNING ('_ssl.c:645: The handshake operation timed out',)
Thu 25 May 2017 15:47:50 TwitterError.py[line:22] WARNING 400 statuses/filter text HTTPSConnectionPool(host='stream.twitter.com', port=443): Max retries exceeded with url: /1.1/statuses/filter.json (Caused by ProxyError('Cannot connect to proxy.', timeout('timed out',)))
Thu 25 May 2017 15:47:50 API.py[line:207] WARNING HTTPSConnectionPool(host='stream.twitter.com', port=443): Max retries exceeded with url: /1.1/statuses/filter.json (Caused by ProxyError('Cannot connect to proxy.', timeout('timed out',)))
Thu 25 May 2017 15:47:51 TwitterError.py[line:22] WARNING 400 statuses/filter text ('Connection aborted.', BadStatusLine("''",))
Thu 25 May 2017 15:47:51 API.py[line:207] WARNING ('Connection aborted.', BadStatusLine("''",))
