Sat 27 May 2017 11:09:54 API.py [line:546] INFO 200 statuses/filter text thread 0's token_index 346
Sat 27 May 2017 11:09:54 API.py [line:546] INFO 200 statuses/filter text thread 1's token_index 279
Sat 27 May 2017 11:09:54 API.py [line:546] INFO 200 statuses/filter text thread 2's token_index 513
Sat 27 May 2017 11:09:54 API.py [line:546] INFO 200 statuses/filter text thread 3's token_index 89
Sat 27 May 2017 11:09:54 API.py [line:546] INFO 200 statuses/filter text thread 4's token_index 146
Sat 27 May 2017 11:09:54 API.py [line:546] INFO 200 statuses/filter text thread 5's token_index 485
Sat 27 May 2017 11:09:54 API.py [line:546] INFO 200 statuses/filter text thread 6's token_index 263
Sat 27 May 2017 11:09:54 API.py [line:546] INFO 200 statuses/filter text thread 7's token_index 411
Sat 27 May 2017 11:09:54 API.py [line:546] INFO 200 statuses/filter text thread 8's token_index 449
Sat 27 May 2017 11:09:54 API.py [line:546] INFO 200 statuses/filter text thread 9's token_index 95
Sat 27 May 2017 11:09:54 API.py [line:546] INFO 200 statuses/filter text thread 10's token_index 91
Sat 27 May 2017 11:10:45 API.py [line:222] ERROR 400 statuses/filter text {u'delete': {u'status': {u'user_id_str': u'17887248', u'user_id': 17887248, u'id': 845466989778784257L, u'id_str': u'845466989778784257'}, u'timestamp_ms': u'1495854642507'}}
Sat 27 May 2017 11:10:47 API.py [line:222] ERROR 400 statuses/filter text {u'delete': {u'status': {u'user_id_str': u'99034378', u'user_id': 99034378, u'id': 111911849527738368L, u'id_str': u'111911849527738368'}, u'timestamp_ms': u'1495854634869'}}
Sat 27 May 2017 11:10:50 API.py [line:222] ERROR 400 statuses/filter text {u'delete': {u'status': {u'user_id_str': u'17887248', u'user_id': 17887248, u'id': 845458320399904770L, u'id_str': u'845458320399904770'}, u'timestamp_ms': u'1495854646572'}}
Sat 27 May 2017 11:10:51 API.py [line:222] ERROR 400 statuses/filter text {u'delete': {u'status': {u'user_id_str': u'99034378', u'user_id': 99034378, u'id': 109990048446955520L, u'id_str': u'109990048446955520'}, u'timestamp_ms': u'1495854637848'}}
Sat 27 May 2017 11:10:51 API.py [line:222] ERROR 400 statuses/filter text {u'delete': {u'status': {u'user_id_str': u'99034378', u'user_id': 99034378, u'id': 108698593812168704L, u'id_str': u'108698593812168704'}, u'timestamp_ms': u'1495854640751'}}
Sat 27 May 2017 11:10:54 API.py [line:222] ERROR 400 statuses/filter text {u'delete': {u'status': {u'user_id_str': u'51112072', u'user_id': 51112072, u'id': 868303300017348608L, u'id_str': u'868303300017348608'}, u'timestamp_ms': u'1495854625828'}}
Sat 27 May 2017 11:10:55 API.py [line:222] ERROR 400 statuses/filter text {u'delete': {u'status': {u'user_id_str': u'99034378', u'user_id': 99034378, u'id': 107659280538288128L, u'id_str': u'107659280538288128'}, u'timestamp_ms': u'1495854644929'}}
Sat 27 May 2017 11:10:58 API.py [line:222] ERROR 400 statuses/filter text {u'delete': {u'status': {u'user_id_str': u'99034378', u'user_id': 99034378, u'id': 107658157299478528L, u'id_str': u'107658157299478528'}, u'timestamp_ms': u'1495854647859'}}
Sat 27 May 2017 11:11:00 API.py [line:222] ERROR 400 statuses/filter text {u'delete': {u'status': {u'user_id_str': u'99034378', u'user_id': 99034378, u'id': 107655863585615872L, u'id_str': u'107655863585615872'}, u'timestamp_ms': u'1495854650666'}}
Sat 27 May 2017 11:11:02 API.py [line:222] ERROR 400 statuses/filter text {u'delete': {u'status': {u'user_id_str': u'99034378', u'user_id': 99034378, u'id': 107654888372187136L, u'id_str': u'107654888372187136'}, u'timestamp_ms': u'1495854653453'}}
Sat 27 May 2017 11:11:02 API.py [line:222] ERROR 400 statuses/filter text {u'delete': {u'status': {u'user_id_str': u'17887248', u'user_id': 17887248, u'id': 845435252440907776L, u'id_str': u'845435252440907776'}, u'timestamp_ms': u'1495854657549'}}
Sat 27 May 2017 11:11:06 API.py [line:222] ERROR 400 statuses/filter text {u'delete': {u'status': {u'user_id_str': u'17887248', u'user_id': 17887248, u'id': 845431532068093952L, u'id_str': u'845431532068093952'}, u'timestamp_ms': u'1495854661306'}}
Sat 27 May 2017 11:11:09 API.py [line:222] ERROR 400 statuses/filter text {u'delete': {u'status': {u'user_id_str': u'99034378', u'user_id': 99034378, u'id': 101457729935261696L, u'id_str': u'101457729935261696'}, u'timestamp_ms': u'1495854662493'}}
Sat 27 May 2017 11:11:15 API.py [line:222] ERROR 400 statuses/filter text {u'delete': {u'status': {u'user_id_str': u'99034378', u'user_id': 99034378, u'id': 101456727874080768L, u'id_str': u'101456727874080768'}, u'timestamp_ms': u'1495854668853'}}
Sat 27 May 2017 11:11:20 API.py [line:222] ERROR 400 statuses/filter text {u'delete': {u'status': {u'user_id_str': u'99034378', u'user_id': 99034378, u'id': 100602319732875264L, u'id_str': u'100602319732875264'}, u'timestamp_ms': u'1495854675816'}}
Sat 27 May 2017 11:11:22 API.py [line:222] ERROR 400 statuses/filter text {u'delete': {u'status': {u'user_id_str': u'99034378', u'user_id': 99034378, u'id': 100312815730032640L, u'id_str': u'100312815730032640'}, u'timestamp_ms': u'1495854678721'}}
Sat 27 May 2017 11:11:29 API.py [line:222] ERROR 400 statuses/filter text {u'delete': {u'status': {u'user_id_str': u'99034378', u'user_id': 99034378, u'id': 100310314737864704L, u'id_str': u'100310314737864704'}, u'timestamp_ms': u'1495854683253'}}
Sat 27 May 2017 11:11:34 API.py [line:222] ERROR 400 statuses/filter text {u'delete': {u'status': {u'user_id_str': u'911706234', u'user_id': 911706234, u'id': 868298448940003329L, u'id_str': u'868298448940003329'}, u'timestamp_ms': u'1495854691020'}}
Sat 27 May 2017 11:11:43 API.py [line:222] ERROR 400 statuses/filter text {u'delete': {u'status': {u'user_id_str': u'99034378', u'user_id': 99034378, u'id': 100274803688214528L, u'id_str': u'100274803688214528'}, u'timestamp_ms': u'1495854697494'}}
Sat 27 May 2017 11:11:45 API.py [line:222] ERROR 400 statuses/filter text {u'delete': {u'status': {u'user_id_str': u'99034378', u'user_id': 99034378, u'id': 99993112725819392L, u'id_str': u'99993112725819392'}, u'timestamp_ms': u'1495854700339'}}
Sat 27 May 2017 11:11:47 API.py [line:222] ERROR 400 statuses/filter text {u'delete': {u'status': {u'user_id_str': u'99034378', u'user_id': 99034378, u'id': 99991328577961984L, u'id_str': u'99991328577961984'}, u'timestamp_ms': u'1495854703289'}}
Sat 27 May 2017 11:11:49 API.py [line:222] ERROR 400 statuses/filter text {u'delete': {u'status': {u'user_id_str': u'99034378', u'user_id': 99034378, u'id': 99990156890742784L, u'id_str': u'99990156890742784'}, u'timestamp_ms': u'1495854706154'}}
Sat 27 May 2017 11:11:53 API.py [line:222] ERROR 400 statuses/filter text {u'delete': {u'status': {u'user_id_str': u'99034378', u'user_id': 99034378, u'id': 98962326245490688L, u'id_str': u'98962326245490688'}, u'timestamp_ms': u'1495854709060'}}
Sat 27 May 2017 11:12:01 API.py [line:222] ERROR 400 statuses/filter text {u'delete': {u'status': {u'user_id_str': u'158844280', u'user_id': 158844280, u'id': 868301589550735360L, u'id_str': u'868301589550735360'}, u'timestamp_ms': u'1495854713307'}}
Sat 27 May 2017 11:12:01 API.py [line:222] ERROR 400 statuses/filter text {u'delete': {u'status': {u'user_id_str': u'99034378', u'user_id': 99034378, u'id': 98526937793826817L, u'id_str': u'98526937793826817'}, u'timestamp_ms': u'1495854713804'}}
Sat 27 May 2017 11:12:05 API.py [line:222] ERROR 400 statuses/filter text {u'delete': {u'status': {u'user_id_str': u'99034378', u'user_id': 99034378, u'id': 98230927913795585L, u'id_str': u'98230927913795585'}, u'timestamp_ms': u'1495854717062'}}
Sat 27 May 2017 11:12:10 API.py [line:222] ERROR 400 statuses/filter text {u'delete': {u'status': {u'user_id_str': u'99034378', u'user_id': 99034378, u'id': 97819992975884288L, u'id_str': u'97819992975884288'}, u'timestamp_ms': u'1495854720493'}}
Sat 27 May 2017 11:12:17 API.py [line:222] ERROR 400 statuses/filter text {u'delete': {u'status': {u'user_id_str': u'99034378', u'user_id': 99034378, u'id': 97817371904983040L, u'id_str': u'97817371904983040'}, u'timestamp_ms': u'1495854723366'}}
Sat 27 May 2017 11:12:34 API.py [line:222] ERROR 400 statuses/filter text {u'delete': {u'status': {u'user_id_str': u'99034378', u'user_id': 99034378, u'id': 11866772954L, u'id_str': u'11866772954'}, u'timestamp_ms': u'1495854734997'}}
Sat 27 May 2017 11:12:38 API.py [line:222] ERROR 400 statuses/filter text {u'delete': {u'status': {u'user_id_str': u'99034378', u'user_id': 99034378, u'id': 13147896871L, u'id_str': u'13147896871'}, u'timestamp_ms': u'1495854737959'}}
Sat 27 May 2017 11:12:46 API.py [line:222] ERROR 400 statuses/filter text {u'delete': {u'status': {u'user_id_str': u'99034378', u'user_id': 99034378, u'id': 15454886340L, u'id_str': u'15454886340'}, u'timestamp_ms': u'1495854744575'}}
Sat 27 May 2017 11:12:48 API.py [line:222] ERROR 400 statuses/filter text {u'delete': {u'status': {u'user_id_str': u'2500838272', u'user_id': 2500838272L, u'id': 868297626592137216L, u'id_str': u'868297626592137216'}, u'timestamp_ms': u'1495854764187'}}
Sat 27 May 2017 11:12:49 API.py [line:222] ERROR 400 statuses/filter text {u'delete': {u'status': {u'user_id_str': u'17887248', u'user_id': 17887248, u'id': 840395666274697216L, u'id_str': u'840395666274697216'}, u'timestamp_ms': u'1495854765844'}}
Sat 27 May 2017 11:12:49 API.py [line:222] ERROR 400 statuses/filter text {u'delete': {u'status': {u'user_id_str': u'2500838272', u'user_id': 2500838272L, u'id': 868300348301209602L, u'id_str': u'868300348301209602'}, u'timestamp_ms': u'1495854764378'}}
Sat 27 May 2017 11:12:49 API.py [line:222] ERROR 400 statuses/filter text {u'delete': {u'status': {u'user_id_str': u'2500838272', u'user_id': 2500838272L, u'id': 868298702879825920L, u'id_str': u'868298702879825920'}, u'timestamp_ms': u'1495854764583'}}
Sat 27 May 2017 11:12:49 API.py [line:222] ERROR 400 statuses/filter text {u'delete': {u'status': {u'user_id_str': u'2500838272', u'user_id': 2500838272L, u'id': 868300548314890240L, u'id_str': u'868300548314890240'}, u'timestamp_ms': u'1495854764763'}}
Sat 27 May 2017 11:12:49 API.py [line:222] ERROR 400 statuses/filter text {u'delete': {u'status': {u'user_id_str': u'2500838272', u'user_id': 2500838272L, u'id': 868300648659464192L, u'id_str': u'868300648659464192'}, u'timestamp_ms': u'1495854764970'}}
Sat 27 May 2017 11:12:51 API.py [line:222] ERROR 400 statuses/filter text {u'delete': {u'status': {u'user_id_str': u'99034378', u'user_id': 99034378, u'id': 90628327148240896L, u'id_str': u'90628327148240896'}, u'timestamp_ms': u'1495854748410'}}
Sat 27 May 2017 11:12:54 API.py [line:222] ERROR 400 statuses/filter text {u'delete': {u'status': {u'user_id_str': u'99034378', u'user_id': 99034378, u'id': 90634889602400256L, u'id_str': u'90634889602400256'}, u'timestamp_ms': u'1495854751606'}}
Sat 27 May 2017 11:12:56 API.py [line:222] ERROR 400 statuses/filter text {u'delete': {u'status': {u'user_id_str': u'2400312168', u'user_id': 2400312168L, u'id': 868144199530561537L, u'id_str': u'868144199530561537'}, u'timestamp_ms': u'1495854773150'}}
Sat 27 May 2017 11:12:57 API.py [line:222] ERROR 400 statuses/filter text {u'delete': {u'status': {u'user_id_str': u'99034378', u'user_id': 99034378, u'id': 90919349224865792L, u'id_str': u'90919349224865792'}, u'timestamp_ms': u'1495854754390'}}
Sat 27 May 2017 11:13:02 API.py [line:222] ERROR 400 statuses/filter text {u'delete': {u'status': {u'user_id_str': u'2759600352', u'user_id': 2759600352L, u'id': 868298703773224960L, u'id_str': u'868298703773224960'}, u'timestamp_ms': u'1495854779030'}}
Sat 27 May 2017 11:13:02 API.py [line:222] ERROR 400 statuses/filter text {u'delete': {u'status': {u'user_id_str': u'99034378', u'user_id': 99034378, u'id': 90925870956552193L, u'id_str': u'90925870956552193'}, u'timestamp_ms': u'1495854757288'}}
Sat 27 May 2017 11:13:03 API.py [line:222] ERROR 400 statuses/filter text {u'delete': {u'status': {u'user_id_str': u'2759600352', u'user_id': 2759600352L, u'id': 868298700845490181L, u'id_str': u'868298700845490181'}, u'timestamp_ms': u'1495854779470'}}
Sat 27 May 2017 11:13:04 API.py [line:222] ERROR 400 statuses/filter text {u'delete': {u'status': {u'user_id_str': u'99034378', u'user_id': 99034378, u'id': 92761971354640384L, u'id_str': u'92761971354640384'}, u'timestamp_ms': u'1495854760421'}}
Sat 27 May 2017 11:13:04 TwitterError.py [line:22] WARNING 400 statuses/filter text HTTPSConnectionPool(host='stream.twitter.com', port=443): Read timed out.
Sat 27 May 2017 11:13:04 API.py [line:222] ERROR 400 statuses/filter text {u'delete': {u'status': {u'user_id_str': u'2759600352', u'user_id': 2759600352L, u'id': 868298697779499008L, u'id_str': u'868298697779499008'}, u'timestamp_ms': u'1495854780012'}}
Sat 27 May 2017 11:13:09 API.py [line:222] ERROR 400 statuses/filter text {u'delete': {u'status': {u'user_id_str': u'99034378', u'user_id': 99034378, u'id': 93413574025805824L, u'id_str': u'93413574025805824'}, u'timestamp_ms': u'1495854768079'}}
Sat 27 May 2017 11:13:16 API.py [line:222] ERROR 400 statuses/filter text {u'delete': {u'status': {u'user_id_str': u'4705502727', u'user_id': 4705502727L, u'id': 865595301804916737L, u'id_str': u'865595301804916737'}, u'timestamp_ms': u'1495854792608'}}
Sat 27 May 2017 11:13:17 API.py [line:222] ERROR 400 statuses/filter text {u'delete': {u'status': {u'user_id_str': u'4705502727', u'user_id': 4705502727L, u'id': 865703622016991233L, u'id_str': u'865703622016991233'}, u'timestamp_ms': u'1495854793359'}}
Sat 27 May 2017 11:13:19 API.py [line:222] ERROR 400 statuses/filter text {u'delete': {u'status': {u'user_id_str': u'99034378', u'user_id': 99034378, u'id': 90625237594550272L, u'id_str': u'90625237594550272'}, u'timestamp_ms': u'1495854773173'}}
Sat 27 May 2017 11:13:22 API.py [line:222] ERROR 400 statuses/filter text {u'delete': {u'status': {u'user_id_str': u'99034378', u'user_id': 99034378, u'id': 96273040727478272L, u'id_str': u'96273040727478272'}, u'timestamp_ms': u'1495854776542'}}
Sat 27 May 2017 11:13:29 API.py [line:222] ERROR 400 statuses/filter text {u'delete': {u'status': {u'user_id_str': u'99034378', u'user_id': 99034378, u'id': 97119307468771328L, u'id_str': u'97119307468771328'}, u'timestamp_ms': u'1495854782736'}}
Sat 27 May 2017 11:13:33 TwitterError.py [line:22] WARNING 400 statuses/filter text HTTPSConnectionPool(host='stream.twitter.com', port=443): Read timed out.
Sat 27 May 2017 11:13:40 API.py [line:222] ERROR 400 statuses/filter text {u'delete': {u'status': {u'user_id_str': u'99034378', u'user_id': 99034378, u'id': 107653806594072576L, u'id_str': u'107653806594072576'}, u'timestamp_ms': u'1495854789969'}}
Sat 27 May 2017 11:13:41 API.py [line:222] ERROR 400 statuses/filter text {u'delete': {u'status': {u'user_id_str': u'99034378', u'user_id': 99034378, u'id': 106577968637292544L, u'id_str': u'106577968637292544'}, u'timestamp_ms': u'1495854793008'}}
Sat 27 May 2017 11:13:43 API.py [line:222] ERROR 400 statuses/filter text {u'delete': {u'status': {u'user_id_str': u'44954005', u'user_id': 44954005, u'id': 865231942719086592L, u'id_str': u'865231942719086592'}, u'timestamp_ms': u'1495854795548'}}
Sat 27 May 2017 11:13:43 API.py [line:222] ERROR 400 statuses/filter text {u'delete': {u'status': {u'user_id_str': u'99034378', u'user_id': 99034378, u'id': 106471791224041473L, u'id_str': u'106471791224041473'}, u'timestamp_ms': u'1495854796079'}}
Sat 27 May 2017 11:13:47 API.py [line:222] ERROR 400 statuses/filter text {u'delete': {u'status': {u'user_id_str': u'99034378', u'user_id': 99034378, u'id': 106469683594674177L, u'id_str': u'106469683594674177'}, u'timestamp_ms': u'1495854799476'}}
Sat 27 May 2017 11:13:51 TwitterError.py [line:22] WARNING 400 statuses/filter text HTTPSConnectionPool(host='stream.twitter.com', port=443): Read timed out.
Sat 27 May 2017 11:13:56 API.py [line:222] ERROR 400 statuses/filter text {u'delete': {u'status': {u'user_id_str': u'99034378', u'user_id': 99034378, u'id': 106466517943730176L, u'id_str': u'106466517943730176'}, u'timestamp_ms': u'1495854807377'}}
Sat 27 May 2017 11:13:58 API.py [line:222] ERROR 400 statuses/filter text {u'delete': {u'status': {u'user_id_str': u'99034378', u'user_id': 99034378, u'id': 106024307716665344L, u'id_str': u'106024307716665344'}, u'timestamp_ms': u'1495854810465'}}
Sat 27 May 2017 11:14:05 API.py [line:222] ERROR 400 statuses/filter text {u'delete': {u'status': {u'user_id_str': u'99034378', u'user_id': 99034378, u'id': 105818857570185216L, u'id_str': u'105818857570185216'}, u'timestamp_ms': u'1495854816406'}}
Sat 27 May 2017 11:14:07 API.py [line:222] ERROR 400 statuses/filter text {u'delete': {u'status': {u'user_id_str': u'99034378', u'user_id': 99034378, u'id': 105818310909767680L, u'id_str': u'105818310909767680'}, u'timestamp_ms': u'1495854819229'}}
Sat 27 May 2017 11:14:12 API.py [line:222] ERROR 400 statuses/filter text {u'delete': {u'status': {u'user_id_str': u'99034378', u'user_id': 99034378, u'id': 105815121242226689L, u'id_str': u'105815121242226689'}, u'timestamp_ms': u'1495854823893'}}
Sat 27 May 2017 11:14:18 API.py [line:222] ERROR 400 statuses/filter text {u'delete': {u'status': {u'user_id_str': u'99034378', u'user_id': 99034378, u'id': 102941060749197312L, u'id_str': u'102941060749197312'}, u'timestamp_ms': u'1495854827472'}}
Sat 27 May 2017 11:14:21 API.py [line:222] ERROR 400 statuses/filter text {u'delete': {u'status': {u'user_id_str': u'99034378', u'user_id': 99034378, u'id': 102939257882165248L, u'id_str': u'102939257882165248'}, u'timestamp_ms': u'1495854830341'}}
Sat 27 May 2017 11:14:25 API.py [line:222] ERROR 400 statuses/filter text {u'delete': {u'status': {u'user_id_str': u'5709522', u'user_id': 5709522, u'id': 813857502714478592L, u'id_str': u'813857502714478592'}, u'timestamp_ms': u'1495854833387'}}
Sat 27 May 2017 11:14:28 API.py [line:222] ERROR 400 statuses/filter text {u'delete': {u'status': {u'user_id_str': u'99034378', u'user_id': 99034378, u'id': 102938088455684097L, u'id_str': u'102938088455684097'}, u'timestamp_ms': u'1495854836126'}}
Sat 27 May 2017 11:14:33 API.py [line:222] ERROR 400 statuses/filter text {u'delete': {u'status': {u'user_id_str': u'99034378', u'user_id': 99034378, u'id': 102788826157678592L, u'id_str': u'102788826157678592'}, u'timestamp_ms': u'1495854838941'}}
Sat 27 May 2017 11:14:34 API.py [line:222] ERROR 400 statuses/filter text {u'delete': {u'status': {u'user_id_str': u'257871749', u'user_id': 257871749, u'id': 868303811462524928L, u'id_str': u'868303811462524928'}, u'timestamp_ms': u'1495854870463'}}
Sat 27 May 2017 11:14:37 API.py [line:222] ERROR 400 statuses/filter text {u'delete': {u'status': {u'user_id_str': u'99034378', u'user_id': 99034378, u'id': 102485439776178176L, u'id_str': u'102485439776178176'}, u'timestamp_ms': u'1495854841841'}}
Sat 27 May 2017 11:14:44 API.py [line:222] ERROR 400 statuses/filter text {u'delete': {u'status': {u'user_id_str': u'99034378', u'user_id': 99034378, u'id': 102187151583748096L, u'id_str': u'102187151583748096'}, u'timestamp_ms': u'1495854846767'}}
Sat 27 May 2017 11:14:47 API.py [line:222] ERROR 400 statuses/filter text {u'delete': {u'status': {u'user_id_str': u'99034378', u'user_id': 99034378, u'id': 101738961155784704L, u'id_str': u'101738961155784704'}, u'timestamp_ms': u'1495854849656'}}
Sat 27 May 2017 11:14:51 API.py [line:222] ERROR 400 statuses/filter text {u'delete': {u'status': {u'user_id_str': u'2625176466', u'user_id': 2625176466L, u'id': 868299263662477313L, u'id_str': u'868299263662477313'}, u'timestamp_ms': u'1495854875192'}}
Sat 27 May 2017 11:14:51 API.py [line:222] ERROR 400 statuses/filter text {u'delete': {u'status': {u'user_id_str': u'99034378', u'user_id': 99034378, u'id': 93507408021815296L, u'id_str': u'93507408021815296'}, u'timestamp_ms': u'1495854852436'}}
Sat 27 May 2017 11:14:51 API.py [line:222] ERROR 400 statuses/filter text {u'delete': {u'status': {u'user_id_str': u'2625176466', u'user_id': 2625176466L, u'id': 868299289956569088L, u'id_str': u'868299289956569088'}, u'timestamp_ms': u'1495854876162'}}
Sat 27 May 2017 11:14:54 API.py [line:222] ERROR 400 statuses/filter text {u'delete': {u'status': {u'user_id_str': u'2625176466', u'user_id': 2625176466L, u'id': 868299301000069120L, u'id_str': u'868299301000069120'}, u'timestamp_ms': u'1495854877653'}}
Sat 27 May 2017 11:14:55 API.py [line:222] ERROR 400 statuses/filter text {u'delete': {u'status': {u'user_id_str': u'911706234', u'user_id': 911706234, u'id': 868297770309955584L, u'id_str': u'868297770309955584'}, u'timestamp_ms': u'1495854891785'}}
Sat 27 May 2017 11:15:01 API.py [line:222] ERROR 400 statuses/filter text {u'delete': {u'status': {u'user_id_str': u'103772491', u'user_id': 103772491, u'id': 868294255592210434L, u'id_str': u'868294255592210434'}, u'timestamp_ms': u'1495854860897'}}
Sat 27 May 2017 11:15:07 TwitterError.py [line:22] WARNING 400 statuses/filter text HTTPSConnectionPool(host='stream.twitter.com', port=443): Read timed out.
Sat 27 May 2017 11:15:16 API.py [line:222] ERROR 400 statuses/filter text {u'delete': {u'status': {u'user_id_str': u'99034378', u'user_id': 99034378, u'id': 105409001155596289L, u'id_str': u'105409001155596289'}, u'timestamp_ms': u'1495854873280'}}
Sat 27 May 2017 11:15:16 API.py [line:222] ERROR 400 statuses/filter text {u'delete': {u'status': {u'user_id_str': u'2885949389', u'user_id': 2885949389L, u'id': 868304302565199873L, u'id_str': u'868304302565199873'}, u'timestamp_ms': u'1495854873253'}}
Sat 27 May 2017 11:15:21 API.py [line:222] ERROR 400 statuses/filter text {u'delete': {u'status': {u'user_id_str': u'22399657', u'user_id': 22399657, u'id': 868300146722963456L, u'id_str': u'868300146722963456'}, u'timestamp_ms': u'1495854916009'}}
Sat 27 May 2017 11:15:23 API.py [line:222] ERROR 400 statuses/filter text {u'delete': {u'status': {u'user_id_str': u'99034378', u'user_id': 99034378, u'id': 103981432875134976L, u'id_str': u'103981432875134976'}, u'timestamp_ms': u'1495854878267'}}
Sat 27 May 2017 11:15:25 API.py [line:222] ERROR 400 statuses/filter text {u'delete': {u'status': {u'user_id_str': u'140235214', u'user_id': 140235214, u'id': 868303411799785472L, u'id_str': u'868303411799785472'}, u'timestamp_ms': u'1495854921846'}}
Sat 27 May 2017 11:15:26 API.py [line:222] ERROR 400 statuses/filter text {u'delete': {u'status': {u'user_id_str': u'99034378', u'user_id': 99034378, u'id': 103977107306188800L, u'id_str': u'103977107306188800'}, u'timestamp_ms': u'1495854881967'}}
Sat 27 May 2017 11:15:28 TwitterError.py [line:22] WARNING 400 statuses/filter text HTTPSConnectionPool(host='stream.twitter.com', port=443): Read timed out.
Sat 27 May 2017 11:15:30 API.py [line:222] ERROR 400 statuses/filter text {u'delete': {u'status': {u'user_id_str': u'389320918', u'user_id': 389320918, u'id': 868299289491099650L, u'id_str': u'868299289491099650'}, u'timestamp_ms': u'1495854924683'}}
Sat 27 May 2017 11:15:31 API.py [line:222] ERROR 400 statuses/filter text {u'delete': {u'status': {u'user_id_str': u'99034378', u'user_id': 99034378, u'id': 102941172015710208L, u'id_str': u'102941172015710208'}, u'timestamp_ms': u'1495854887374'}}
Sat 27 May 2017 11:15:39 API.py [line:222] ERROR 400 statuses/filter text {u'delete': {u'status': {u'user_id_str': u'16984207', u'user_id': 16984207, u'id': 701464662760677376L, u'id_str': u'701464662760677376'}, u'timestamp_ms': u'1495854924393'}}
Sat 27 May 2017 11:15:39 API.py [line:222] ERROR 400 statuses/filter text {u'delete': {u'status': {u'user_id_str': u'16984207', u'user_id': 16984207, u'id': 701477623101313024L, u'id_str': u'701477623101313024'}, u'timestamp_ms': u'1495854924528'}}
Sat 27 May 2017 11:15:45 API.py [line:222] ERROR 400 statuses/filter text {u'delete': {u'status': {u'user_id_str': u'364224436', u'user_id': 364224436, u'id': 856843225193226242L, u'id_str': u'856843225193226242'}, u'timestamp_ms': u'1495854898204'}}
Sat 27 May 2017 11:15:46 API.py [line:222] ERROR 400 statuses/filter text {u'delete': {u'status': {u'user_id_str': u'103088500', u'user_id': 103088500, u'id': 855922484713062400L, u'id_str': u'855922484713062400'}, u'timestamp_ms': u'1495854898326'}}
Sat 27 May 2017 11:15:46 API.py [line:222] ERROR 400 statuses/filter text {u'delete': {u'status': {u'user_id_str': u'103088500', u'user_id': 103088500, u'id': 855968000876392448L, u'id_str': u'855968000876392448'}, u'timestamp_ms': u'1495854898352'}}
Sat 27 May 2017 11:15:46 API.py [line:222] ERROR 400 statuses/filter text {u'delete': {u'status': {u'user_id_str': u'103088500', u'user_id': 103088500, u'id': 856332005801418753L, u'id_str': u'856332005801418753'}, u'timestamp_ms': u'1495854898412'}}
Sat 27 May 2017 11:15:50 API.py [line:222] ERROR 400 statuses/filter text {u'delete': {u'status': {u'user_id_str': u'17270575', u'user_id': 17270575, u'id': 700822953202737153L, u'id_str': u'700822953202737153'}, u'timestamp_ms': u'1495854933129'}}
Sat 27 May 2017 11:15:55 API.py [line:222] ERROR 400 statuses/filter text {u'delete': {u'status': {u'user_id_str': u'7140572', u'user_id': 7140572, u'id': 699696854439763970L, u'id_str': u'699696854439763970'}, u'timestamp_ms': u'1495854949766'}}
Sat 27 May 2017 11:16:03 API.py [line:222] ERROR 400 statuses/filter text {u'delete': {u'status': {u'user_id_str': u'520440119', u'user_id': 520440119, u'id': 736210602222292992L, u'id_str': u'736210602222292992'}, u'timestamp_ms': u'1495854910374'}}
Sat 27 May 2017 11:16:09 API.py [line:222] ERROR 400 statuses/filter text {u'delete': {u'status': {u'user_id_str': u'16984207', u'user_id': 16984207, u'id': 699871961766346753L, u'id_str': u'699871961766346753'}, u'timestamp_ms': u'1495854945698'}}
Sat 27 May 2017 11:16:09 API.py [line:222] ERROR 400 statuses/filter text {u'delete': {u'status': {u'user_id_str': u'20391779', u'user_id': 20391779, u'id': 699722604949676032L, u'id_str': u'699722604949676032'}, u'timestamp_ms': u'1495854946949'}}
Sat 27 May 2017 11:16:09 API.py [line:222] ERROR 400 statuses/filter text {u'delete': {u'status': {u'user_id_str': u'16984207', u'user_id': 16984207, u'id': 699721481551507457L, u'id_str': u'699721481551507457'}, u'timestamp_ms': u'1495854947066'}}
Sat 27 May 2017 11:16:13 API.py [line:222] ERROR 400 statuses/filter text {u'delete': {u'status': {u'user_id_str': u'166301200', u'user_id': 166301200, u'id': 700821918245646336L, u'id_str': u'700821918245646336'}, u'timestamp_ms': u'1495854933124'}}
Sat 27 May 2017 11:16:16 API.py [line:222] ERROR 400 statuses/filter text {u'delete': {u'status': {u'user_id_str': u'216096091', u'user_id': 216096091, u'id': 701024623090073600L, u'id_str': u'701024623090073600'}, u'timestamp_ms': u'1495854935669'}}
Sat 27 May 2017 11:16:18 API.py [line:222] ERROR 400 statuses/filter text {u'delete': {u'status': {u'user_id_str': u'47578715', u'user_id': 47578715, u'id': 868302927642984448L, u'id_str': u'868302927642984448'}, u'timestamp_ms': u'1495854922979'}}
Sat 27 May 2017 11:16:19 API.py [line:222] ERROR 400 statuses/filter text {u'delete': {u'status': {u'user_id_str': u'520440119', u'user_id': 520440119, u'id': 701337149573091328L, u'id_str': u'701337149573091328'}, u'timestamp_ms': u'1495854927094'}}
Sat 27 May 2017 11:16:21 API.py [line:222] ERROR 400 statuses/filter text {u'delete': {u'status': {u'user_id_str': u'582893544', u'user_id': 582893544, u'id': 868299578398855168L, u'id_str': u'868299578398855168'}, u'timestamp_ms': u'1495854937846'}}
Sat 27 May 2017 11:16:21 API.py [line:222] ERROR 400 statuses/filter text {u'delete': {u'status': {u'user_id_str': u'582893544', u'user_id': 582893544, u'id': 868299579023802368L, u'id_str': u'868299579023802368'}, u'timestamp_ms': u'1495854937999'}}
Sat 27 May 2017 11:16:21 API.py [line:222] ERROR 400 statuses/filter text {u'delete': {u'status': {u'user_id_str': u'582893544', u'user_id': 582893544, u'id': 868299579636174848L, u'id_str': u'868299579636174848'}, u'timestamp_ms': u'1495854938070'}}
Sat 27 May 2017 11:16:38 API.py [line:222] ERROR 400 statuses/filter text {u'delete': {u'status': {u'user_id_str': u'49031126', u'user_id': 49031126, u'id': 699556080070819841L, u'id_str': u'699556080070819841'}, u'timestamp_ms': u'1495854953700'}}
Sat 27 May 2017 11:16:48 API.py [line:222] ERROR 400 statuses/filter text {u'delete': {u'status': {u'user_id_str': u'313243142', u'user_id': 313243142, u'id': 699927581806604289L, u'id_str': u'699927581806604289'}, u'timestamp_ms': u'1495854944457'}}
Sat 27 May 2017 11:17:37 API.py [line:222] ERROR 400 statuses/filter text {u'delete': {u'status': {u'user_id_str': u'523550428', u'user_id': 523550428, u'id': 868292761233100800L, u'id_str': u'868292761233100800'}, u'timestamp_ms': u'1495855013579'}}
Sat 27 May 2017 11:17:44 API.py [line:222] ERROR 400 statuses/filter text {u'delete': {u'status': {u'user_id_str': u'555370896', u'user_id': 555370896, u'id': 868226999608893440L, u'id_str': u'868226999608893440'}, u'timestamp_ms': u'1495855058554'}}
Sat 27 May 2017 11:17:48 API.py [line:222] ERROR 400 statuses/filter text {u'delete': {u'status': {u'user_id_str': u'152619765', u'user_id': 152619765, u'id': 868297882499264512L, u'id_str': u'868297882499264512'}, u'timestamp_ms': u'1495855064589'}}
Sat 27 May 2017 11:17:55 API.py [line:222] ERROR 400 statuses/filter text {u'delete': {u'status': {u'user_id_str': u'555370896', u'user_id': 555370896, u'id': 868225815829467136L, u'id_str': u'868225815829467136'}, u'timestamp_ms': u'1495855070895'}}
Sat 27 May 2017 11:18:01 API.py [line:222] ERROR 400 statuses/filter text {u'delete': {u'status': {u'user_id_str': u'555370896', u'user_id': 555370896, u'id': 868225484366249984L, u'id_str': u'868225484366249984'}, u'timestamp_ms': u'1495855078003'}}
Sat 27 May 2017 11:18:56 API.py [line:222] ERROR 400 statuses/filter text {u'delete': {u'status': {u'user_id_str': u'5709522', u'user_id': 5709522, u'id': 868305133461000192L, u'id_str': u'868305133461000192'}, u'timestamp_ms': u'1495855055826'}}
Sat 27 May 2017 11:19:34 API.py [line:222] ERROR 400 statuses/filter text {u'delete': {u'status': {u'user_id_str': u'2918587456', u'user_id': 2918587456L, u'id': 868281852133609473L, u'id_str': u'868281852133609473'}, u'timestamp_ms': u'1495855171360'}}
Sat 27 May 2017 11:20:23 API.py [line:222] ERROR 400 statuses/filter text {u'delete': {u'status': {u'user_id_str': u'24741334', u'user_id': 24741334, u'id': 868305532259627008L, u'id_str': u'868305532259627008'}, u'timestamp_ms': u'1495855220344'}}
Sat 27 May 2017 11:20:37 TwitterError.py [line:22] WARNING 400 statuses/filter text HTTPSConnectionPool(host='stream.twitter.com', port=443): Read timed out.
Sat 27 May 2017 11:20:41 API.py [line:222] ERROR 400 statuses/filter text {u'delete': {u'status': {u'user_id_str': u'456636692', u'user_id': 456636692, u'id': 859523159611109379L, u'id_str': u'859523159611109379'}, u'timestamp_ms': u'1495855237785'}}
Sat 27 May 2017 11:21:05 TwitterError.py [line:22] WARNING 400 statuses/filter text HTTPSConnectionPool(host='stream.twitter.com', port=443): Read timed out.
Sat 27 May 2017 11:21:33 API.py [line:222] ERROR 400 statuses/filter text {u'delete': {u'status': {u'user_id_str': u'580411725', u'user_id': 580411725, u'id': 868306106346614784L, u'id_str': u'868306106346614784'}, u'timestamp_ms': u'1495855286319'}}
Sat 27 May 2017 11:21:37 API.py [line:222] ERROR 400 statuses/filter text {u'delete': {u'status': {u'user_id_str': u'102846283', u'user_id': 102846283, u'id': 868305693308108801L, u'id_str': u'868305693308108801'}, u'timestamp_ms': u'1495855291084'}}
Sat 27 May 2017 11:22:00 API.py [line:222] ERROR 400 statuses/filter text {u'delete': {u'status': {u'user_id_str': u'2436389418', u'user_id': 2436389418L, u'id': 868298031057301504L, u'id_str': u'868298031057301504'}, u'timestamp_ms': u'1495855317096'}}
Sat 27 May 2017 11:22:08 API.py [line:222] ERROR 400 statuses/filter text {u'delete': {u'status': {u'user_id_str': u'911706234', u'user_id': 911706234, u'id': 868302590932652032L, u'id_str': u'868302590932652032'}, u'timestamp_ms': u'1495855324809'}}
Sat 27 May 2017 11:22:11 API.py [line:222] ERROR 400 statuses/filter text {u'delete': {u'status': {u'user_id_str': u'2436389418', u'user_id': 2436389418L, u'id': 868296716117831680L, u'id_str': u'868296716117831680'}, u'timestamp_ms': u'1495855326787'}}
Sat 27 May 2017 11:23:09 API.py [line:222] ERROR 400 statuses/filter text {u'delete': {u'status': {u'user_id_str': u'92235951', u'user_id': 92235951, u'id': 868294683335774208L, u'id_str': u'868294683335774208'}, u'timestamp_ms': u'1495855385833'}}
Sat 27 May 2017 11:23:53 API.py [line:222] ERROR 400 statuses/filter text {u'delete': {u'status': {u'user_id_str': u'92235951', u'user_id': 92235951, u'id': 868294577173798912L, u'id_str': u'868294577173798912'}, u'timestamp_ms': u'1495855428285'}}
Sat 27 May 2017 11:24:00 API.py [line:222] ERROR 400 statuses/filter text {u'delete': {u'status': {u'user_id_str': u'2500838272', u'user_id': 2500838272L, u'id': 868303943037857792L, u'id_str': u'868303943037857792'}, u'timestamp_ms': u'1495855424759'}}
Sat 27 May 2017 11:24:00 API.py [line:222] ERROR 400 statuses/filter text {u'delete': {u'status': {u'user_id_str': u'2500838272', u'user_id': 2500838272L, u'id': 868302715075547136L, u'id_str': u'868302715075547136'}, u'timestamp_ms': u'1495855425051'}}
Sat 27 May 2017 11:24:01 API.py [line:222] ERROR 400 statuses/filter text {u'delete': {u'status': {u'user_id_str': u'2500838272', u'user_id': 2500838272L, u'id': 868303777186689024L, u'id_str': u'868303777186689024'}, u'timestamp_ms': u'1495855425292'}}
Sat 27 May 2017 11:24:01 API.py [line:222] ERROR 400 statuses/filter text {u'delete': {u'status': {u'user_id_str': u'2500838272', u'user_id': 2500838272L, u'id': 868305167640297472L, u'id_str': u'868305167640297472'}, u'timestamp_ms': u'1495855425524'}}
Sat 27 May 2017 11:24:02 API.py [line:222] ERROR 400 statuses/filter text {u'delete': {u'status': {u'user_id_str': u'2500838272', u'user_id': 2500838272L, u'id': 868302763637170176L, u'id_str': u'868302763637170176'}, u'timestamp_ms': u'1495855425754'}}
Sat 27 May 2017 11:24:02 API.py [line:222] ERROR 400 statuses/filter text {u'delete': {u'status': {u'user_id_str': u'2500838272', u'user_id': 2500838272L, u'id': 868302824760778752L, u'id_str': u'868302824760778752'}, u'timestamp_ms': u'1495855426078'}}
Sat 27 May 2017 11:25:09 API.py [line:222] ERROR 400 statuses/filter text {u'delete': {u'status': {u'user_id_str': u'316752833', u'user_id': 316752833, u'id': 867961149089734656L, u'id_str': u'867961149089734656'}, u'timestamp_ms': u'1495855499979'}}
Sat 27 May 2017 11:25:53 API.py [line:222] ERROR 400 statuses/filter text {u'delete': {u'status': {u'user_id_str': u'316752833', u'user_id': 316752833, u'id': 860173461661995009L, u'id_str': u'860173461661995009'}, u'timestamp_ms': u'1495855548961'}}
Sat 27 May 2017 11:25:54 API.py [line:222] ERROR 400 statuses/filter text {u'delete': {u'status': {u'user_id_str': u'84083187', u'user_id': 84083187, u'id': 846102744192704512L, u'id_str': u'846102744192704512'}, u'timestamp_ms': u'1495855550898'}}
Sat 27 May 2017 11:26:10 API.py [line:222] ERROR 400 statuses/filter text {u'delete': {u'status': {u'user_id_str': u'2597498814', u'user_id': 2597498814L, u'id': 868302371528388608L, u'id_str': u'868302371528388608'}, u'timestamp_ms': u'1495855559323'}}
Sat 27 May 2017 11:26:10 API.py [line:222] ERROR 400 statuses/filter text {u'delete': {u'status': {u'user_id_str': u'2597498814', u'user_id': 2597498814L, u'id': 868302368714113025L, u'id_str': u'868302368714113025'}, u'timestamp_ms': u'1495855559558'}}
Sat 27 May 2017 11:26:11 API.py [line:222] ERROR 400 statuses/filter text {u'delete': {u'status': {u'user_id_str': u'2597498814', u'user_id': 2597498814L, u'id': 868302365996204034L, u'id_str': u'868302365996204034'}, u'timestamp_ms': u'1495855560256'}}
Sat 27 May 2017 11:26:16 API.py [line:222] ERROR 400 statuses/filter text {u'delete': {u'status': {u'user_id_str': u'92235951', u'user_id': 92235951, u'id': 868294455765475329L, u'id_str': u'868294455765475329'}, u'timestamp_ms': u'1495855573574'}}
Sat 27 May 2017 11:26:25 API.py [line:222] ERROR 400 statuses/filter text {u'delete': {u'status': {u'user_id_str': u'19237409', u'user_id': 19237409, u'id': 868307240981209088L, u'id_str': u'868307240981209088'}, u'timestamp_ms': u'1495855578195'}}
Sat 27 May 2017 11:26:58 API.py [line:222] ERROR 400 statuses/filter text {u'delete': {u'status': {u'user_id_str': u'2423936977', u'user_id': 2423936977L, u'id': 801561792703037440L, u'id_str': u'801561792703037440'}, u'timestamp_ms': u'1495855614388'}}
Sat 27 May 2017 11:26:58 API.py [line:222] ERROR 400 statuses/filter text {u'delete': {u'status': {u'user_id_str': u'2423936977', u'user_id': 2423936977L, u'id': 801561719680225287L, u'id_str': u'801561719680225287'}, u'timestamp_ms': u'1495855614401'}}
Sat 27 May 2017 11:26:58 API.py [line:222] ERROR 400 statuses/filter text {u'delete': {u'status': {u'user_id_str': u'2423936977', u'user_id': 2423936977L, u'id': 801480978988408833L, u'id_str': u'801480978988408833'}, u'timestamp_ms': u'1495855614413'}}
Sat 27 May 2017 11:26:59 API.py [line:222] ERROR 400 statuses/filter text {u'delete': {u'status': {u'user_id_str': u'2423936977', u'user_id': 2423936977L, u'id': 801561818632192000L, u'id_str': u'801561818632192000'}, u'timestamp_ms': u'1495855614418'}}
Sat 27 May 2017 11:26:59 API.py [line:222] ERROR 400 statuses/filter text {u'delete': {u'status': {u'user_id_str': u'2423936977', u'user_id': 2423936977L, u'id': 801417422473457664L, u'id_str': u'801417422473457664'}, u'timestamp_ms': u'1495855614414'}}
Sat 27 May 2017 11:26:59 API.py [line:222] ERROR 400 statuses/filter text {u'delete': {u'status': {u'user_id_str': u'2423936977', u'user_id': 2423936977L, u'id': 801442482823319552L, u'id_str': u'801442482823319552'}, u'timestamp_ms': u'1495855614432'}}
Sat 27 May 2017 11:26:59 API.py [line:222] ERROR 400 statuses/filter text {u'delete': {u'status': {u'user_id_str': u'2423936977', u'user_id': 2423936977L, u'id': 801070309604556800L, u'id_str': u'801070309604556800'}, u'timestamp_ms': u'1495855614470'}}
Sat 27 May 2017 11:26:59 API.py [line:222] ERROR 400 statuses/filter text {u'delete': {u'status': {u'user_id_str': u'2423936977', u'user_id': 2423936977L, u'id': 801129312372084737L, u'id_str': u'801129312372084737'}, u'timestamp_ms': u'1495855614478'}}
Sat 27 May 2017 11:26:59 API.py [line:222] ERROR 400 statuses/filter text {u'delete': {u'status': {u'user_id_str': u'2423936977', u'user_id': 2423936977L, u'id': 801481003931942912L, u'id_str': u'801481003931942912'}, u'timestamp_ms': u'1495855614450'}}
Sat 27 May 2017 11:26:59 API.py [line:222] ERROR 400 statuses/filter text {u'delete': {u'status': {u'user_id_str': u'2423936977', u'user_id': 2423936977L, u'id': 800973218416836608L, u'id_str': u'800973218416836608'}, u'timestamp_ms': u'1495855614475'}}
Sat 27 May 2017 11:26:59 API.py [line:222] ERROR 400 statuses/filter text {u'delete': {u'status': {u'user_id_str': u'2423936977', u'user_id': 2423936977L, u'id': 801443333818224640L, u'id_str': u'801443333818224640'}, u'timestamp_ms': u'1495855614420'}}
Sat 27 May 2017 11:26:59 API.py [line:222] ERROR 400 statuses/filter text {u'delete': {u'status': {u'user_id_str': u'2423936977', u'user_id': 2423936977L, u'id': 800960887041323009L, u'id_str': u'800960887041323009'}, u'timestamp_ms': u'1495855614520'}}
Sat 27 May 2017 11:26:59 API.py [line:222] ERROR 400 statuses/filter text {u'delete': {u'status': {u'user_id_str': u'2423936977', u'user_id': 2423936977L, u'id': 800960909392904192L, u'id_str': u'800960909392904192'}, u'timestamp_ms': u'1495855614486'}}
Sat 27 May 2017 11:26:59 API.py [line:222] ERROR 400 statuses/filter text {u'delete': {u'status': {u'user_id_str': u'2423936977', u'user_id': 2423936977L, u'id': 801195027867246592L, u'id_str': u'801195027867246592'}, u'timestamp_ms': u'1495855614443'}}
Sat 27 May 2017 11:26:59 API.py [line:222] ERROR 400 statuses/filter text {u'delete': {u'status': {u'user_id_str': u'2423936977', u'user_id': 2423936977L, u'id': 801129267438505989L, u'id_str': u'801129267438505989'}, u'timestamp_ms': u'1495855614491'}}
Sat 27 May 2017 11:26:59 API.py [line:222] ERROR 400 statuses/filter text {u'delete': {u'status': {u'user_id_str': u'2423936977', u'user_id': 2423936977L, u'id': 801442905932132352L, u'id_str': u'801442905932132352'}, u'timestamp_ms': u'1495855614461'}}
Sat 27 May 2017 11:27:19 API.py [line:222] ERROR 400 statuses/filter text {u'delete': {u'status': {u'user_id_str': u'15135567', u'user_id': 15135567, u'id': 868307485907615744L, u'id_str': u'868307485907615744'}, u'timestamp_ms': u'1495855633251'}}
Sat 27 May 2017 11:27:48 API.py [line:222] ERROR 400 statuses/filter text {u'delete': {u'status': {u'user_id_str': u'92235951', u'user_id': 92235951, u'id': 868293884194979840L, u'id_str': u'868293884194979840'}, u'timestamp_ms': u'1495855663689'}}
Sat 27 May 2017 11:28:05 API.py [line:222] ERROR 400 statuses/filter text {u'delete': {u'status': {u'user_id_str': u'178822676', u'user_id': 178822676, u'id': 834473914227105793L, u'id_str': u'834473914227105793'}, u'timestamp_ms': u'1495855674585'}}
Sat 27 May 2017 11:28:05 API.py [line:222] ERROR 400 statuses/filter text {u'delete': {u'status': {u'user_id_str': u'178822676', u'user_id': 178822676, u'id': 834362886160052224L, u'id_str': u'834362886160052224'}, u'timestamp_ms': u'1495855674587'}}
Sat 27 May 2017 11:28:05 API.py [line:222] ERROR 400 statuses/filter text {u'delete': {u'status': {u'user_id_str': u'178822676', u'user_id': 178822676, u'id': 834363376096653312L, u'id_str': u'834363376096653312'}, u'timestamp_ms': u'1495855674615'}}
Sat 27 May 2017 11:28:05 API.py [line:222] ERROR 400 statuses/filter text {u'delete': {u'status': {u'user_id_str': u'178822676', u'user_id': 178822676, u'id': 834374409540530176L, u'id_str': u'834374409540530176'}, u'timestamp_ms': u'1495855674624'}}
Sat 27 May 2017 11:28:05 API.py [line:222] ERROR 400 statuses/filter text {u'delete': {u'status': {u'user_id_str': u'178822676', u'user_id': 178822676, u'id': 834042510972448768L, u'id_str': u'834042510972448768'}, u'timestamp_ms': u'1495855674651'}}
Sat 27 May 2017 11:28:05 API.py [line:222] ERROR 400 statuses/filter text {u'delete': {u'status': {u'user_id_str': u'178822676', u'user_id': 178822676, u'id': 834145098422165505L, u'id_str': u'834145098422165505'}, u'timestamp_ms': u'1495855674629'}}
Sat 27 May 2017 11:28:05 API.py [line:222] ERROR 400 statuses/filter text {u'delete': {u'status': {u'user_id_str': u'178822676', u'user_id': 178822676, u'id': 834100004537167875L, u'id_str': u'834100004537167875'}, u'timestamp_ms': u'1495855674637'}}
Sat 27 May 2017 11:28:05 API.py [line:222] ERROR 400 statuses/filter text {u'delete': {u'status': {u'user_id_str': u'178822676', u'user_id': 178822676, u'id': 834037058251390976L, u'id_str': u'834037058251390976'}, u'timestamp_ms': u'1495855674643'}}
Sat 27 May 2017 11:28:05 API.py [line:222] ERROR 400 statuses/filter text {u'delete': {u'status': {u'user_id_str': u'178822676', u'user_id': 178822676, u'id': 834362946096623617L, u'id_str': u'834362946096623617'}, u'timestamp_ms': u'1495855674694'}}
Sat 27 May 2017 11:28:05 API.py [line:222] ERROR 400 statuses/filter text {u'delete': {u'status': {u'user_id_str': u'178822676', u'user_id': 178822676, u'id': 834145966349438976L, u'id_str': u'834145966349438976'}, u'timestamp_ms': u'1495855674663'}}
Sat 27 May 2017 11:28:05 API.py [line:222] ERROR 400 statuses/filter text {u'delete': {u'status': {u'user_id_str': u'178822676', u'user_id': 178822676, u'id': 834449018193317888L, u'id_str': u'834449018193317888'}, u'timestamp_ms': u'1495855674664'}}
Sat 27 May 2017 11:28:05 API.py [line:222] ERROR 400 statuses/filter text {u'delete': {u'status': {u'user_id_str': u'178822676', u'user_id': 178822676, u'id': 834342371101962241L, u'id_str': u'834342371101962241'}, u'timestamp_ms': u'1495855674724'}}
Sat 27 May 2017 11:28:05 API.py [line:222] ERROR 400 statuses/filter text {u'delete': {u'status': {u'user_id_str': u'178822676', u'user_id': 178822676, u'id': 834448892469063681L, u'id_str': u'834448892469063681'}, u'timestamp_ms': u'1495855674689'}}
Sat 27 May 2017 11:28:05 API.py [line:222] ERROR 400 statuses/filter text {u'delete': {u'status': {u'user_id_str': u'178822676', u'user_id': 178822676, u'id': 833737014348541952L, u'id_str': u'833737014348541952'}, u'timestamp_ms': u'1495855674680'}}
Sat 27 May 2017 11:28:06 API.py [line:222] ERROR 400 statuses/filter text {u'delete': {u'status': {u'user_id_str': u'178822676', u'user_id': 178822676, u'id': 833737400979423232L, u'id_str': u'833737400979423232'}, u'timestamp_ms': u'1495855674819'}}
Sat 27 May 2017 11:28:16 API.py [line:222] ERROR 400 statuses/filter text {u'delete': {u'status': {u'user_id_str': u'4705502727', u'user_id': 4705502727L, u'id': 833992011036377092L, u'id_str': u'833992011036377092'}, u'timestamp_ms': u'1495855690645'}}
Sat 27 May 2017 11:28:29 API.py [line:222] ERROR 400 statuses/filter text {u'delete': {u'status': {u'user_id_str': u'2463688243', u'user_id': 2463688243L, u'id': 868307842633052160L, u'id_str': u'868307842633052160'}, u'timestamp_ms': u'1495855706251'}}
Sat 27 May 2017 11:28:47 API.py [line:222] ERROR 400 statuses/filter text {u'delete': {u'status': {u'user_id_str': u'4705502727', u'user_id': 4705502727L, u'id': 781761792909385728L, u'id_str': u'781761792909385728'}, u'timestamp_ms': u'1495855723538'}}
Sat 27 May 2017 11:30:54 API.py [line:222] ERROR 400 statuses/filter text {u'delete': {u'status': {u'user_id_str': u'92235951', u'user_id': 92235951, u'id': 868293091295363072L, u'id_str': u'868293091295363072'}, u'timestamp_ms': u'1495855851283'}}
Sat 27 May 2017 11:31:34 TwitterError.py [line:22] WARNING 400 statuses/filter text HTTPSConnectionPool(host='stream.twitter.com', port=443): Read timed out.
Sat 27 May 2017 11:31:34 TwitterError.py [line:22] WARNING 400 statuses/filter text HTTPSConnectionPool(host='stream.twitter.com', port=443): Read timed out.
Sat 27 May 2017 11:34:16 TwitterError.py [line:22] WARNING 400 statuses/filter text HTTPSConnectionPool(host='stream.twitter.com', port=443): Read timed out.
Sat 27 May 2017 11:34:16 TwitterError.py [line:22] WARNING 400 statuses/filter text HTTPSConnectionPool(host='stream.twitter.com', port=443): Read timed out.
Sat 27 May 2017 11:34:16 API.py [line:533] INFO 200 statuses/filter text finish
